Traceback (most recent call last):
  File "server.py", line 68, in <module>
    if(sys.argv[1]=='test'):
IndexError: list index out of range
Segmentation fault (core dumped)
Segmentation fault (core dumped)
Segmentation fault (core dumped)
Segmentation fault (core dumped)
Segmentation fault (core dumped)
Segmentation fault (core dumped)
Segmentation fault (core dumped)
Segmentation fault (core dumped)
Segmentation fault (core dumped)
Segmentation fault (core dumped)
------------------------
Running on port 15000
Error in sys.excepthook:
Traceback (most recent call last):
  File "/usr/lib/python2.7/dist-packages/apport_python_hook.py", line 54, in apport_excepthook
    if not enabled():
TypeError: 'NoneType' object is not callable

Original exception was:
Traceback (most recent call last):
  File "/tmp/6ab3a69ba8caa6851763", line 11, in <module>
    print([(x)for(i)in(zip(vars())[7])for(x)in(locals()[i])])
TypeError: 'NoneType' object is not iterable
Segmentation fault (core dumped)
------------------------
Running on port 12000
Segmentation fault (core dumped)
Error in sys.excepthook:
Traceback (most recent call last):
  File "/usr/lib/python2.7/dist-packages/apport_python_hook.py", line 54, in apport_excepthook
    if not enabled():
TypeError: 'NoneType' object is not callable

Original exception was:
Traceback (most recent call last):
  File "/tmp/05ee75aee16ec25d3bfd", line 11, in <module>
    print(eval(a))
NameError: name 'a' is not defined
Segmentation fault (core dumped)
Error in sys.excepthook:
Traceback (most recent call last):
  File "/usr/lib/python2.7/dist-packages/apport_python_hook.py", line 54, in apport_excepthook
    if not enabled():
TypeError: 'NoneType' object is not callable

Original exception was:
Traceback (most recent call last):
  File "/tmp/eff2dbb12a9a314cfd10", line 11, in <module>
    print(eval())
TypeError: 'NoneType' object is not callable
Segmentation fault (core dumped)
Error in sys.excepthook:
Traceback (most recent call last):
  File "/usr/lib/python2.7/dist-packages/apport_python_hook.py", line 54, in apport_excepthook
    if not enabled():
TypeError: 'NoneType' object is not callable

Original exception was:
Traceback (most recent call last):
  File "/tmp/18d7b4a242749633494f", line 11, in <module>
    print(eval(f))
NameError: name 'f' is not defined
Segmentation fault (core dumped)
Segmentation fault (core dumped)
Segmentation fault (core dumped)
  File "/tmp/64b950f2bdc84846ca08", line 12
    
                ^
SyntaxError: invalid syntax
Error in sys.excepthook:
Traceback (most recent call last):
  File "/usr/lib/python2.7/dist-packages/apport_python_hook.py", line 54, in apport_excepthook
    if not enabled():
TypeError: 'NoneType' object is not callable

Original exception was:
Traceback (most recent call last):
  File "/tmp/9c0955ac665977b405ed", line 11, in <module>
    print(eval(input()))
TypeError: 'NoneType' object is not callable
Segmentation fault (core dumped)
  File "/tmp/ac5c91c05325e3ecc0d8", line 12
    
                 ^
SyntaxError: invalid syntax
  File "/tmp/d616b8de311c2c65513e", line 12
    
                  ^
SyntaxError: invalid syntax
Error in sys.excepthook:
Traceback (most recent call last):
  File "/usr/lib/python2.7/dist-packages/apport_python_hook.py", line 54, in apport_excepthook
    if not enabled():
TypeError: 'NoneType' object is not callable

Original exception was:
Traceback (most recent call last):
  File "/tmp/441f1c03ed651be7b7d9", line 11, in <module>
    print(eval(1))
TypeError: 'NoneType' object is not callable
Segmentation fault (core dumped)
Error in sys.excepthook:
Traceback (most recent call last):
  File "/usr/lib/python2.7/dist-packages/apport_python_hook.py", line 54, in apport_excepthook
    if not enabled():
TypeError: 'NoneType' object is not callable

Original exception was:
Traceback (most recent call last):
  File "/tmp/007651ef5ad5016980cf", line 11, in <module>
    print(eval(1))
TypeError: 'NoneType' object is not callable
Segmentation fault (core dumped)
Segmentation fault (core dumped)
Segmentation fault (core dumped)
  File "/tmp/7b69a97dd9a19d8a1606", line 11
    print(eval))
               ^
SyntaxError: invalid syntax
Error in sys.excepthook:
Traceback (most recent call last):
  File "/usr/lib/python2.7/dist-packages/apport_python_hook.py", line 54, in apport_excepthook
    if not enabled():
TypeError: 'NoneType' object is not callable

Original exception was:
Traceback (most recent call last):
  File "/tmp/c005e0ffc6db93ddab30", line 11, in <module>
    print(eval(input(1)))
TypeError: 'NoneType' object is not callable
Segmentation fault (core dumped)
Error in sys.excepthook:
Traceback (most recent call last):
  File "/usr/lib/python2.7/dist-packages/apport_python_hook.py", line 54, in apport_excepthook
    if not enabled():
TypeError: 'NoneType' object is not callable

Original exception was:
Traceback (most recent call last):
  File "/tmp/8ed07be338ad9abb3551", line 11, in <module>
    print(eval)()
TypeError: 'NoneType' object is not callable
Segmentation fault (core dumped)
Segmentation fault (core dumped)
Segmentation fault (core dumped)
Segmentation fault (core dumped)
Error in sys.excepthook:
Traceback (most recent call last):
  File "/usr/lib/python2.7/dist-packages/apport_python_hook.py", line 54, in apport_excepthook
    if not enabled():
TypeError: 'NoneType' object is not callable

Original exception was:
Traceback (most recent call last):
  File "/tmp/4985a9b46f2433fd4c3b", line 11, in <module>
    print(eval(1))
TypeError: 'NoneType' object is not callable
Segmentation fault (core dumped)
Segmentation fault (core dumped)
Segmentation fault (core dumped)
Error in sys.excepthook:
Traceback (most recent call last):
  File "/usr/lib/python2.7/dist-packages/apport_python_hook.py", line 54, in apport_excepthook
    if not enabled():
TypeError: 'NoneType' object is not callable

Original exception was:
Traceback (most recent call last):
  File "/tmp/871bf86333c0b3c15076", line 11, in <module>
    print(eval(input(execfile(flag))))
NameError: name 'flag' is not defined
Segmentation fault (core dumped)
Segmentation fault (core dumped)
Segmentation fault (core dumped)
Segmentation fault (core dumped)
Segmentation fault (core dumped)
Error in sys.excepthook:
Traceback (most recent call last):
  File "/usr/lib/python2.7/dist-packages/apport_python_hook.py", line 54, in apport_excepthook
    if not enabled():
TypeError: 'NoneType' object is not callable

Original exception was:
Traceback (most recent call last):
  File "/tmp/4b019bb7b05fe191618e", line 11, in <module>
    print(eval(12))
TypeError: 'NoneType' object is not callable
Segmentation fault (core dumped)
Segmentation fault (core dumped)
Error in sys.excepthook:
Traceback (most recent call last):
  File "/usr/lib/python2.7/dist-packages/apport_python_hook.py", line 54, in apport_excepthook
    if not enabled():
TypeError: 'NoneType' object is not callable

Original exception was:
Traceback (most recent call last):
  File "/tmp/9e9ed30f2d03ec2f5f59", line 11, in <module>
    print(abc)
NameError: name 'abc' is not defined
Segmentation fault (core dumped)
Segmentation fault (core dumped)
Segmentation fault (core dumped)
Segmentation fault (core dumped)
Error in sys.excepthook:
Traceback (most recent call last):
  File "/usr/lib/python2.7/dist-packages/apport_python_hook.py", line 54, in apport_excepthook
    if not enabled():
TypeError: 'NoneType' object is not callable

Original exception was:
Traceback (most recent call last):
  File "/tmp/8ce3ce05bf8578979c92", line 11, in <module>
    print(dir(123))
TypeError: 'NoneType' object is not callable
Segmentation fault (core dumped)
Error in sys.excepthook:
Traceback (most recent call last):
  File "/usr/lib/python2.7/dist-packages/apport_python_hook.py", line 54, in apport_excepthook
    if not enabled():
TypeError: 'NoneType' object is not callable

Original exception was:
Traceback (most recent call last):
  File "/tmp/825ab80056c215990e51", line 11, in <module>
    print(dir((123)))
TypeError: 'NoneType' object is not callable
Segmentation fault (core dumped)
  File "/tmp/7eb544d01db8942392ed", line 11
    print(dir((123)class))
                       ^
SyntaxError: invalid syntax
Segmentation fault (core dumped)
Segmentation fault (core dumped)
Segmentation fault (core dumped)
Segmentation fault (core dumped)
Segmentation fault (core dumped)
Error in sys.excepthook:
Traceback (most recent call last):
  File "/usr/lib/python2.7/dist-packages/apport_python_hook.py", line 54, in apport_excepthook
    if not enabled():
TypeError: 'NoneType' object is not callable

Original exception was:
Traceback (most recent call last):
  File "/tmp/b9c058e4f234775ce107", line 11, in <module>
    print(locals()[0])
KeyError: 0
Segmentation fault (core dumped)
  File "/tmp/aace08161728c9718835", line 12
    
                                                             ^
SyntaxError: invalid syntax
Error in sys.excepthook:
Traceback (most recent call last):
  File "/usr/lib/python2.7/dist-packages/apport_python_hook.py", line 54, in apport_excepthook
    if not enabled():
TypeError: 'NoneType' object is not callable

Original exception was:
Traceback (most recent call last):
  File "/tmp/9424271c857f3eb6f0cb", line 11, in <module>
    print([(x)for(i)in(zip(vars())[7])for(x)in(locals()[i])])
TypeError: 'NoneType' object is not iterable
Segmentation fault (core dumped)
Segmentation fault (core dumped)
  File "/tmp/e3a93713ce75a2cffe76", line 12
    
                                                             ^
SyntaxError: invalid syntax
Segmentation fault (core dumped)
Segmentation fault (core dumped)
Segmentation fault (core dumped)
Segmentation fault (core dumped)
Segmentation fault (core dumped)
Segmentation fault (core dumped)
Error in sys.excepthook:
Traceback (most recent call last):
  File "/usr/lib/python2.7/dist-packages/apport_python_hook.py", line 54, in apport_excepthook
    if not enabled():
TypeError: 'NoneType' object is not callable

Original exception was:
Traceback (most recent call last):
  File "/tmp/0ba08880bebdf397e4e2", line 11, in <module>
    print(globals()[0])
KeyError: 0
Segmentation fault (core dumped)
Segmentation fault (core dumped)
  File "/tmp/6a6bf551c8be6bc6e95f", line 11
    print(code[(x)for(i)in(zip(locals())[7])for(x)in(locals()
                    ^
SyntaxError: invalid syntax
  File "/tmp/58c8441b37f6410bc62d", line 12
    
                                                             ^
SyntaxError: invalid syntax
Error in sys.excepthook:
Traceback (most recent call last):
  File "/usr/lib/python2.7/dist-packages/apport_python_hook.py", line 54, in apport_excepthook
    if not enabled():
TypeError: 'NoneType' object is not callable

Original exception was:
Traceback (most recent call last):
  File "/tmp/e30a721aa36b94a52d4a", line 11, in <module>
    print([(x)for(i)in(zip(vars())[7])for(x)in(locals()[i])])
TypeError: 'NoneType' object is not iterable
Segmentation fault (core dumped)
Segmentation fault (core dumped)
Segmentation fault (core dumped)
Segmentation fault (core dumped)
Segmentation fault (core dumped)
Traceback (most recent call last):
  File "server.py", line 85, in <module>
    if(sys.argv[1]=='test'):
IndexError: list index out of range
------------------------
Running on port 40002
Segmentation fault (core dumped)
  File "/tmp/b573d07a14accbca4af3", line 11
    print(list(locals()[list(locals())[8]))
                                         ^
SyntaxError: invalid syntax
Segmentation fault (core dumped)
Segmentation fault (core dumped)
Segmentation fault (core dumped)
Error in sys.excepthook:
Traceback (most recent call last):
  File "/usr/lib/python2.7/dist-packages/apport_python_hook.py", line 54, in apport_excepthook
    if not enabled():
TypeError: 'NoneType' object is not callable

Original exception was:
Traceback (most recent call last):
  File "/tmp/eb7072822919e001134b", line 11, in <module>
    I_N_P_U_T = (aaaaaaaaaaaaaaaaaaaaaaaaaaaaaaaaaaaaaaaaaa)
NameError: name 'aaaaaaaaaaaaaaaaaaaaaaaaaaaaaaaaaaaaaaaaaa' is not defined
Segmentation fault (core dumped)
Segmentation fault (core dumped)
Segmentation fault (core dumped)
Segmentation fault (core dumped)
Error in sys.excepthook:
Traceback (most recent call last):
  File "/usr/lib/python2.7/dist-packages/apport_python_hook.py", line 54, in apport_excepthook
    if not enabled():
TypeError: 'NoneType' object is not callable

Original exception was:
Traceback (most recent call last):
  File "/tmp/3d32e5d02dfaf0ec2e97", line 11, in <module>
    I_N_P_U_T = (ls)
NameError: name 'ls' is not defined
Segmentation fault (core dumped)
Error in sys.excepthook:
Traceback (most recent call last):
  File "/usr/lib/python2.7/dist-packages/apport_python_hook.py", line 54, in apport_excepthook
    if not enabled():
TypeError: 'NoneType' object is not callable

Original exception was:
Traceback (most recent call last):
  File "/tmp/39c21cd038907452ef1d", line 11, in <module>
    I_N_P_U_T = (ls)
NameError: name 'ls' is not defined
Segmentation fault (core dumped)
Error in sys.excepthook:
Traceback (most recent call last):
  File "/usr/lib/python2.7/dist-packages/apport_python_hook.py", line 54, in apport_excepthook
    if not enabled():
TypeError: 'NoneType' object is not callable

Original exception was:
Traceback (most recent call last):
  File "/tmp/7666f2b764e754903ed8", line 11, in <module>
    I_N_P_U_T = (wertyu)
NameError: name 'wertyu' is not defined
Segmentation fault (core dumped)
Segmentation fault (core dumped)
Error in sys.excepthook:
Traceback (most recent call last):
  File "/usr/lib/python2.7/dist-packages/apport_python_hook.py", line 54, in apport_excepthook
    if not enabled():
TypeError: 'NoneType' object is not callable

Original exception was:
Traceback (most recent call last):
  File "/tmp/54c78f37ae52e09d1ef1", line 11, in <module>
    I_N_P_U_T = (aaa)
NameError: name 'aaa' is not defined
Segmentation fault (core dumped)
Segmentation fault (core dumped)
Segmentation fault (core dumped)
Segmentation fault (core dumped)
Segmentation fault (core dumped)
Segmentation fault (core dumped)
Error in sys.excepthook:
Traceback (most recent call last):
  File "/usr/lib/python2.7/dist-packages/apport_python_hook.py", line 54, in apport_excepthook
    if not enabled():
TypeError: 'NoneType' object is not callable

Original exception was:
Traceback (most recent call last):
  File "/tmp/31a36da51177d2b38587", line 11, in <module>
    I_N_P_U_T = (a123456789)
NameError: name 'a123456789' is not defined
Segmentation fault (core dumped)
Segmentation fault (core dumped)
Segmentation fault (core dumped)
Segmentation fault (core dumped)
Segmentation fault (core dumped)
Error in sys.excepthook:
Traceback (most recent call last):
  File "/usr/lib/python2.7/dist-packages/apport_python_hook.py", line 54, in apport_excepthook
    if not enabled():
TypeError: 'NoneType' object is not callable

Original exception was:
Traceback (most recent call last):
  File "/tmp/afcadf3fd1d4466014c5", line 11, in <module>
    I_N_P_U_T = (abc)
NameError: name 'abc' is not defined
Segmentation fault (core dumped)
Segmentation fault (core dumped)
Segmentation fault (core dumped)
Segmentation fault (core dumped)
Error in sys.excepthook:
Traceback (most recent call last):
  File "/usr/lib/python2.7/dist-packages/apport_python_hook.py", line 54, in apport_excepthook
    if not enabled():
TypeError: 'NoneType' object is not callable

Original exception was:
Traceback (most recent call last):
  File "/tmp/306b5a6c510557da8dcb", line 11, in <module>
    I_N_P_U_T = (list(fds))
NameError: name 'fds' is not defined
Segmentation fault (core dumped)
Error in sys.excepthook:
Traceback (most recent call last):
  File "/usr/lib/python2.7/dist-packages/apport_python_hook.py", line 54, in apport_excepthook
    if not enabled():
TypeError: 'NoneType' object is not callable

Original exception was:
Traceback (most recent call last):
  File "/tmp/6183ec4d6a97334be598", line 11, in <module>
    I_N_P_U_T = (list(flag))
NameError: name 'flag' is not defined
Segmentation fault (core dumped)
Segmentation fault (core dumped)
  File "/tmp/bf2cbd3a8307cb7345ce", line 11
    I_N_P_U_T = (exec())
                    ^
SyntaxError: invalid syntax
Segmentation fault (core dumped)
Error in sys.excepthook:
Traceback (most recent call last):
  File "/usr/lib/python2.7/dist-packages/apport_python_hook.py", line 54, in apport_excepthook
    if not enabled():
TypeError: 'NoneType' object is not callable

Original exception was:
Traceback (most recent call last):
  File "/tmp/fae00913438fc507c452", line 11, in <module>
    I_N_P_U_T = (abcdefghiklmnoprstuvwxyz0987654321)
NameError: name 'abcdefghiklmnoprstuvwxyz0987654321' is not defined
Segmentation fault (core dumped)
Segmentation fault (core dumped)
Segmentation fault (core dumped)
  File "/tmp/437a159e27daadfb9bc2", line 11
    I_N_P_U_T = (123))
                     ^
SyntaxError: invalid syntax
  File "/tmp/a85cc89173ea5cf55c43", line 11
    I_N_P_U_T = (123)[1])
                        ^
SyntaxError: invalid syntax
Segmentation fault (core dumped)
Segmentation fault (core dumped)
  File "/tmp/972659fc04873c8143f0", line 11
    I_N_P_U_T = (eval))
                      ^
SyntaxError: invalid syntax
  File "/tmp/3d094493a785aa4c8bdd", line 11
    I_N_P_U_T = (eval))
                      ^
SyntaxError: invalid syntax
  File "/tmp/b534b76fb2c95b43cd88", line 11
    I_N_P_U_T = (list(locals()[list(locals())[8]))
                                                ^
SyntaxError: invalid syntax
Segmentation fault (core dumped)
Error in sys.excepthook:
Traceback (most recent call last):
  File "/usr/lib/python2.7/dist-packages/apport_python_hook.py", line 54, in apport_excepthook
    if not enabled():
TypeError: 'NoneType' object is not callable

Original exception was:
Traceback (most recent call last):
  File "/tmp/5fdc643cebc4dcdce4ad", line 11, in <module>
    I_N_P_U_T = (sdfsdf)
NameError: name 'sdfsdf' is not defined
Segmentation fault (core dumped)
Error in sys.excepthook:
Traceback (most recent call last):
  File "/usr/lib/python2.7/dist-packages/apport_python_hook.py", line 54, in apport_excepthook
    if not enabled():
TypeError: 'NoneType' object is not callable

Original exception was:
Traceback (most recent call last):
  File "/tmp/21387823878fb6dc36a7", line 11, in <module>
    I_N_P_U_T = (sdfsdf)
NameError: name 'sdfsdf' is not defined
Segmentation fault (core dumped)
Segmentation fault (core dumped)
Segmentation fault (core dumped)
Segmentation fault (core dumped)
  File "/tmp/1111118ef48ed6c451b4", line 11
    I_N_P_U_T = (0x)
                  ^
SyntaxError: invalid token
  File "/tmp/cc417133db6759d08a24", line 11
    I_N_P_U_T = (0x)
                  ^
SyntaxError: invalid token
Segmentation fault (core dumped)
  File "/tmp/06f8330868abcf69c7a9", line 11
    I_N_P_U_T = (list()))
                        ^
SyntaxError: invalid syntax
  File "/tmp/fc06938e1570709ad411", line 11
    I_N_P_U_T = (list(peter)))
                             ^
SyntaxError: invalid syntax
  File "/tmp/d90cf336a48262bd3370", line 11
    I_N_P_U_T = (list(peter)))
                             ^
SyntaxError: invalid syntax
  File "/tmp/8dbf0b9bf74daa83f592", line 11
    I_N_P_U_T = (list(input)))
                             ^
SyntaxError: invalid syntax
  File "/tmp/657858b94b30f91d199e", line 11
    I_N_P_U_T = (11))
                    ^
SyntaxError: invalid syntax
Error in sys.excepthook:
Traceback (most recent call last):
  File "/usr/lib/python2.7/dist-packages/apport_python_hook.py", line 54, in apport_excepthook
    if not enabled():
TypeError: 'NoneType' object is not callable

Original exception was:
Traceback (most recent call last):
  File "/tmp/792cbdca40f9d2dbb4a0", line 11, in <module>
    I_N_P_U_T = (poa)
NameError: name 'poa' is not defined
Segmentation fault (core dumped)
Error in sys.excepthook:
Traceback (most recent call last):
  File "/usr/lib/python2.7/dist-packages/apport_python_hook.py", line 54, in apport_excepthook
    if not enabled():
TypeError: 'NoneType' object is not callable

Original exception was:
Traceback (most recent call last):
  File "/tmp/a3d9cf3a2d9392d461b8", line 11, in <module>
    I_N_P_U_T = (poa)
NameError: name 'poa' is not defined
Segmentation fault (core dumped)
  File "/tmp/1e05a3d9a45c8b8d8f67", line 11
    I_N_P_U_T = (file))
                      ^
SyntaxError: invalid syntax
Segmentation fault (core dumped)
Segmentation fault (core dumped)
Error in sys.excepthook:
Traceback (most recent call last):
  File "/usr/lib/python2.7/dist-packages/apport_python_hook.py", line 54, in apport_excepthook
    if not enabled():
TypeError: 'NoneType' object is not callable

Original exception was:
Traceback (most recent call last):
  File "/tmp/371e146acba9b21379da", line 11, in <module>
    I_N_P_U_T = (rawinput())
NameError: name 'rawinput' is not defined
Segmentation fault (core dumped)
Segmentation fault (core dumped)
Segmentation fault (core dumped)
Error in sys.excepthook:
Traceback (most recent call last):
  File "/usr/lib/python2.7/dist-packages/apport_python_hook.py", line 54, in apport_excepthook
    if not enabled():
TypeError: 'NoneType' object is not callable

Original exception was:
Traceback (most recent call last):
  File "/tmp/dac83e29a57dc697a720", line 11, in <module>
    I_N_P_U_T = ((rue))
NameError: name 'rue' is not defined
Segmentation fault (core dumped)
  File "/tmp/1ceb240a6e9402b04c5f", line 11
    I_N_P_U_T = ([1]or)
                      ^
SyntaxError: invalid syntax
Segmentation fault (core dumped)
Error in sys.excepthook:
Traceback (most recent call last):
  File "/usr/lib/python2.7/dist-packages/apport_python_hook.py", line 54, in apport_excepthook
    if not enabled():
TypeError: 'NoneType' object is not callable

Original exception was:
Traceback (most recent call last):
  File "/tmp/6f979136a7b2ccee4775", line 11, in <module>
    I_N_P_U_T = (true)
NameError: name 'true' is not defined
Segmentation fault (core dumped)
Error in sys.excepthook:
Traceback (most recent call last):
  File "/usr/lib/python2.7/dist-packages/apport_python_hook.py", line 54, in apport_excepthook
    if not enabled():
TypeError: 'NoneType' object is not callable

Original exception was:
Traceback (most recent call last):
  File "/tmp/454873dc1abece4ab619", line 11, in <module>
    I_N_P_U_T = ((true)[true])
NameError: name 'true' is not defined
Segmentation fault (core dumped)
Error in sys.excepthook:
Traceback (most recent call last):
  File "/usr/lib/python2.7/dist-packages/apport_python_hook.py", line 54, in apport_excepthook
    if not enabled():
TypeError: 'NoneType' object is not callable

Original exception was:
Traceback (most recent call last):
  File "/tmp/fd3a670ca2d76859b1c1", line 11, in <module>
    I_N_P_U_T = (asdfasdf)
NameError: name 'asdfasdf' is not defined
Segmentation fault (core dumped)
Error in sys.excepthook:
Traceback (most recent call last):
  File "/usr/lib/python2.7/dist-packages/apport_python_hook.py", line 54, in apport_excepthook
    if not enabled():
TypeError: 'NoneType' object is not callable

Original exception was:
Traceback (most recent call last):
  File "/tmp/6485283bdc93dac0a335", line 11, in <module>
    I_N_P_U_T = (asdfasdf)
NameError: name 'asdfasdf' is not defined
Segmentation fault (core dumped)
Error in sys.excepthook:
Traceback (most recent call last):
  File "/usr/lib/python2.7/dist-packages/apport_python_hook.py", line 54, in apport_excepthook
    if not enabled():
TypeError: 'NoneType' object is not callable

Original exception was:
Traceback (most recent call last):
  File "/tmp/0e72b05219ff26b42419", line 11, in <module>
    I_N_P_U_T = (eval(11))
TypeError: 'NoneType' object is not callable
Segmentation fault (core dumped)
Segmentation fault (core dumped)
Segmentation fault (core dumped)
Segmentation fault (core dumped)
Segmentation fault (core dumped)
Segmentation fault (core dumped)
Segmentation fault (core dumped)
Error in sys.excepthook:
Traceback (most recent call last):
  File "/usr/lib/python2.7/dist-packages/apport_python_hook.py", line 54, in apport_excepthook
    if not enabled():
TypeError: 'NoneType' object is not callable

Original exception was:
Traceback (most recent call last):
  File "/tmp/35fd00ae3aee3ab88553", line 11, in <module>
    I_N_P_U_T = (sdagfsagasfdgsagasgasdg)
NameError: name 'sdagfsagasfdgsagasgasdg' is not defined
Segmentation fault (core dumped)
Error in sys.excepthook:
Traceback (most recent call last):
  File "/usr/lib/python2.7/dist-packages/apport_python_hook.py", line 54, in apport_excepthook
    if not enabled():
TypeError: 'NoneType' object is not callable

Original exception was:
Traceback (most recent call last):
  File "/tmp/e1f5b81b73f715348056", line 11, in <module>
    I_N_P_U_T = ([xforxinopen(flagr)])
NameError: name 'xforxinopen' is not defined
Segmentation fault (core dumped)
  File "/tmp/6bd49a12d8a05713b03d", line 11
    I_N_P_U_T = ([xforxinopen(flagr)read()])
                                       ^
SyntaxError: invalid syntax
Error in sys.excepthook:
Traceback (most recent call last):
  File "/usr/lib/python2.7/dist-packages/apport_python_hook.py", line 54, in apport_excepthook
    if not enabled():
TypeError: 'NoneType' object is not callable

Original exception was:
Traceback (most recent call last):
  File "/tmp/e4a026abe9bdd47528b0", line 11, in <module>
    I_N_P_U_T = (iforiinxrange(10))
NameError: name 'iforiinxrange' is not defined
Segmentation fault (core dumped)
Error in sys.excepthook:
Traceback (most recent call last):
  File "/usr/lib/python2.7/dist-packages/apport_python_hook.py", line 54, in apport_excepthook
    if not enabled():
TypeError: 'NoneType' object is not callable

Original exception was:
Traceback (most recent call last):
  File "/tmp/22ceca5f0ac4da0307fc", line 11, in <module>
    I_N_P_U_T = (dir(dir))
TypeError: 'NoneType' object is not callable
Segmentation fault (core dumped)
Segmentation fault (core dumped)
Segmentation fault (core dumped)
Segmentation fault (core dumped)
Segmentation fault (core dumped)
Segmentation fault (core dumped)
Segmentation fault (core dumped)
Segmentation fault (core dumped)
Error in sys.excepthook:
Traceback (most recent call last):
  File "/usr/lib/python2.7/dist-packages/apport_python_hook.py", line 54, in apport_excepthook
    if not enabled():
TypeError: 'NoneType' object is not callable

Original exception was:
Traceback (most recent call last):
  File "/tmp/d95c9bf032cd10c1a48b", line 11, in <module>
    I_N_P_U_T = (flag)
NameError: name 'flag' is not defined
Segmentation fault (core dumped)
Error in sys.excepthook:
Traceback (most recent call last):
  File "/usr/lib/python2.7/dist-packages/apport_python_hook.py", line 54, in apport_excepthook
    if not enabled():
TypeError: 'NoneType' object is not callable

Original exception was:
Traceback (most recent call last):
  File "/tmp/1218696dc5721dfacf73", line 11, in <module>
    I_N_P_U_T = (eval(flag))
NameError: name 'flag' is not defined
Segmentation fault (core dumped)
Segmentation fault (core dumped)
  File "/tmp/3b061934a48a38f63e93", line 11
    I_N_P_U_T = (print)
                     ^
SyntaxError: invalid syntax
Segmentation fault (core dumped)
Segmentation fault (core dumped)
Segmentation fault (core dumped)
Segmentation fault (core dumped)
Segmentation fault (core dumped)
Segmentation fault (core dumped)
Segmentation fault (core dumped)
Segmentation fault (core dumped)
Segmentation fault (core dumped)
Segmentation fault (core dumped)
Segmentation fault (core dumped)
Segmentation fault (core dumped)
Segmentation fault (core dumped)
Segmentation fault (core dumped)
Segmentation fault (core dumped)
  File "/tmp/4c42d1df33c61e92ef63", line 11
    I_N_P_U_T = (print(2))
                     ^
SyntaxError: invalid syntax
Error in sys.excepthook:
Traceback (most recent call last):
  File "/usr/lib/python2.7/dist-packages/apport_python_hook.py", line 54, in apport_excepthook
    if not enabled():
TypeError: 'NoneType' object is not callable

Original exception was:
Traceback (most recent call last):
  File "/tmp/7abca2d952705a6ee400", line 11, in <module>
    I_N_P_U_T = (fff)
NameError: name 'fff' is not defined
Segmentation fault (core dumped)
Error in sys.excepthook:
Traceback (most recent call last):
  File "/usr/lib/python2.7/dist-packages/apport_python_hook.py", line 54, in apport_excepthook
    if not enabled():
TypeError: 'NoneType' object is not callable

Original exception was:
Traceback (most recent call last):
  File "/tmp/54e3be9535ed02ceae44", line 11, in <module>
    I_N_P_U_T = (whatisit)
NameError: name 'whatisit' is not defined
Segmentation fault (core dumped)
Error in sys.excepthook:
Traceback (most recent call last):
  File "/usr/lib/python2.7/dist-packages/apport_python_hook.py", line 54, in apport_excepthook
    if not enabled():
TypeError: 'NoneType' object is not callable

Original exception was:
Traceback (most recent call last):
  File "/tmp/c25aa156590875d7a601", line 11, in <module>
    I_N_P_U_T = (eval(print2))
NameError: name 'print2' is not defined
Segmentation fault (core dumped)
Error in sys.excepthook:
Traceback (most recent call last):
  File "/usr/lib/python2.7/dist-packages/apport_python_hook.py", line 54, in apport_excepthook
    if not enabled():
TypeError: 'NoneType' object is not callable

Original exception was:
Traceback (most recent call last):
  File "/tmp/ab990fab5ffb06ac4a05", line 11, in <module>
    I_N_P_U_T = (dir())
TypeError: 'NoneType' object is not callable
Segmentation fault (core dumped)
Segmentation fault (core dumped)
Segmentation fault (core dumped)
Segmentation fault (core dumped)
Segmentation fault (core dumped)
Error in sys.excepthook:
Traceback (most recent call last):
  File "/usr/lib/python2.7/dist-packages/apport_python_hook.py", line 54, in apport_excepthook
    if not enabled():
TypeError: 'NoneType' object is not callable

Original exception was:
Traceback (most recent call last):
  File "/tmp/fd9b058fb4e1a6947fb7", line 11, in <module>
    I_N_P_U_T = (exec2)
NameError: name 'exec2' is not defined
Segmentation fault (core dumped)
  File "/tmp/9b2578ccde5d52830e2d", line 11
    I_N_P_U_T = (exec(2))
                    ^
SyntaxError: invalid syntax
Segmentation fault (core dumped)
Segmentation fault (core dumped)
Segmentation fault (core dumped)
Segmentation fault (core dumped)
Segmentation fault (core dumped)
Error in sys.excepthook:
Traceback (most recent call last):
  File "/usr/lib/python2.7/dist-packages/apport_python_hook.py", line 54, in apport_excepthook
    if not enabled():
TypeError: 'NoneType' object is not callable

Original exception was:
Traceback (most recent call last):
  File "/tmp/1a0f3ae607d1f8a77097", line 11, in <module>
    I_N_P_U_T = (a)
NameError: name 'a' is not defined
Segmentation fault (core dumped)
Error in sys.excepthook:
Traceback (most recent call last):
  File "/usr/lib/python2.7/dist-packages/apport_python_hook.py", line 54, in apport_excepthook
    if not enabled():
TypeError: 'NoneType' object is not callable

Original exception was:
Traceback (most recent call last):
  File "/tmp/78ed6d10444e96d7519b", line 11, in <module>
    I_N_P_U_T = (b)
NameError: name 'b' is not defined
Segmentation fault (core dumped)
Error in sys.excepthook:
Traceback (most recent call last):
  File "/usr/lib/python2.7/dist-packages/apport_python_hook.py", line 54, in apport_excepthook
    if not enabled():
TypeError: 'NoneType' object is not callable

Original exception was:
Traceback (most recent call last):
  File "/tmp/4e880655083d2be446ce", line 11, in <module>
    I_N_P_U_T = (c)
NameError: name 'c' is not defined
Segmentation fault (core dumped)
Segmentation fault (core dumped)
  File "/tmp/561c027abf017244da33", line 11
    I_N_P_U_T = (eval[])
                      ^
SyntaxError: invalid syntax
Error in sys.excepthook:
Traceback (most recent call last):
  File "/usr/lib/python2.7/dist-packages/apport_python_hook.py", line 54, in apport_excepthook
    if not enabled():
TypeError: 'NoneType' object is not callable

Original exception was:
Traceback (most recent call last):
  File "/tmp/8459f5309d72d6088d70", line 11, in <module>
    I_N_P_U_T = (or11)
NameError: name 'or11' is not defined
Segmentation fault (core dumped)
Segmentation fault (core dumped)
Segmentation fault (core dumped)
Segmentation fault (core dumped)
Error in sys.excepthook:
Traceback (most recent call last):
  File "/usr/lib/python2.7/dist-packages/apport_python_hook.py", line 54, in apport_excepthook
    if not enabled():
TypeError: 'NoneType' object is not callable

Original exception was:
Traceback (most recent call last):
  File "/tmp/c2635d86e926a74faff7", line 11, in <module>
    I_N_P_U_T = (pp)
NameError: name 'pp' is not defined
Segmentation fault (core dumped)
Segmentation fault (core dumped)
Segmentation fault (core dumped)
Segmentation fault (core dumped)
Error in sys.excepthook:
Traceback (most recent call last):
  File "/usr/lib/python2.7/dist-packages/apport_python_hook.py", line 54, in apport_excepthook
    if not enabled():
TypeError: 'NoneType' object is not callable

Original exception was:
Traceback (most recent call last):
  File "/tmp/8bf788b5bf0331fe4048", line 11, in <module>
    I_N_P_U_T = (input())
TypeError: 'NoneType' object is not callable
Segmentation fault (core dumped)
Error in sys.excepthook:
Traceback (most recent call last):
  File "/usr/lib/python2.7/dist-packages/apport_python_hook.py", line 54, in apport_excepthook
    if not enabled():
TypeError: 'NoneType' object is not callable

Original exception was:
Traceback (most recent call last):
  File "/tmp/730aa78e4f581965c843", line 11, in <module>
    I_N_P_U_T = (input())
TypeError: 'NoneType' object is not callable
Segmentation fault (core dumped)
Segmentation fault (core dumped)
Error in sys.excepthook:
Traceback (most recent call last):
  File "/usr/lib/python2.7/dist-packages/apport_python_hook.py", line 54, in apport_excepthook
    if not enabled():
TypeError: 'NoneType' object is not callable

Original exception was:
Traceback (most recent call last):
  File "/tmp/29377b860b4cf5771332", line 11, in <module>
    I_N_P_U_T = (null)
NameError: name 'null' is not defined
Segmentation fault (core dumped)
Segmentation fault (core dumped)
Segmentation fault (core dumped)
Error in sys.excepthook:
Traceback (most recent call last):
  File "/usr/lib/python2.7/dist-packages/apport_python_hook.py", line 54, in apport_excepthook
    if not enabled():
TypeError: 'NoneType' object is not callable

Original exception was:
Traceback (most recent call last):
  File "/tmp/1a85803cc954fff4601b", line 11, in <module>
    I_N_P_U_T = (hr(65))
NameError: name 'hr' is not defined
Segmentation fault (core dumped)
Error in sys.excepthook:
Traceback (most recent call last):
  File "/usr/lib/python2.7/dist-packages/apport_python_hook.py", line 54, in apport_excepthook
    if not enabled():
TypeError: 'NoneType' object is not callable

Original exception was:
Traceback (most recent call last):
  File "/tmp/acffcfdaad932d9a3e27", line 11, in <module>
    I_N_P_U_T = (vv)
NameError: name 'vv' is not defined
Segmentation fault (core dumped)
Error in sys.excepthook:
Traceback (most recent call last):
  File "/usr/lib/python2.7/dist-packages/apport_python_hook.py", line 54, in apport_excepthook
    if not enabled():
TypeError: 'NoneType' object is not callable

Original exception was:
Traceback (most recent call last):
  File "/tmp/d3e0b41524a923b2bb51", line 11, in <module>
    I_N_P_U_T = (aaaaaaaaaaaaaaazzzzzzzzzzzzzzzzzzz)
NameError: name 'aaaaaaaaaaaaaaazzzzzzzzzzzzzzzzzzz' is not defined
Segmentation fault (core dumped)
  File "/tmp/48d60725a4b383e182e7", line 11
    I_N_P_U_T = ([][][][][)
                    ^
SyntaxError: invalid syntax
Error in sys.excepthook:
Traceback (most recent call last):
  File "/usr/lib/python2.7/dist-packages/apport_python_hook.py", line 54, in apport_excepthook
    if not enabled():
TypeError: 'NoneType' object is not callable

Original exception was:
Traceback (most recent call last):
  File "/tmp/4ab73d6b91d23541077c", line 11, in <module>
    I_N_P_U_T = (aaa)
NameError: name 'aaa' is not defined
Segmentation fault (core dumped)
Error in sys.excepthook:
Traceback (most recent call last):
  File "/usr/lib/python2.7/dist-packages/apport_python_hook.py", line 54, in apport_excepthook
    if not enabled():
TypeError: 'NoneType' object is not callable

Original exception was:
Traceback (most recent call last):
  File "/tmp/313a713996c436f4a04d", line 11, in <module>
    I_N_P_U_T = (aaa)
NameError: name 'aaa' is not defined
Segmentation fault (core dumped)
Error in sys.excepthook:
Traceback (most recent call last):
  File "/usr/lib/python2.7/dist-packages/apport_python_hook.py", line 54, in apport_excepthook
    if not enabled():
TypeError: 'NoneType' object is not callable

Original exception was:
Traceback (most recent call last):
  File "/tmp/c15e728c5f391a6aec83", line 11, in <module>
    I_N_P_U_T = (locals()[0])
KeyError: 0
Segmentation fault (core dumped)
Error in sys.excepthook:
Traceback (most recent call last):
  File "/usr/lib/python2.7/dist-packages/apport_python_hook.py", line 54, in apport_excepthook
    if not enabled():
TypeError: 'NoneType' object is not callable

Original exception was:
Traceback (most recent call last):
  File "/tmp/963e6b01464e04449b40", line 11, in <module>
    I_N_P_U_T = (list(locals()[list(locals())[7]]))
TypeError: 'NoneType' object is not iterable
Segmentation fault (core dumped)
Error in sys.excepthook:
Traceback (most recent call last):
  File "/usr/lib/python2.7/dist-packages/apport_python_hook.py", line 54, in apport_excepthook
    if not enabled():
TypeError: 'NoneType' object is not callable

Original exception was:
Traceback (most recent call last):
  File "/tmp/687dd7de79c32f5972cc", line 11, in <module>
    I_N_P_U_T = (locals()[1])
KeyError: 1
Segmentation fault (core dumped)
Error in sys.excepthook:
Traceback (most recent call last):
  File "/usr/lib/python2.7/dist-packages/apport_python_hook.py", line 54, in apport_excepthook
    if not enabled():
TypeError: 'NoneType' object is not callable

Original exception was:
Traceback (most recent call last):
  File "/tmp/99773d8eb842a7c35873", line 11, in <module>
    I_N_P_U_T = (list(locals()[list(locals())[1]]))
TypeError: 'NoneType' object is not iterable
Segmentation fault (core dumped)
Error in sys.excepthook:
Traceback (most recent call last):
  File "/usr/lib/python2.7/dist-packages/apport_python_hook.py", line 54, in apport_excepthook
    if not enabled():
TypeError: 'NoneType' object is not callable

Original exception was:
Traceback (most recent call last):
  File "/tmp/9c3950da2f109a238cd9", line 11, in <module>
    I_N_P_U_T = (list(locals()[list(locals())[7]]))
TypeError: 'NoneType' object is not iterable
Segmentation fault (core dumped)
Error in sys.excepthook:
Traceback (most recent call last):
  File "/usr/lib/python2.7/dist-packages/apport_python_hook.py", line 54, in apport_excepthook
    if not enabled():
TypeError: 'NoneType' object is not callable

Original exception was:
Traceback (most recent call last):
  File "/tmp/8b69fc58e8cad8d63d17", line 11, in <module>
    I_N_P_U_T = (list(locals()[list(locals())[6]]))
TypeError: 'NoneType' object is not iterable
Segmentation fault (core dumped)
Segmentation fault (core dumped)
Segmentation fault (core dumped)
Error in sys.excepthook:
Traceback (most recent call last):
  File "/usr/lib/python2.7/dist-packages/apport_python_hook.py", line 54, in apport_excepthook
    if not enabled():
TypeError: 'NoneType' object is not callable

Original exception was:
Traceback (most recent call last):
  File "/tmp/36dc13e9d92e5d346622", line 11, in <module>
    I_N_P_U_T = (list(locals()[list(locals())[1]]))
TypeError: 'NoneType' object is not iterable
Segmentation fault (core dumped)
Error in sys.excepthook:
Traceback (most recent call last):
  File "/usr/lib/python2.7/dist-packages/apport_python_hook.py", line 54, in apport_excepthook
    if not enabled():
TypeError: 'NoneType' object is not callable

Original exception was:
Traceback (most recent call last):
  File "/tmp/e0c014e03d4d5da59c14", line 11, in <module>
    I_N_P_U_T = (list(locals()[list(locals())[2]]))
TypeError: 'NoneType' object is not iterable
Segmentation fault (core dumped)
Error in sys.excepthook:
Traceback (most recent call last):
  File "/usr/lib/python2.7/dist-packages/apport_python_hook.py", line 54, in apport_excepthook
    if not enabled():
TypeError: 'NoneType' object is not callable

Original exception was:
Traceback (most recent call last):
  File "/tmp/aa54a49f05c19ba49bab", line 11, in <module>
    I_N_P_U_T = (list(locals()[list(locals())[3]]))
TypeError: 'NoneType' object is not iterable
Segmentation fault (core dumped)
Error in sys.excepthook:
Traceback (most recent call last):
  File "/usr/lib/python2.7/dist-packages/apport_python_hook.py", line 54, in apport_excepthook
    if not enabled():
TypeError: 'NoneType' object is not callable

Original exception was:
Traceback (most recent call last):
  File "/tmp/77d4351b7cff1a3409dd", line 11, in <module>
    I_N_P_U_T = (list(locals()[list(locals())[0]]))
TypeError: 'module' object is not iterable
Segmentation fault (core dumped)
Error in sys.excepthook:
Traceback (most recent call last):
  File "/usr/lib/python2.7/dist-packages/apport_python_hook.py", line 54, in apport_excepthook
    if not enabled():
TypeError: 'NoneType' object is not callable

Original exception was:
Traceback (most recent call last):
  File "/tmp/cfe4fffd850f89188591", line 11, in <module>
    I_N_P_U_T = (list(locals()[list(locals())[4]]))
TypeError: 'NoneType' object is not iterable
Segmentation fault (core dumped)
Error in sys.excepthook:
Traceback (most recent call last):
  File "/usr/lib/python2.7/dist-packages/apport_python_hook.py", line 54, in apport_excepthook
    if not enabled():
TypeError: 'NoneType' object is not callable

Original exception was:
Traceback (most recent call last):
  File "/tmp/897d38bc8a1982c24744", line 11, in <module>
    I_N_P_U_T = (list(locals()[list(locals())[5]]))
TypeError: 'NoneType' object is not iterable
Segmentation fault (core dumped)
Error in sys.excepthook:
Traceback (most recent call last):
  File "/usr/lib/python2.7/dist-packages/apport_python_hook.py", line 54, in apport_excepthook
    if not enabled():
TypeError: 'NoneType' object is not callable

Original exception was:
Traceback (most recent call last):
  File "/tmp/05750c21bcc43f99cf3a", line 11, in <module>
    I_N_P_U_T = (list(locals()[list(locals())[6]]))
TypeError: 'NoneType' object is not iterable
Segmentation fault (core dumped)
Error in sys.excepthook:
Traceback (most recent call last):
  File "/usr/lib/python2.7/dist-packages/apport_python_hook.py", line 54, in apport_excepthook
    if not enabled():
TypeError: 'NoneType' object is not callable

Original exception was:
Traceback (most recent call last):
  File "/tmp/326812f226320540789e", line 11, in <module>
    I_N_P_U_T = (list(locals()[list(locals())[7]]))
TypeError: 'NoneType' object is not iterable
Segmentation fault (core dumped)
Segmentation fault (core dumped)
Segmentation fault (core dumped)
  File "/tmp/c499db4c82a62b2225ee", line 11
    I_N_P_U_T = (exec)
                    ^
SyntaxError: invalid syntax
Error in sys.excepthook:
Traceback (most recent call last):
  File "/usr/lib/python2.7/dist-packages/apport_python_hook.py", line 54, in apport_excepthook
    if not enabled():
TypeError: 'NoneType' object is not callable

Original exception was:
Traceback (most recent call last):
  File "/tmp/517c06589ea1270bcd30", line 11, in <module>
    I_N_P_U_T = (flag)
NameError: name 'flag' is not defined
Segmentation fault (core dumped)
Segmentation fault (core dumped)
Segmentation fault (core dumped)
Segmentation fault (core dumped)
Error in sys.excepthook:
Traceback (most recent call last):
  File "/usr/lib/python2.7/dist-packages/apport_python_hook.py", line 54, in apport_excepthook
    if not enabled():
TypeError: 'NoneType' object is not callable

Original exception was:
Traceback (most recent call last):
  File "/tmp/2c0787714501fc4ebdeb", line 11, in <module>
    I_N_P_U_T = (modules)
NameError: name 'modules' is not defined
Segmentation fault (core dumped)
Segmentation fault (core dumped)
Segmentation fault (core dumped)
  File "/tmp/10eea988617a505550ad", line 11
    I_N_P_U_T = (123abc)
                      ^
SyntaxError: invalid syntax
Error in sys.excepthook:
Traceback (most recent call last):
  File "/usr/lib/python2.7/dist-packages/apport_python_hook.py", line 54, in apport_excepthook
    if not enabled():
TypeError: 'NoneType' object is not callable

Original exception was:
Traceback (most recent call last):
  File "/tmp/ab55c4c9911cc6c24e9f", line 11, in <module>
    I_N_P_U_T = (aa)
NameError: name 'aa' is not defined
Segmentation fault (core dumped)
Segmentation fault (core dumped)
Segmentation fault (core dumped)
Segmentation fault (core dumped)
Segmentation fault (core dumped)
Segmentation fault (core dumped)
Error in sys.excepthook:
Traceback (most recent call last):
  File "/usr/lib/python2.7/dist-packages/apport_python_hook.py", line 54, in apport_excepthook
    if not enabled():
TypeError: 'NoneType' object is not callable

Original exception was:
Traceback (most recent call last):
  File "/tmp/5334a53d2810a52d783f", line 11, in <module>
    I_N_P_U_T = (local())
NameError: name 'local' is not defined
Segmentation fault (core dumped)
Segmentation fault (core dumped)
  File "/tmp/96e7fff6853bb7b46be0", line 11
    I_N_P_U_T = (printopen(flag)read())
                                   ^
SyntaxError: invalid syntax
Segmentation fault (core dumped)
Segmentation fault (core dumped)
Segmentation fault (core dumped)
Segmentation fault (core dumped)
Segmentation fault (core dumped)
  File "/tmp/df4fbe81fa9d4fe5beca", line 11
    I_N_P_U_T = (print(abc))
                     ^
SyntaxError: invalid syntax
Error in sys.excepthook:
Traceback (most recent call last):
  File "/usr/lib/python2.7/dist-packages/apport_python_hook.py", line 54, in apport_excepthook
    if not enabled():
TypeError: 'NoneType' object is not callable

Original exception was:
Traceback (most recent call last):
  File "/tmp/2d6117212e4cce088663", line 11, in <module>
    I_N_P_U_T = (sleep(10))
NameError: name 'sleep' is not defined
Segmentation fault (core dumped)
Segmentation fault (core dumped)
Error in sys.excepthook:
Traceback (most recent call last):
  File "/usr/lib/python2.7/dist-packages/apport_python_hook.py", line 54, in apport_excepthook
    if not enabled():
TypeError: 'NoneType' object is not callable

Original exception was:
Traceback (most recent call last):
  File "/tmp/8ce8ace154ae8691dd9d", line 11, in <module>
    I_N_P_U_T = (name)
NameError: name 'name' is not defined
Segmentation fault (core dumped)
Error in sys.excepthook:
Traceback (most recent call last):
  File "/usr/lib/python2.7/dist-packages/apport_python_hook.py", line 54, in apport_excepthook
    if not enabled():
TypeError: 'NoneType' object is not callable

Original exception was:
Traceback (most recent call last):
  File "/tmp/defc5a477842bb1d1825", line 11, in <module>
    I_N_P_U_T = (flag)
NameError: name 'flag' is not defined
Segmentation fault (core dumped)
Error in sys.excepthook:
Traceback (most recent call last):
  File "/usr/lib/python2.7/dist-packages/apport_python_hook.py", line 54, in apport_excepthook
    if not enabled():
TypeError: 'NoneType' object is not callable

Original exception was:
Traceback (most recent call last):
  File "/tmp/c66b0568c3f87c6da2a5", line 11, in <module>
    I_N_P_U_T = (sex)
NameError: name 'sex' is not defined
Segmentation fault (core dumped)
Error in sys.excepthook:
Traceback (most recent call last):
  File "/usr/lib/python2.7/dist-packages/apport_python_hook.py", line 54, in apport_excepthook
    if not enabled():
TypeError: 'NoneType' object is not callable

Original exception was:
Traceback (most recent call last):
  File "/tmp/9b4dff8d02a70bd45994", line 11, in <module>
    I_N_P_U_T = (abc)
NameError: name 'abc' is not defined
Segmentation fault (core dumped)
Segmentation fault (core dumped)
Segmentation fault (core dumped)
  File "/tmp/0d272deaeb6d7e1970ed", line 11
    I_N_P_U_T = (list(vars()[list(vars)[8]))))
                                          ^
SyntaxError: invalid syntax
  File "/tmp/4c4bc14ee74f8cf0f0c3", line 11
    I_N_P_U_T = (list(vars()[list(vars())[8]])))
                                               ^
SyntaxError: invalid syntax
Segmentation fault (core dumped)
Segmentation fault (core dumped)
Segmentation fault (core dumped)
Segmentation fault (core dumped)
Segmentation fault (core dumped)
Segmentation fault (core dumped)
Error in sys.excepthook:
Traceback (most recent call last):
  File "/usr/lib/python2.7/dist-packages/apport_python_hook.py", line 54, in apport_excepthook
    if not enabled():
TypeError: 'NoneType' object is not callable

Original exception was:
Traceback (most recent call last):
  File "/tmp/1d6c15a62e0b80e78994", line 11, in <module>
    I_N_P_U_T = (list(input))
TypeError: 'NoneType' object is not iterable
Segmentation fault (core dumped)
Error in sys.excepthook:
Traceback (most recent call last):
  File "/usr/lib/python2.7/dist-packages/apport_python_hook.py", line 54, in apport_excepthook
    if not enabled():
TypeError: 'NoneType' object is not callable

Original exception was:
Traceback (most recent call last):
  File "/tmp/1af30b13e945db7fa9c1", line 11, in <module>
    I_N_P_U_T = (list(open(input)))
TypeError: coercing to Unicode: need string or buffer, NoneType found
Segmentation fault (core dumped)
Error in sys.excepthook:
Traceback (most recent call last):
  File "/usr/lib/python2.7/dist-packages/apport_python_hook.py", line 54, in apport_excepthook
    if not enabled():
TypeError: 'NoneType' object is not callable

Original exception was:
Traceback (most recent call last):
  File "/tmp/4664d21cdc8509d10147", line 11, in <module>
    I_N_P_U_T = (list(open(eval)))
TypeError: coercing to Unicode: need string or buffer, NoneType found
Segmentation fault (core dumped)
Error in sys.excepthook:
Traceback (most recent call last):
  File "/usr/lib/python2.7/dist-packages/apport_python_hook.py", line 54, in apport_excepthook
    if not enabled():
TypeError: 'NoneType' object is not callable

Original exception was:
Traceback (most recent call last):
  File "/tmp/add0fbcf4899824ddc60", line 11, in <module>
    I_N_P_U_T = (list(open(execfile)))
TypeError: coercing to Unicode: need string or buffer, NoneType found
Segmentation fault (core dumped)
  File "/tmp/1af1da60524a6f3f0f8e", line 11
    I_N_P_U_T = (list(open(execfile))read())
                                        ^
SyntaxError: invalid syntax
Error in sys.excepthook:
Traceback (most recent call last):
  File "/usr/lib/python2.7/dist-packages/apport_python_hook.py", line 54, in apport_excepthook
    if not enabled():
TypeError: 'NoneType' object is not callable

Original exception was:
Traceback (most recent call last):
  File "/tmp/8b940268825abc55052e", line 11, in <module>
    I_N_P_U_T = (test)
NameError: name 'test' is not defined
Segmentation fault (core dumped)
Segmentation fault (core dumped)
Segmentation fault (core dumped)
Error in sys.excepthook:
Traceback (most recent call last):
  File "/usr/lib/python2.7/dist-packages/apport_python_hook.py", line 54, in apport_excepthook
    if not enabled():
TypeError: 'NoneType' object is not callable

Original exception was:
Traceback (most recent call last):
  File "/tmp/7e3257b57881cedaab76", line 11, in <module>
    I_N_P_U_T = (flag)
NameError: name 'flag' is not defined
Segmentation fault (core dumped)
Segmentation fault (core dumped)
Error in sys.excepthook:
Traceback (most recent call last):
  File "/usr/lib/python2.7/dist-packages/apport_python_hook.py", line 54, in apport_excepthook
    if not enabled():
TypeError: 'NoneType' object is not callable

Original exception was:
Traceback (most recent call last):
  File "/tmp/1866ecb651e1a38a67b3", line 11, in <module>
    I_N_P_U_T = ()()
TypeError: 'tuple' object is not callable
Segmentation fault (core dumped)
  File "/tmp/4b9d8adb2b486719a242", line 11
    I_N_P_U_T = ()printhaha()
                          ^
SyntaxError: invalid syntax
  File "/tmp/5a5c25558eaf0a19fe99", line 11
    I_N_P_U_T = ()print(haha)
                      ^
SyntaxError: invalid syntax
  File "/tmp/d11d63fa91b1b2a51f0f", line 11
    I_N_P_U_T = ()print(haha)
                      ^
SyntaxError: invalid syntax
  File "/tmp/a889cc0e1f08f67f4348", line 11
    I_N_P_U_T = ()print(input)
                      ^
SyntaxError: invalid syntax
  File "/tmp/bf9bcf5989fa522ffde1", line 11
    I_N_P_U_T = ()print(input)
                      ^
SyntaxError: invalid syntax
  File "/tmp/610b177e783bc40cd207", line 11
    I_N_P_U_T = ()print(input)
                      ^
SyntaxError: invalid syntax
  File "/tmp/efc0f2be91d117e45971", line 11
    I_N_P_U_T = ()print(eval)
                      ^
SyntaxError: invalid syntax
  File "/tmp/bf3ff61656e4e0ad3026", line 11
    I_N_P_U_T = ()print(execfile)
                      ^
SyntaxError: invalid syntax
Segmentation fault (core dumped)
Segmentation fault (core dumped)
Segmentation fault (core dumped)
  File "/tmp/ac3f7c82f28ef22319cd", line 11
    I_N_P_U_T = (868cp6)
                      ^
SyntaxError: invalid syntax
Segmentation fault (core dumped)
Segmentation fault (core dumped)
Segmentation fault (core dumped)
Segmentation fault (core dumped)
Segmentation fault (core dumped)
Segmentation fault (core dumped)
Error in sys.excepthook:
Traceback (most recent call last):
  File "/usr/lib/python2.7/dist-packages/apport_python_hook.py", line 54, in apport_excepthook
    if not enabled():
TypeError: 'NoneType' object is not callable

Original exception was:
Traceback (most recent call last):
  File "/tmp/fad7ce2ddca640e8dbdf", line 11, in <module>
    I_N_P_U_T = (builtins)
NameError: name 'builtins' is not defined
Segmentation fault (core dumped)
Segmentation fault (core dumped)
  File "/tmp/3d4379e5863466e70d71", line 11
    I_N_P_U_T = (1))
                   ^
SyntaxError: invalid syntax
Error in sys.excepthook:
Traceback (most recent call last):
  File "/usr/lib/python2.7/dist-packages/apport_python_hook.py", line 54, in apport_excepthook
    if not enabled():
TypeError: 'NoneType' object is not callable

Original exception was:
Traceback (most recent call last):
  File "/tmp/eea413599f5d589557ee", line 11, in <module>
    I_N_P_U_T = (sadasdasd)
NameError: name 'sadasdasd' is not defined
Segmentation fault (core dumped)
Segmentation fault (core dumped)
  File "/tmp/997f6f694569f6afbced", line 11
    I_N_P_U_T = (12ssssssssssssssssssssssssssssssssssssssssssssssss)
                                                                  ^
SyntaxError: invalid syntax
  File "/tmp/97a70bc1564862055470", line 11
    I_N_P_U_T = (or)
                  ^
SyntaxError: invalid syntax
Segmentation fault (core dumped)
Segmentation fault (core dumped)
Error in sys.excepthook:
Traceback (most recent call last):
  File "/usr/lib/python2.7/dist-packages/apport_python_hook.py", line 54, in apport_excepthook
    if not enabled():
TypeError: 'NoneType' object is not callable

Original exception was:
Traceback (most recent call last):
  File "/tmp/78090c9a116e6415519a", line 11, in <module>
    I_N_P_U_T = (flag)
NameError: name 'flag' is not defined
Segmentation fault (core dumped)
Segmentation fault (core dumped)
Error in sys.excepthook:
Traceback (most recent call last):
  File "/usr/lib/python2.7/dist-packages/apport_python_hook.py", line 54, in apport_excepthook
    if not enabled():
TypeError: 'NoneType' object is not callable

Original exception was:
Traceback (most recent call last):
  File "/tmp/95889da02a26e4ed737e", line 11, in <module>
    I_N_P_U_T = (abcxyz123)
NameError: name 'abcxyz123' is not defined
Segmentation fault (core dumped)
Error in sys.excepthook:
Traceback (most recent call last):
  File "/usr/lib/python2.7/dist-packages/apport_python_hook.py", line 54, in apport_excepthook
    if not enabled():
TypeError: 'NoneType' object is not callable

Original exception was:
Traceback (most recent call last):
  File "/tmp/53e7fee7d467efeca48f", line 11, in <module>
    I_N_P_U_T = (abcxyz123)
NameError: name 'abcxyz123' is not defined
Segmentation fault (core dumped)
Error in sys.excepthook:
Traceback (most recent call last):
  File "/usr/lib/python2.7/dist-packages/apport_python_hook.py", line 54, in apport_excepthook
    if not enabled():
TypeError: 'NoneType' object is not callable

Original exception was:
Traceback (most recent call last):
  File "/tmp/e471534f83b68eafb534", line 11, in <module>
    I_N_P_U_T = (ooooooooooo)
NameError: name 'ooooooooooo' is not defined
Segmentation fault (core dumped)
Error in sys.excepthook:
Traceback (most recent call last):
  File "/usr/lib/python2.7/dist-packages/apport_python_hook.py", line 54, in apport_excepthook
    if not enabled():
TypeError: 'NoneType' object is not callable

Original exception was:
Traceback (most recent call last):
  File "/tmp/be93ff40737c9bd147be", line 11, in <module>
    I_N_P_U_T = (eval(ls))
NameError: name 'ls' is not defined
Segmentation fault (core dumped)
Segmentation fault (core dumped)
Segmentation fault (core dumped)
Segmentation fault (core dumped)
Segmentation fault (core dumped)
Segmentation fault (core dumped)
Error in sys.excepthook:
Traceback (most recent call last):
  File "/usr/lib/python2.7/dist-packages/apport_python_hook.py", line 54, in apport_excepthook
    if not enabled():
TypeError: 'NoneType' object is not callable

Original exception was:
Traceback (most recent call last):
  File "/tmp/58e4f751c3c1f66fb49c", line 11, in <module>
    I_N_P_U_T = (afda)
NameError: name 'afda' is not defined
Segmentation fault (core dumped)
Error in sys.excepthook:
Traceback (most recent call last):
  File "/usr/lib/python2.7/dist-packages/apport_python_hook.py", line 54, in apport_excepthook
    if not enabled():
TypeError: 'NoneType' object is not callable

Original exception was:
Traceback (most recent call last):
  File "/tmp/c7e2bbba78adb1bd575f", line 11, in <module>
    I_N_P_U_T = ([flag])
NameError: name 'flag' is not defined
Segmentation fault (core dumped)
Error in sys.excepthook:
Traceback (most recent call last):
  File "/usr/lib/python2.7/dist-packages/apport_python_hook.py", line 54, in apport_excepthook
    if not enabled():
TypeError: 'NoneType' object is not callable

Original exception was:
Traceback (most recent call last):
  File "/tmp/d71501c0447faef71d1b", line 11, in <module>
    I_N_P_U_T = (aaa)
NameError: name 'aaa' is not defined
Segmentation fault (core dumped)
Error in sys.excepthook:
Traceback (most recent call last):
  File "/usr/lib/python2.7/dist-packages/apport_python_hook.py", line 54, in apport_excepthook
    if not enabled():
TypeError: 'NoneType' object is not callable

Original exception was:
Traceback (most recent call last):
  File "/tmp/7c82aabc1f5c6c9e3ff8", line 11, in <module>
    I_N_P_U_T = (bbb)
NameError: name 'bbb' is not defined
Segmentation fault (core dumped)
Error in sys.excepthook:
Traceback (most recent call last):
  File "/usr/lib/python2.7/dist-packages/apport_python_hook.py", line 54, in apport_excepthook
    if not enabled():
TypeError: 'NoneType' object is not callable

Original exception was:
Traceback (most recent call last):
  File "/tmp/f3ab026b028ac73c9781", line 11, in <module>
    I_N_P_U_T = (ls)
NameError: name 'ls' is not defined
Segmentation fault (core dumped)
Error in sys.excepthook:
Traceback (most recent call last):
  File "/usr/lib/python2.7/dist-packages/apport_python_hook.py", line 54, in apport_excepthook
    if not enabled():
TypeError: 'NoneType' object is not callable

Original exception was:
Traceback (most recent call last):
  File "/tmp/b276fb74b51adec59043", line 11, in <module>
    I_N_P_U_T = (lsla)
NameError: name 'lsla' is not defined
Segmentation fault (core dumped)
Error in sys.excepthook:
Traceback (most recent call last):
  File "/usr/lib/python2.7/dist-packages/apport_python_hook.py", line 54, in apport_excepthook
    if not enabled():
TypeError: 'NoneType' object is not callable

Original exception was:
Traceback (most recent call last):
  File "/tmp/8de6e82a77690a35a76f", line 11, in <module>
    I_N_P_U_T = (eval(ls))
NameError: name 'ls' is not defined
Segmentation fault (core dumped)
Error in sys.excepthook:
Traceback (most recent call last):
  File "/usr/lib/python2.7/dist-packages/apport_python_hook.py", line 54, in apport_excepthook
    if not enabled():
TypeError: 'NoneType' object is not callable

Original exception was:
Traceback (most recent call last):
  File "/tmp/2f77ba7d7da92c001248", line 11, in <module>
    I_N_P_U_T = (e(123))
NameError: name 'e' is not defined
Segmentation fault (core dumped)
Segmentation fault (core dumped)
Error in sys.excepthook:
Traceback (most recent call last):
  File "/usr/lib/python2.7/dist-packages/apport_python_hook.py", line 54, in apport_excepthook
    if not enabled():
TypeError: 'NoneType' object is not callable

Original exception was:
Traceback (most recent call last):
  File "/tmp/9a22e457be9aee5a5261", line 11, in <module>
    I_N_P_U_T = (bbb)
NameError: name 'bbb' is not defined
Segmentation fault (core dumped)
Error in sys.excepthook:
Traceback (most recent call last):
  File "/usr/lib/python2.7/dist-packages/apport_python_hook.py", line 54, in apport_excepthook
    if not enabled():
TypeError: 'NoneType' object is not callable

Original exception was:
Traceback (most recent call last):
  File "/tmp/bfce76990e8d38206234", line 11, in <module>
    I_N_P_U_T = (aaa)
NameError: name 'aaa' is not defined
Segmentation fault (core dumped)
Segmentation fault (core dumped)
Segmentation fault (core dumped)
Segmentation fault (core dumped)
Segmentation fault (core dumped)
Segmentation fault (core dumped)
Segmentation fault (core dumped)
  File "/tmp/8010f630c8036a9720b6", line 11
    I_N_P_U_T = (exec())
                    ^
SyntaxError: invalid syntax
Error in sys.excepthook:
Traceback (most recent call last):
  File "/usr/lib/python2.7/dist-packages/apport_python_hook.py", line 54, in apport_excepthook
    if not enabled():
TypeError: 'NoneType' object is not callable

Original exception was:
Traceback (most recent call last):
  File "/tmp/67adca294faaf2a0876f", line 11, in <module>
    I_N_P_U_T = ([xforxin])
NameError: name 'xforxin' is not defined
Segmentation fault (core dumped)
  File "/tmp/08da44e00498442de3ef", line 11
    I_N_P_U_T = (exec(printa))
                    ^
SyntaxError: invalid syntax
  File "/tmp/fe96d934fb535154db82", line 11
    I_N_P_U_T = (exec(printaaaaaa))
                    ^
SyntaxError: invalid syntax
Error in sys.excepthook:
Traceback (most recent call last):
  File "/usr/lib/python2.7/dist-packages/apport_python_hook.py", line 54, in apport_excepthook
    if not enabled():
TypeError: 'NoneType' object is not callable

Original exception was:
Traceback (most recent call last):
  File "/tmp/79aca15483caf950d29e", line 11, in <module>
    I_N_P_U_T = (hothien)
NameError: name 'hothien' is not defined
Segmentation fault (core dumped)
Segmentation fault (core dumped)
Segmentation fault (core dumped)
Segmentation fault (core dumped)
Error in sys.excepthook:
Traceback (most recent call last):
  File "/usr/lib/python2.7/dist-packages/apport_python_hook.py", line 54, in apport_excepthook
    if not enabled():
TypeError: 'NoneType' object is not callable

Original exception was:
Traceback (most recent call last):
  File "/tmp/0bdbc4c1cdba33aa971e", line 11, in <module>
    I_N_P_U_T = (locals()[0])
KeyError: 0
Segmentation fault (core dumped)
Error in sys.excepthook:
Traceback (most recent call last):
  File "/usr/lib/python2.7/dist-packages/apport_python_hook.py", line 54, in apport_excepthook
    if not enabled():
TypeError: 'NoneType' object is not callable

Original exception was:
Traceback (most recent call last):
  File "/tmp/bb0f9cffb74471a9fe26", line 11, in <module>
    I_N_P_U_T = (abcd1234)
NameError: name 'abcd1234' is not defined
Segmentation fault (core dumped)
Segmentation fault (core dumped)
Error in sys.excepthook:
Traceback (most recent call last):
  File "/usr/lib/python2.7/dist-packages/apport_python_hook.py", line 54, in apport_excepthook
    if not enabled():
TypeError: 'NoneType' object is not callable

Original exception was:
Traceback (most recent call last):
  File "/tmp/23954559b1d5abd01356", line 11, in <module>
    I_N_P_U_T = (locals()[list(locals())[9]])
IndexError: list index out of range
Segmentation fault (core dumped)
Segmentation fault (core dumped)
Segmentation fault (core dumped)
Error in sys.excepthook:
Traceback (most recent call last):
  File "/usr/lib/python2.7/dist-packages/apport_python_hook.py", line 54, in apport_excepthook
    if not enabled():
TypeError: 'NoneType' object is not callable

Original exception was:
Traceback (most recent call last):
  File "/tmp/f1fc290c5feb7be679a0", line 11, in <module>
    I_N_P_U_T = (locals()[list(locals())[10]])
IndexError: list index out of range
Segmentation fault (core dumped)
Segmentation fault (core dumped)
Error in sys.excepthook:
Traceback (most recent call last):
  File "/usr/lib/python2.7/dist-packages/apport_python_hook.py", line 54, in apport_excepthook
    if not enabled():
TypeError: 'NoneType' object is not callable

Original exception was:
Traceback (most recent call last):
  File "/tmp/3655dcbeb39bf03c1e2a", line 11, in <module>
    I_N_P_U_T = (aaaaaaaaaaaaaaaaaaaaaaaaaaaaaaaaaaaaaaaaaaaaaaaaaa)
NameError: name 'aaaaaaaaaaaaaaaaaaaaaaaaaaaaaaaaaaaaaaaaaaaaaaaaaa' is not defined
Segmentation fault (core dumped)
Error in sys.excepthook:
Traceback (most recent call last):
  File "/usr/lib/python2.7/dist-packages/apport_python_hook.py", line 54, in apport_excepthook
    if not enabled():
TypeError: 'NoneType' object is not callable

Original exception was:
Traceback (most recent call last):
  File "/tmp/3e34f3799785a1e3561a", line 11, in <module>
    I_N_P_U_T = (test)
NameError: name 'test' is not defined
Segmentation fault (core dumped)
Error in sys.excepthook:
Traceback (most recent call last):
  File "/usr/lib/python2.7/dist-packages/apport_python_hook.py", line 54, in apport_excepthook
    if not enabled():
TypeError: 'NoneType' object is not callable

Original exception was:
Traceback (most recent call last):
  File "/tmp/f42302d8167ce2d40ee2", line 11, in <module>
    I_N_P_U_T = (a)
NameError: name 'a' is not defined
Segmentation fault (core dumped)
Error in sys.excepthook:
Traceback (most recent call last):
  File "/usr/lib/python2.7/dist-packages/apport_python_hook.py", line 54, in apport_excepthook
    if not enabled():
TypeError: 'NoneType' object is not callable

Original exception was:
Traceback (most recent call last):
  File "/tmp/96197fd6c09459c1ceb2", line 11, in <module>
    I_N_P_U_T = (aaaaaaaaaaaaaaaaaaaaaaaaaaaaaaadxaaaaaaaaaaaaaaaaa)
NameError: name 'aaaaaaaaaaaaaaaaaaaaaaaaaaaaaaadxaaaaaaaaaaaaaaaaa' is not defined
Segmentation fault (core dumped)
Error in sys.excepthook:
Traceback (most recent call last):
  File "/usr/lib/python2.7/dist-packages/apport_python_hook.py", line 54, in apport_excepthook
    if not enabled():
TypeError: 'NoneType' object is not callable

Original exception was:
Traceback (most recent call last):
  File "/tmp/858145cb4a3b94efd86e", line 11, in <module>
    I_N_P_U_T = (fdfddd)
NameError: name 'fdfddd' is not defined
Segmentation fault (core dumped)
Segmentation fault (core dumped)
Segmentation fault (core dumped)
Segmentation fault (core dumped)
Segmentation fault (core dumped)
Segmentation fault (core dumped)
Segmentation fault (core dumped)
Error in sys.excepthook:
Traceback (most recent call last):
  File "/usr/lib/python2.7/dist-packages/apport_python_hook.py", line 54, in apport_excepthook
    if not enabled():
TypeError: 'NoneType' object is not callable

Original exception was:
Traceback (most recent call last):
  File "/tmp/31b51a67aec647ad70a1", line 11, in <module>
    I_N_P_U_T = (michaelscofield)
NameError: name 'michaelscofield' is not defined
Segmentation fault (core dumped)
Segmentation fault (core dumped)
Error in sys.excepthook:
Traceback (most recent call last):
  File "/usr/lib/python2.7/dist-packages/apport_python_hook.py", line 54, in apport_excepthook
    if not enabled():
TypeError: 'NoneType' object is not callable

Original exception was:
Traceback (most recent call last):
  File "/tmp/c8e28a99f1213f429f5f", line 11, in <module>
    I_N_P_U_T = (michaelscofield)
NameError: name 'michaelscofield' is not defined
Segmentation fault (core dumped)
Error in sys.excepthook:
Traceback (most recent call last):
  File "/usr/lib/python2.7/dist-packages/apport_python_hook.py", line 54, in apport_excepthook
    if not enabled():
TypeError: 'NoneType' object is not callable

Original exception was:
Traceback (most recent call last):
  File "/tmp/16e204bf062808c15f3f", line 11, in <module>
    I_N_P_U_T = (locals()[[evalforevalinlocals()][8]])
NameError: name 'evalforevalinlocals' is not defined
Segmentation fault (core dumped)
Segmentation fault (core dumped)
Error in sys.excepthook:
Traceback (most recent call last):
  File "/usr/lib/python2.7/dist-packages/apport_python_hook.py", line 54, in apport_excepthook
    if not enabled():
TypeError: 'NoneType' object is not callable

Original exception was:
Traceback (most recent call last):
  File "/tmp/7c5d4c102b41a79d5b46", line 11, in <module>
    I_N_P_U_T = (key)
NameError: name 'key' is not defined
Segmentation fault (core dumped)
Segmentation fault (core dumped)
Error in sys.excepthook:
Traceback (most recent call last):
  File "/usr/lib/python2.7/dist-packages/apport_python_hook.py", line 54, in apport_excepthook
    if not enabled():
TypeError: 'NoneType' object is not callable

Original exception was:
Traceback (most recent call last):
  File "/tmp/f575481acd58ca7e46c0", line 11, in <module>
    I_N_P_U_T = (vu)
NameError: name 'vu' is not defined
Segmentation fault (core dumped)
Error in sys.excepthook:
Traceback (most recent call last):
  File "/usr/lib/python2.7/dist-packages/apport_python_hook.py", line 54, in apport_excepthook
    if not enabled():
TypeError: 'NoneType' object is not callable

Original exception was:
Traceback (most recent call last):
  File "/tmp/02136776dab2a64512f0", line 11, in <module>
    I_N_P_U_T = (s)
NameError: name 's' is not defined
Segmentation fault (core dumped)
Error in sys.excepthook:
Traceback (most recent call last):
  File "/usr/lib/python2.7/dist-packages/apport_python_hook.py", line 54, in apport_excepthook
    if not enabled():
TypeError: 'NoneType' object is not callable

Original exception was:
Traceback (most recent call last):
  File "/tmp/f14e92c0d39ee1f9486f", line 11, in <module>
    I_N_P_U_T = (s)
NameError: name 's' is not defined
Segmentation fault (core dumped)
Segmentation fault (core dumped)
Error in sys.excepthook:
Traceback (most recent call last):
  File "/usr/lib/python2.7/dist-packages/apport_python_hook.py", line 54, in apport_excepthook
    if not enabled():
TypeError: 'NoneType' object is not callable

Original exception was:
Traceback (most recent call last):
  File "/tmp/a8e286d7127aee815b5a", line 11, in <module>
    I_N_P_U_T = (prisonbreak)
NameError: name 'prisonbreak' is not defined
Segmentation fault (core dumped)
Segmentation fault (core dumped)
Error in sys.excepthook:
Traceback (most recent call last):
  File "/usr/lib/python2.7/dist-packages/apport_python_hook.py", line 54, in apport_excepthook
    if not enabled():
TypeError: 'NoneType' object is not callable

Original exception was:
Traceback (most recent call last):
  File "/tmp/a142cc4241e94eea49e2", line 11, in <module>
    I_N_P_U_T = (gogogo)
NameError: name 'gogogo' is not defined
Segmentation fault (core dumped)
Error in sys.excepthook:
Traceback (most recent call last):
  File "/usr/lib/python2.7/dist-packages/apport_python_hook.py", line 54, in apport_excepthook
    if not enabled():
TypeError: 'NoneType' object is not callable

Original exception was:
Traceback (most recent call last):
  File "/tmp/c1db87cec22b7b0187fe", line 11, in <module>
    I_N_P_U_T = (gogogo)
NameError: name 'gogogo' is not defined
Segmentation fault (core dumped)
Segmentation fault (core dumped)
Segmentation fault (core dumped)
Error in sys.excepthook:
Traceback (most recent call last):
  File "/usr/lib/python2.7/dist-packages/apport_python_hook.py", line 54, in apport_excepthook
    if not enabled():
TypeError: 'NoneType' object is not callable

Original exception was:
Traceback (most recent call last):
  File "/tmp/0ccb46679131474c57fb", line 11, in <module>
    I_N_P_U_T = (afdsafsa)
NameError: name 'afdsafsa' is not defined
Segmentation fault (core dumped)
Segmentation fault (core dumped)
Error in sys.excepthook:
Traceback (most recent call last):
  File "/usr/lib/python2.7/dist-packages/apport_python_hook.py", line 54, in apport_excepthook
    if not enabled():
TypeError: 'NoneType' object is not callable

Original exception was:
Traceback (most recent call last):
  File "/tmp/671105f73c5f1a0c559a", line 11, in <module>
    I_N_P_U_T = (afdsafsa)
NameError: name 'afdsafsa' is not defined
Segmentation fault (core dumped)
Segmentation fault (core dumped)
Segmentation fault (core dumped)
Error in sys.excepthook:
Traceback (most recent call last):
  File "/usr/lib/python2.7/dist-packages/apport_python_hook.py", line 54, in apport_excepthook
    if not enabled():
TypeError: 'NoneType' object is not callable

Original exception was:
Traceback (most recent call last):
  File "/tmp/6256abff8a8b39926845", line 11, in <module>
    I_N_P_U_T = (afdsafsaaaaaaaaaaaaaaaaaaaaaaaaaaaaaaaaaaaaaaaaaaa)
NameError: name 'afdsafsaaaaaaaaaaaaaaaaaaaaaaaaaaaaaaaaaaaaaaaaaaa' is not defined
Segmentation fault (core dumped)
Error in sys.excepthook:
Traceback (most recent call last):
  File "/usr/lib/python2.7/dist-packages/apport_python_hook.py", line 54, in apport_excepthook
    if not enabled():
TypeError: 'NoneType' object is not callable

Original exception was:
Traceback (most recent call last):
  File "/tmp/a638c164097ae3004231", line 11, in <module>
    I_N_P_U_T = (afdsafsaaaaaaaaaaaaaaaaaaaaaaaaaaaaaaaaaaaaaaaaaaa)
NameError: name 'afdsafsaaaaaaaaaaaaaaaaaaaaaaaaaaaaaaaaaaaaaaaaaaa' is not defined
Segmentation fault (core dumped)
Error in sys.excepthook:
Traceback (most recent call last):
  File "/usr/lib/python2.7/dist-packages/apport_python_hook.py", line 54, in apport_excepthook
    if not enabled():
TypeError: 'NoneType' object is not callable

Original exception was:
Traceback (most recent call last):
  File "/tmp/8ed4695054da690a76a1", line 11, in <module>
    I_N_P_U_T = (afdsafsaaaaaaaaaaaaaaaaaaaaaaaaaaaaaaaaaaaaaaaaaaa)
NameError: name 'afdsafsaaaaaaaaaaaaaaaaaaaaaaaaaaaaaaaaaaaaaaaaaaa' is not defined
Segmentation fault (core dumped)
Segmentation fault (core dumped)
  File "/tmp/b579ec4650b1308acac6", line 11
    I_N_P_U_T = (afdsafsaaaaaaaaaaaaaaaaaaaaaaaaaaaaaaaaaaaaaaaa]aa)
                                                                ^
SyntaxError: invalid syntax
Segmentation fault (core dumped)
Segmentation fault (core dumped)
Segmentation fault (core dumped)
Segmentation fault (core dumped)
Segmentation fault (core dumped)
Segmentation fault (core dumped)
Segmentation fault (core dumped)
Segmentation fault (core dumped)
Segmentation fault (core dumped)
Segmentation fault (core dumped)
Segmentation fault (core dumped)
  File "/tmp/dbbcbc6f863fc1479e72", line 11
    I_N_P_U_T = (fdsafsaaaaaaaaaaaaaaaaaaaaaaaaaaaaaaaaaaaaaaaa]aaa)
                                                               ^
SyntaxError: invalid syntax
Error in sys.excepthook:
Traceback (most recent call last):
  File "/usr/lib/python2.7/dist-packages/apport_python_hook.py", line 54, in apport_excepthook
    if not enabled():
TypeError: 'NoneType' object is not callable

Original exception was:
Traceback (most recent call last):
  File "/tmp/10ed0356db7de12b09ae", line 11, in <module>
    I_N_P_U_T = (asdasd)
NameError: name 'asdasd' is not defined
Segmentation fault (core dumped)
Error in sys.excepthook:
Traceback (most recent call last):
  File "/usr/lib/python2.7/dist-packages/apport_python_hook.py", line 54, in apport_excepthook
    if not enabled():
TypeError: 'NoneType' object is not callable

Original exception was:
Traceback (most recent call last):
  File "/tmp/a421dbd53d99d8fa2610", line 11, in <module>
    I_N_P_U_T = (ls)
NameError: name 'ls' is not defined
Segmentation fault (core dumped)
Error in sys.excepthook:
Traceback (most recent call last):
  File "/usr/lib/python2.7/dist-packages/apport_python_hook.py", line 54, in apport_excepthook
    if not enabled():
TypeError: 'NoneType' object is not callable

Original exception was:
Traceback (most recent call last):
  File "/tmp/f0b93a4b3eda21aa7895", line 11, in <module>
    I_N_P_U_T = (lsla)
NameError: name 'lsla' is not defined
Segmentation fault (core dumped)
Segmentation fault (core dumped)
Segmentation fault (core dumped)
Error in sys.excepthook:
Traceback (most recent call last):
  File "/usr/lib/python2.7/dist-packages/apport_python_hook.py", line 54, in apport_excepthook
    if not enabled():
TypeError: 'NoneType' object is not callable

Original exception was:
Traceback (most recent call last):
  File "/tmp/69d261e79ab7f4e4eebb", line 11, in <module>
    I_N_P_U_T = (lsla)
NameError: name 'lsla' is not defined
Segmentation fault (core dumped)
Segmentation fault (core dumped)
Segmentation fault (core dumped)
Error in sys.excepthook:
Traceback (most recent call last):
  File "/usr/lib/python2.7/dist-packages/apport_python_hook.py", line 54, in apport_excepthook
    if not enabled():
TypeError: 'NoneType' object is not callable

Original exception was:
Traceback (most recent call last):
  File "/tmp/40f97acccee312d70c1e", line 11, in <module>
    I_N_P_U_T = (lsla)
NameError: name 'lsla' is not defined
Segmentation fault (core dumped)
Segmentation fault (core dumped)
Error in sys.excepthook:
Traceback (most recent call last):
  File "/usr/lib/python2.7/dist-packages/apport_python_hook.py", line 54, in apport_excepthook
    if not enabled():
TypeError: 'NoneType' object is not callable

Original exception was:
Traceback (most recent call last):
  File "/tmp/028e61f8f8ade79ddbba", line 11, in <module>
    I_N_P_U_T = (ls[0])
NameError: name 'ls' is not defined
Segmentation fault (core dumped)
Segmentation fault (core dumped)
Error in sys.excepthook:
Traceback (most recent call last):
  File "/usr/lib/python2.7/dist-packages/apport_python_hook.py", line 54, in apport_excepthook
    if not enabled():
TypeError: 'NoneType' object is not callable

Original exception was:
Traceback (most recent call last):
  File "/tmp/e7432c20c0c485d70cbd", line 11, in <module>
    I_N_P_U_T = (true)
NameError: name 'true' is not defined
Segmentation fault (core dumped)
Error in sys.excepthook:
Traceback (most recent call last):
  File "/usr/lib/python2.7/dist-packages/apport_python_hook.py", line 54, in apport_excepthook
    if not enabled():
TypeError: 'NoneType' object is not callable

Original exception was:
Traceback (most recent call last):
  File "/tmp/9dca7af6fd2a05742c27", line 11, in <module>
    I_N_P_U_T = (q)
NameError: name 'q' is not defined
Segmentation fault (core dumped)
  File "/tmp/34485b3bf8277fbe1f2b", line 11
    I_N_P_U_T = (1true)
                     ^
SyntaxError: invalid syntax
  File "/tmp/5ab9d7d516818807895b", line 11
    I_N_P_U_T = (1true)
                     ^
SyntaxError: invalid syntax
Error in sys.excepthook:
Traceback (most recent call last):
  File "/usr/lib/python2.7/dist-packages/apport_python_hook.py", line 54, in apport_excepthook
    if not enabled():
TypeError: 'NoneType' object is not callable

Original exception was:
Traceback (most recent call last):
  File "/tmp/6feb158eb0bbddeeee58", line 11, in <module>
    I_N_P_U_T = (go)
NameError: name 'go' is not defined
Segmentation fault (core dumped)
  File "/tmp/a132285bb4d34ccf0e65", line 11
    I_N_P_U_T = ())
                  ^
SyntaxError: invalid syntax
Error in sys.excepthook:
Traceback (most recent call last):
  File "/usr/lib/python2.7/dist-packages/apport_python_hook.py", line 54, in apport_excepthook
    if not enabled():
TypeError: 'NoneType' object is not callable

Original exception was:
Traceback (most recent call last):
  File "/tmp/eec5bcf9b59d89483be4", line 11, in <module>
    I_N_P_U_T = ()()
TypeError: 'tuple' object is not callable
Segmentation fault (core dumped)
Error in sys.excepthook:
Traceback (most recent call last):
  File "/usr/lib/python2.7/dist-packages/apport_python_hook.py", line 54, in apport_excepthook
    if not enabled():
TypeError: 'NoneType' object is not callable

Original exception was:
Traceback (most recent call last):
  File "/tmp/1016a88164c53f91e1f5", line 11, in <module>
    I_N_P_U_T = (asa)
NameError: name 'asa' is not defined
Segmentation fault (core dumped)
Segmentation fault (core dumped)
Segmentation fault (core dumped)
Segmentation fault (core dumped)
Segmentation fault (core dumped)
Segmentation fault (core dumped)
Segmentation fault (core dumped)
Segmentation fault (core dumped)
Error in sys.excepthook:
Traceback (most recent call last):
  File "/usr/lib/python2.7/dist-packages/apport_python_hook.py", line 54, in apport_excepthook
    if not enabled():
TypeError: 'NoneType' object is not callable

Original exception was:
Traceback (most recent call last):
  File "/tmp/787032ed3787be15d098", line 11, in <module>
    I_N_P_U_T = (go)
NameError: name 'go' is not defined
Segmentation fault (core dumped)
Error in sys.excepthook:
Traceback (most recent call last):
  File "/usr/lib/python2.7/dist-packages/apport_python_hook.py", line 54, in apport_excepthook
    if not enabled():
TypeError: 'NoneType' object is not callable

Original exception was:
Traceback (most recent call last):
  File "/tmp/2fe06c0336713f3667e9", line 11, in <module>
    I_N_P_U_T = (goggg)
NameError: name 'goggg' is not defined
Segmentation fault (core dumped)
Error in sys.excepthook:
Traceback (most recent call last):
  File "/usr/lib/python2.7/dist-packages/apport_python_hook.py", line 54, in apport_excepthook
    if not enabled():
TypeError: 'NoneType' object is not callable

Original exception was:
Traceback (most recent call last):
  File "/tmp/017698c0d1c2431daaa8", line 11, in <module>
    I_N_P_U_T = (aaaaaaaaaaaaaaaa)
NameError: name 'aaaaaaaaaaaaaaaa' is not defined
Segmentation fault (core dumped)
Error in sys.excepthook:
Traceback (most recent call last):
  File "/usr/lib/python2.7/dist-packages/apport_python_hook.py", line 54, in apport_excepthook
    if not enabled():
TypeError: 'NoneType' object is not callable

Original exception was:
Traceback (most recent call last):
  File "/tmp/80104426c87abf9ef7dd", line 11, in <module>
    I_N_P_U_T = (read(flag))
NameError: name 'read' is not defined
Segmentation fault (core dumped)
Error in sys.excepthook:
Traceback (most recent call last):
  File "/usr/lib/python2.7/dist-packages/apport_python_hook.py", line 54, in apport_excepthook
    if not enabled():
TypeError: 'NoneType' object is not callable

Original exception was:
Traceback (most recent call last):
  File "/tmp/e1d532f1b51dd23c4f51", line 11, in <module>
    I_N_P_U_T = (read(flag))
NameError: name 'read' is not defined
Segmentation fault (core dumped)
Segmentation fault (core dumped)
Error in sys.excepthook:
Traceback (most recent call last):
  File "/usr/lib/python2.7/dist-packages/apport_python_hook.py", line 54, in apport_excepthook
    if not enabled():
TypeError: 'NoneType' object is not callable

Original exception was:
Traceback (most recent call last):
  File "/tmp/dbc6a9fce9a170e1ac01", line 11, in <module>
    I_N_P_U_T = (flag)
NameError: name 'flag' is not defined
Segmentation fault (core dumped)
Segmentation fault (core dumped)
Segmentation fault (core dumped)
  File "/tmp/68cd6e5af0c59d30a162", line 12
    if I_N_P_U_T == list(F_L_A_G): print I_N_P_U_T
                                 ^
SyntaxError: invalid syntax
  File "/tmp/8c9d9adff3bf65c88cf2", line 12
    if I_N_P_U_T == list(F_L_A_G): print I_N_P_U_T
                                 ^
SyntaxError: invalid syntax
Segmentation fault (core dumped)
Error in sys.excepthook:
Traceback (most recent call last):
  File "/usr/lib/python2.7/dist-packages/apport_python_hook.py", line 54, in apport_excepthook
    if not enabled():
TypeError: 'NoneType' object is not callable

Original exception was:
Traceback (most recent call last):
  File "/tmp/9b1d838304df857012a6", line 11, in <module>
    I_N_P_U_T = (list(globals()[list(globals())[3]]))
TypeError: 'NoneType' object is not iterable
Segmentation fault (core dumped)
Error in sys.excepthook:
Traceback (most recent call last):
  File "/usr/lib/python2.7/dist-packages/apport_python_hook.py", line 54, in apport_excepthook
    if not enabled():
TypeError: 'NoneType' object is not callable

Original exception was:
Traceback (most recent call last):
  File "/tmp/3fc0fc3247c5e423e4fa", line 11, in <module>
    I_N_P_U_T = (list(globals()[list(globals())[1]]))
TypeError: 'NoneType' object is not iterable
Segmentation fault (core dumped)
Error in sys.excepthook:
Traceback (most recent call last):
  File "/usr/lib/python2.7/dist-packages/apport_python_hook.py", line 54, in apport_excepthook
    if not enabled():
TypeError: 'NoneType' object is not callable

Original exception was:
Traceback (most recent call last):
  File "/tmp/34574d23cc5897369141", line 11, in <module>
    I_N_P_U_T = (list(globals()[list(globals())[2]]))
TypeError: 'NoneType' object is not iterable
Segmentation fault (core dumped)
Error in sys.excepthook:
Traceback (most recent call last):
  File "/usr/lib/python2.7/dist-packages/apport_python_hook.py", line 54, in apport_excepthook
    if not enabled():
TypeError: 'NoneType' object is not callable

Original exception was:
Traceback (most recent call last):
  File "/tmp/9a154582c52f7a57e7a1", line 11, in <module>
    I_N_P_U_T = (list(globals()[list(globals())[2]]))
TypeError: 'NoneType' object is not iterable
Segmentation fault (core dumped)
Error in sys.excepthook:
Traceback (most recent call last):
  File "/usr/lib/python2.7/dist-packages/apport_python_hook.py", line 54, in apport_excepthook
    if not enabled():
TypeError: 'NoneType' object is not callable

Original exception was:
Traceback (most recent call last):
  File "/tmp/69ccae07b08cdebea3fb", line 11, in <module>
    I_N_P_U_T = (list(globals()[list(globals())[3]]))
TypeError: 'NoneType' object is not iterable
Segmentation fault (core dumped)
Error in sys.excepthook:
Traceback (most recent call last):
  File "/usr/lib/python2.7/dist-packages/apport_python_hook.py", line 54, in apport_excepthook
    if not enabled():
TypeError: 'NoneType' object is not callable

Original exception was:
Traceback (most recent call last):
  File "/tmp/3de26d32113bd07d9e24", line 11, in <module>
    I_N_P_U_T = (list(globals()[list(globals())[4]]))
TypeError: 'NoneType' object is not iterable
Segmentation fault (core dumped)
Error in sys.excepthook:
Traceback (most recent call last):
  File "/usr/lib/python2.7/dist-packages/apport_python_hook.py", line 54, in apport_excepthook
    if not enabled():
TypeError: 'NoneType' object is not callable

Original exception was:
Traceback (most recent call last):
  File "/tmp/c04d12e0ee9fa4f731b1", line 11, in <module>
    I_N_P_U_T = (list(globals()[list(globals())[5]]))
TypeError: 'NoneType' object is not iterable
Segmentation fault (core dumped)
Error in sys.excepthook:
Traceback (most recent call last):
  File "/usr/lib/python2.7/dist-packages/apport_python_hook.py", line 54, in apport_excepthook
    if not enabled():
TypeError: 'NoneType' object is not callable

Original exception was:
Traceback (most recent call last):
  File "/tmp/6989d88182ccdeca9ad9", line 11, in <module>
    I_N_P_U_T = (list(globals()[list(globals())[6]]))
TypeError: 'NoneType' object is not iterable
Segmentation fault (core dumped)
Error in sys.excepthook:
Traceback (most recent call last):
  File "/usr/lib/python2.7/dist-packages/apport_python_hook.py", line 54, in apport_excepthook
    if not enabled():
TypeError: 'NoneType' object is not callable

Original exception was:
Traceback (most recent call last):
  File "/tmp/a78f41a3852036f2b8b0", line 11, in <module>
    I_N_P_U_T = (list(globals()[list(globals())[7]]))
TypeError: 'NoneType' object is not iterable
Segmentation fault (core dumped)
Segmentation fault (core dumped)
Error in sys.excepthook:
Traceback (most recent call last):
  File "/usr/lib/python2.7/dist-packages/apport_python_hook.py", line 54, in apport_excepthook
    if not enabled():
TypeError: 'NoneType' object is not callable

Original exception was:
Traceback (most recent call last):
  File "/tmp/459ba60f41b6e166355f", line 11, in <module>
    I_N_P_U_T = (ggffdg)
NameError: name 'ggffdg' is not defined
Segmentation fault (core dumped)
Error in sys.excepthook:
Traceback (most recent call last):
  File "/usr/lib/python2.7/dist-packages/apport_python_hook.py", line 54, in apport_excepthook
    if not enabled():
TypeError: 'NoneType' object is not callable

Original exception was:
Traceback (most recent call last):
  File "/tmp/7b3e0d3b06a53eb5fd8f", line 11, in <module>
    I_N_P_U_T = (flag)
NameError: name 'flag' is not defined
Segmentation fault (core dumped)
  File "/tmp/f3e9fd45248c5fe7a2b4", line 11
    I_N_P_U_T = (312eqedasd)
                    ^
SyntaxError: invalid token
  File "/tmp/d08a4299788bac99be3a", line 11
    I_N_P_U_T = (312eqedasd)
                    ^
SyntaxError: invalid token
Segmentation fault (core dumped)
Segmentation fault (core dumped)
Segmentation fault (core dumped)
Segmentation fault (core dumped)
Segmentation fault (core dumped)
Segmentation fault (core dumped)
  File "/tmp/8664739c6a30235be9a0", line 11
    I_N_P_U_T = (0x3004jjjjj)
                           ^
SyntaxError: invalid syntax
Error in sys.excepthook:
Traceback (most recent call last):
  File "/usr/lib/python2.7/dist-packages/apport_python_hook.py", line 54, in apport_excepthook
    if not enabled():
TypeError: 'NoneType' object is not callable

Original exception was:
Traceback (most recent call last):
  File "/tmp/a5493ad77b2317c31259", line 11, in <module>
    I_N_P_U_T = (format(aaa02x))
NameError: name 'aaa02x' is not defined
Segmentation fault (core dumped)
Segmentation fault (core dumped)
Segmentation fault (core dumped)
Segmentation fault (core dumped)
Error in sys.excepthook:
Traceback (most recent call last):
  File "/usr/lib/python2.7/dist-packages/apport_python_hook.py", line 54, in apport_excepthook
    if not enabled():
TypeError: 'NoneType' object is not callable

Original exception was:
Traceback (most recent call last):
  File "/tmp/52e90b7fde6fa609fd71", line 11, in <module>
    I_N_P_U_T = (print123)
NameError: name 'print123' is not defined
Segmentation fault (core dumped)
Error in sys.excepthook:
Traceback (most recent call last):
  File "/usr/lib/python2.7/dist-packages/apport_python_hook.py", line 54, in apport_excepthook
    if not enabled():
TypeError: 'NoneType' object is not callable

Original exception was:
Traceback (most recent call last):
  File "/tmp/a338734cd0f329b28de0", line 11, in <module>
    I_N_P_U_T = (iforiin)
NameError: name 'iforiin' is not defined
Segmentation fault (core dumped)
Segmentation fault (core dumped)
Segmentation fault (core dumped)
Segmentation fault (core dumped)
Segmentation fault (core dumped)
Segmentation fault (core dumped)
Segmentation fault (core dumped)
  File "/tmp/7d671c1218cb85661477", line 11
    I_N_P_U_T = ())
                  ^
SyntaxError: invalid syntax
Segmentation fault (core dumped)
Error in sys.excepthook:
Traceback (most recent call last):
  File "/usr/lib/python2.7/dist-packages/apport_python_hook.py", line 54, in apport_excepthook
    if not enabled():
TypeError: 'NoneType' object is not callable

Original exception was:
Traceback (most recent call last):
  File "/tmp/d2ec3e2afbfa464a760b", line 11, in <module>
    I_N_P_U_T = (list(abc))
NameError: name 'abc' is not defined
Segmentation fault (core dumped)
Segmentation fault (core dumped)
Error in sys.excepthook:
Traceback (most recent call last):
  File "/usr/lib/python2.7/dist-packages/apport_python_hook.py", line 54, in apport_excepthook
    if not enabled():
TypeError: 'NoneType' object is not callable

Original exception was:
Traceback (most recent call last):
  File "/tmp/85d85aa6f8b830f02a82", line 11, in <module>
    I_N_P_U_T = (s)
NameError: name 's' is not defined
Segmentation fault (core dumped)
Error in sys.excepthook:
Traceback (most recent call last):
  File "/usr/lib/python2.7/dist-packages/apport_python_hook.py", line 54, in apport_excepthook
    if not enabled():
TypeError: 'NoneType' object is not callable

Original exception was:
Traceback (most recent call last):
  File "/tmp/4229c485b4410f8207ed", line 11, in <module>
    I_N_P_U_T = (eval(11))
TypeError: 'NoneType' object is not callable
Segmentation fault (core dumped)
  File "/tmp/0437ea61f164acab888e", line 11
    I_N_P_U_T = ()exit()
                     ^
SyntaxError: invalid syntax
Error in sys.excepthook:
Traceback (most recent call last):
  File "/usr/lib/python2.7/dist-packages/apport_python_hook.py", line 54, in apport_excepthook
    if not enabled():
TypeError: 'NoneType' object is not callable

Original exception was:
Traceback (most recent call last):
  File "/tmp/e6338f20c74df2b5ccea", line 11, in <module>
    I_N_P_U_T = (str(a))
NameError: name 'a' is not defined
Segmentation fault (core dumped)
Segmentation fault (core dumped)
Segmentation fault (core dumped)
Error in sys.excepthook:
Traceback (most recent call last):
  File "/usr/lib/python2.7/dist-packages/apport_python_hook.py", line 54, in apport_excepthook
    if not enabled():
TypeError: 'NoneType' object is not callable

Original exception was:
Traceback (most recent call last):
  File "/tmp/035df4f27b540185d348", line 11, in <module>
    I_N_P_U_T = (xxxxx)
NameError: name 'xxxxx' is not defined
Segmentation fault (core dumped)
Error in sys.excepthook:
Traceback (most recent call last):
  File "/usr/lib/python2.7/dist-packages/apport_python_hook.py", line 54, in apport_excepthook
    if not enabled():
TypeError: 'NoneType' object is not callable

Original exception was:
Traceback (most recent call last):
  File "/tmp/5820e49dede01127193b", line 11, in <module>
    I_N_P_U_T = (xxxxx)
NameError: name 'xxxxx' is not defined
Segmentation fault (core dumped)
Error in sys.excepthook:
Traceback (most recent call last):
  File "/usr/lib/python2.7/dist-packages/apport_python_hook.py", line 54, in apport_excepthook
    if not enabled():
TypeError: 'NoneType' object is not callable

Original exception was:
Traceback (most recent call last):
  File "/tmp/4f906a2046cae7461755", line 11, in <module>
    I_N_P_U_T = (xxxxx)
NameError: name 'xxxxx' is not defined
Segmentation fault (core dumped)
Error in sys.excepthook:
Traceback (most recent call last):
  File "/usr/lib/python2.7/dist-packages/apport_python_hook.py", line 54, in apport_excepthook
    if not enabled():
TypeError: 'NoneType' object is not callable

Original exception was:
Traceback (most recent call last):
  File "/tmp/58dfcdd056318a99eeee", line 11, in <module>
    I_N_P_U_T = (xxxxx)
NameError: name 'xxxxx' is not defined
Segmentation fault (core dumped)
  File "/tmp/1d37d27b7d817f63d9df", line 11
    I_N_P_U_T = (xxxxx))
                       ^
SyntaxError: invalid syntax
Error in sys.excepthook:
Traceback (most recent call last):
  File "/usr/lib/python2.7/dist-packages/apport_python_hook.py", line 54, in apport_excepthook
    if not enabled():
TypeError: 'NoneType' object is not callable

Original exception was:
Traceback (most recent call last):
  File "/tmp/9bfebd5a67ec7bd7f9ec", line 11, in <module>
    I_N_P_U_T = (xxxxx)
NameError: name 'xxxxx' is not defined
Segmentation fault (core dumped)
Error in sys.excepthook:
Traceback (most recent call last):
  File "/usr/lib/python2.7/dist-packages/apport_python_hook.py", line 54, in apport_excepthook
    if not enabled():
TypeError: 'NoneType' object is not callable

Original exception was:
Traceback (most recent call last):
  File "/tmp/ff7041340b27cbfdcb37", line 11, in <module>
    I_N_P_U_T = (xxxxx)
NameError: name 'xxxxx' is not defined
Segmentation fault (core dumped)
Error in sys.excepthook:
Traceback (most recent call last):
  File "/usr/lib/python2.7/dist-packages/apport_python_hook.py", line 54, in apport_excepthook
    if not enabled():
TypeError: 'NoneType' object is not callable

Original exception was:
Traceback (most recent call last):
  File "/tmp/f905a8b538b4f75a5894", line 11, in <module>
    I_N_P_U_T = (xxxxx)
NameError: name 'xxxxx' is not defined
Segmentation fault (core dumped)
Error in sys.excepthook:
Traceback (most recent call last):
  File "/usr/lib/python2.7/dist-packages/apport_python_hook.py", line 54, in apport_excepthook
    if not enabled():
TypeError: 'NoneType' object is not callable

Original exception was:
Traceback (most recent call last):
  File "/tmp/afc992765916cca1f106", line 11, in <module>
    I_N_P_U_T = (eval())
TypeError: 'NoneType' object is not callable
Segmentation fault (core dumped)
Segmentation fault (core dumped)
Error in sys.excepthook:
Traceback (most recent call last):
  File "/usr/lib/python2.7/dist-packages/apport_python_hook.py", line 54, in apport_excepthook
    if not enabled():
TypeError: 'NoneType' object is not callable

Original exception was:
Traceback (most recent call last):
  File "/tmp/025adce0c716d6d08601", line 11, in <module>
    I_N_P_U_T = (input(acd))
NameError: name 'acd' is not defined
Segmentation fault (core dumped)
Error in sys.excepthook:
Traceback (most recent call last):
  File "/usr/lib/python2.7/dist-packages/apport_python_hook.py", line 54, in apport_excepthook
    if not enabled():
TypeError: 'NoneType' object is not callable

Original exception was:
Traceback (most recent call last):
  File "/tmp/044d527f20f4d3fad2f1", line 11, in <module>
    I_N_P_U_T = (input(acd))
NameError: name 'acd' is not defined
Segmentation fault (core dumped)
Error in sys.excepthook:
Traceback (most recent call last):
  File "/usr/lib/python2.7/dist-packages/apport_python_hook.py", line 54, in apport_excepthook
    if not enabled():
TypeError: 'NoneType' object is not callable

Original exception was:
Traceback (most recent call last):
  File "/tmp/b0d11b22d17b926809d3", line 11, in <module>
    I_N_P_U_T = (input(acd))
NameError: name 'acd' is not defined
Segmentation fault (core dumped)
Error in sys.excepthook:
Traceback (most recent call last):
  File "/usr/lib/python2.7/dist-packages/apport_python_hook.py", line 54, in apport_excepthook
    if not enabled():
TypeError: 'NoneType' object is not callable

Original exception was:
Traceback (most recent call last):
  File "/tmp/ac34caab10f68e306037", line 11, in <module>
    I_N_P_U_T = (input(acd))
NameError: name 'acd' is not defined
Error in sys.excepthook:
Traceback (most recent call last):
  File "/usr/lib/python2.7/dist-packages/apport_python_hook.py", line 54, in apport_excepthook
    if not enabled():
TypeError: 'NoneType' object is not callable

Original exception was:
Traceback (most recent call last):
  File "/tmp/f920e224d5f843d66d5d", line 11, in <module>
    I_N_P_U_T = (input(acd))
NameError: name 'acd' is not defined
Segmentation fault (core dumped)
Segmentation fault (core dumped)
Segmentation fault (core dumped)
Segmentation fault (core dumped)
Segmentation fault (core dumped)
Segmentation fault (core dumped)
Segmentation fault (core dumped)
Error in sys.excepthook:
Traceback (most recent call last):
  File "/usr/lib/python2.7/dist-packages/apport_python_hook.py", line 54, in apport_excepthook
    if not enabled():
TypeError: 'NoneType' object is not callable

Original exception was:
Traceback (most recent call last):
  File "/tmp/7777ed6d16b905b85f7e", line 11, in <module>
    I_N_P_U_T = (01111())
TypeError: 'int' object is not callable
Segmentation fault (core dumped)
Segmentation fault (core dumped)
Segmentation fault (core dumped)
  File "/tmp/a1c2d50258cee918adf1", line 11
    I_N_P_U_T = (01111a)
                      ^
SyntaxError: invalid syntax
Segmentation fault (core dumped)
Segmentation fault (core dumped)
Segmentation fault (core dumped)
  File "/tmp/eb7f1e18ae680f8b894a", line 11
    I_N_P_U_T = (p()()()[p)
                          ^
SyntaxError: invalid syntax
Error in sys.excepthook:
Traceback (most recent call last):
  File "/usr/lib/python2.7/dist-packages/apport_python_hook.py", line 54, in apport_excepthook
    if not enabled():
TypeError: 'NoneType' object is not callable

Original exception was:
Traceback (most recent call last):
  File "/tmp/1dcf7a61da6b83e15c18", line 11, in <module>
    I_N_P_U_T = (aaaa)
NameError: name 'aaaa' is not defined
Segmentation fault (core dumped)
  File "/tmp/3acc69177a8374f152ac", line 11
    I_N_P_U_T = (1))
                   ^
SyntaxError: invalid syntax
  File "/tmp/aad351a701c8683abe90", line 11
    I_N_P_U_T = (p0[]o[]0[a])
                    ^
SyntaxError: invalid syntax
  File "/tmp/ed620cebc555fd22bef3", line 11
    I_N_P_U_T = (1))
                   ^
SyntaxError: invalid syntax
Error in sys.excepthook:
Traceback (most recent call last):
  File "/usr/lib/python2.7/dist-packages/apport_python_hook.py", line 54, in apport_excepthook
    if not enabled():
TypeError: 'NoneType' object is not callable

Original exception was:
Traceback (most recent call last):
  File "/tmp/b904d6c72952de9784d0", line 11, in <module>
    I_N_P_U_T = (x00)
NameError: name 'x00' is not defined
Segmentation fault (core dumped)
Segmentation fault (core dumped)
  File "/tmp/e3567100683e230522f1", line 11
    I_N_P_U_T = (p()0()[()]()o()[()]()o()[()a()]())
                    ^
SyntaxError: invalid syntax
Error in sys.excepthook:
Traceback (most recent call last):
  File "/usr/lib/python2.7/dist-packages/apport_python_hook.py", line 54, in apport_excepthook
    if not enabled():
TypeError: 'NoneType' object is not callable

Original exception was:
Traceback (most recent call last):
  File "/tmp/98ed76fcd8cb608bc3d1", line 11, in <module>
    I_N_P_U_T = (p0ooa)
NameError: name 'p0ooa' is not defined
Segmentation fault (core dumped)
Error in sys.excepthook:
Traceback (most recent call last):
  File "/usr/lib/python2.7/dist-packages/apport_python_hook.py", line 54, in apport_excepthook
    if not enabled():
TypeError: 'NoneType' object is not callable

Original exception was:
Traceback (most recent call last):
  File "/tmp/6ea2c6814539d5ec1919", line 11, in <module>
    I_N_P_U_T = (fkd)
NameError: name 'fkd' is not defined
Segmentation fault (core dumped)
Segmentation fault (core dumped)
Error in sys.excepthook:
Traceback (most recent call last):
  File "/usr/lib/python2.7/dist-packages/apport_python_hook.py", line 54, in apport_excepthook
    if not enabled():
TypeError: 'NoneType' object is not callable

Original exception was:
Traceback (most recent call last):
  File "/tmp/d1d3cbacc07e61573913", line 11, in <module>
    I_N_P_U_T = (locals()[0])
KeyError: 0
Segmentation fault (core dumped)
  File "/tmp/4f94b054954b1cac0d65", line 11
    I_N_P_U_T = (locals()[locals()keys()[0]])
                                     ^
SyntaxError: invalid syntax
  File "/tmp/81a64a87308521e974ee", line 11
    I_N_P_U_T = (locals()[locals()keys()[1]])
                                     ^
SyntaxError: invalid syntax
  File "/tmp/a767a53faeefa0196d25", line 11
    I_N_P_U_T = (locals()[locals()keys()[2]])
                                     ^
SyntaxError: invalid syntax
  File "/tmp/2ac9a204e78a947f8c4d", line 11
    I_N_P_U_T = (locals()[locals()keys()[3]])
                                     ^
SyntaxError: invalid syntax
  File "/tmp/1f0fb4d6b81ec3c7f440", line 11
    I_N_P_U_T = (locals()[min(locals()keys())])
                                         ^
SyntaxError: invalid syntax
  File "/tmp/1ccc4695b9ed41483edc", line 11
    I_N_P_U_T = (locals()[min(locals()keys())])
                                         ^
SyntaxError: invalid syntax
Segmentation fault (core dumped)
Segmentation fault (core dumped)
Segmentation fault (core dumped)
Error in sys.excepthook:
Traceback (most recent call last):
  File "/usr/lib/python2.7/dist-packages/apport_python_hook.py", line 54, in apport_excepthook
    if not enabled():
TypeError: 'NoneType' object is not callable

Original exception was:
Traceback (most recent call last):
  File "/tmp/a30c5fe8bab59b0d43d5", line 11, in <module>
    I_N_P_U_T = (list(g))
NameError: name 'g' is not defined
Segmentation fault (core dumped)
Error in sys.excepthook:
Traceback (most recent call last):
  File "/usr/lib/python2.7/dist-packages/apport_python_hook.py", line 54, in apport_excepthook
    if not enabled():
TypeError: 'NoneType' object is not callable

Original exception was:
Traceback (most recent call last):
  File "/tmp/8983b9f09343587b899c", line 11, in <module>
    I_N_P_U_T = (list(upper(flag)))
NameError: name 'upper' is not defined
Segmentation fault (core dumped)
Error in sys.excepthook:
Traceback (most recent call last):
  File "/usr/lib/python2.7/dist-packages/apport_python_hook.py", line 54, in apport_excepthook
    if not enabled():
TypeError: 'NoneType' object is not callable

Original exception was:
Traceback (most recent call last):
  File "/tmp/9ba23de2bfddcb39908a", line 11, in <module>
    I_N_P_U_T = (list(upper(flag)))
NameError: name 'upper' is not defined
Segmentation fault (core dumped)
Error in sys.excepthook:
Traceback (most recent call last):
  File "/usr/lib/python2.7/dist-packages/apport_python_hook.py", line 54, in apport_excepthook
    if not enabled():
TypeError: 'NoneType' object is not callable

Original exception was:
Traceback (most recent call last):
  File "/tmp/777188889b70d22fb7f7", line 11, in <module>
    I_N_P_U_T = (list(upper(flag)))
NameError: name 'upper' is not defined
Segmentation fault (core dumped)
Error in sys.excepthook:
Traceback (most recent call last):
  File "/usr/lib/python2.7/dist-packages/apport_python_hook.py", line 54, in apport_excepthook
    if not enabled():
TypeError: 'NoneType' object is not callable

Original exception was:
Traceback (most recent call last):
  File "/tmp/a2417672d4af600ba1db", line 11, in <module>
    I_N_P_U_T = (list(upper(flag)))
NameError: name 'upper' is not defined
Segmentation fault (core dumped)
Error in sys.excepthook:
Traceback (most recent call last):
  File "/usr/lib/python2.7/dist-packages/apport_python_hook.py", line 54, in apport_excepthook
    if not enabled():
TypeError: 'NoneType' object is not callable

Original exception was:
Traceback (most recent call last):
  File "/tmp/a56918bc051fdd805d46", line 11, in <module>
    I_N_P_U_T = (list(upper(111111)))
NameError: name 'upper' is not defined
Segmentation fault (core dumped)
Error in sys.excepthook:
Traceback (most recent call last):
  File "/usr/lib/python2.7/dist-packages/apport_python_hook.py", line 54, in apport_excepthook
    if not enabled():
TypeError: 'NoneType' object is not callable

Original exception was:
Traceback (most recent call last):
  File "/tmp/a6921045c1ee4ea3e184", line 11, in <module>
    I_N_P_U_T = (avcd)
NameError: name 'avcd' is not defined
Segmentation fault (core dumped)
Error in sys.excepthook:
Traceback (most recent call last):
  File "/usr/lib/python2.7/dist-packages/apport_python_hook.py", line 54, in apport_excepthook
    if not enabled():
TypeError: 'NoneType' object is not callable

Original exception was:
Traceback (most recent call last):
  File "/tmp/98a4956163cbe7a0aae5", line 11, in <module>
    I_N_P_U_T = (list(1221))
TypeError: 'int' object is not iterable
Segmentation fault (core dumped)
Segmentation fault (core dumped)
Error in sys.excepthook:
Traceback (most recent call last):
  File "/usr/lib/python2.7/dist-packages/apport_python_hook.py", line 54, in apport_excepthook
    if not enabled():
TypeError: 'NoneType' object is not callable

Original exception was:
Traceback (most recent call last):
  File "/tmp/192d40e589f76e634f8e", line 11, in <module>
    I_N_P_U_T = (c)
NameError: name 'c' is not defined
Segmentation fault (core dumped)
  File "/tmp/246a2ca3c7fda0104509", line 11
    I_N_P_U_T = (list(locals()values()[0]))
                                   ^
SyntaxError: invalid syntax
  File "/tmp/b7e70e46c9a1c54b8f09", line 11
    I_N_P_U_T = (break)
                     ^
SyntaxError: invalid syntax
Segmentation fault (core dumped)
Error in sys.excepthook:
Traceback (most recent call last):
  File "/usr/lib/python2.7/dist-packages/apport_python_hook.py", line 54, in apport_excepthook
    if not enabled():
TypeError: 'NoneType' object is not callable

Original exception was:
Traceback (most recent call last):
  File "/tmp/ec967d3f0ca6c7427cff", line 11, in <module>
    I_N_P_U_T = (dsd)
NameError: name 'dsd' is not defined
Segmentation fault (core dumped)
Segmentation fault (core dumped)
Segmentation fault (core dumped)
Segmentation fault (core dumped)
Error in sys.excepthook:
Traceback (most recent call last):
  File "/usr/lib/python2.7/dist-packages/apport_python_hook.py", line 54, in apport_excepthook
    if not enabled():
TypeError: 'NoneType' object is not callable

Original exception was:
Traceback (most recent call last):
  File "/tmp/c0b8c6eb75ebf92c3ac7", line 11, in <module>
    I_N_P_U_T = (list(dict(locals())[list(locals())[0]]))
TypeError: 'module' object is not iterable
Segmentation fault (core dumped)
Error in sys.excepthook:
Traceback (most recent call last):
  File "/usr/lib/python2.7/dist-packages/apport_python_hook.py", line 54, in apport_excepthook
    if not enabled():
TypeError: 'NoneType' object is not callable

Original exception was:
Traceback (most recent call last):
  File "/tmp/a94808d7185a4f7faedb", line 11, in <module>
    I_N_P_U_T = (list(dict(locals())[list(locals())[1]]))
TypeError: 'NoneType' object is not iterable
Segmentation fault (core dumped)
Error in sys.excepthook:
Traceback (most recent call last):
  File "/usr/lib/python2.7/dist-packages/apport_python_hook.py", line 54, in apport_excepthook
    if not enabled():
TypeError: 'NoneType' object is not callable

Original exception was:
Traceback (most recent call last):
  File "/tmp/bd870b3d1d35052cc25f", line 11, in <module>
    I_N_P_U_T = (list(dict(locals())[list(locals())[2]]))
TypeError: 'NoneType' object is not iterable
Segmentation fault (core dumped)
Error in sys.excepthook:
Traceback (most recent call last):
  File "/usr/lib/python2.7/dist-packages/apport_python_hook.py", line 54, in apport_excepthook
    if not enabled():
TypeError: 'NoneType' object is not callable

Original exception was:
Traceback (most recent call last):
  File "/tmp/586bd9c33183399a898e", line 11, in <module>
    I_N_P_U_T = (list(dict(locals())[list(locals())[3]]))
TypeError: 'NoneType' object is not iterable
Segmentation fault (core dumped)
Error in sys.excepthook:
Traceback (most recent call last):
  File "/usr/lib/python2.7/dist-packages/apport_python_hook.py", line 54, in apport_excepthook
    if not enabled():
TypeError: 'NoneType' object is not callable

Original exception was:
Traceback (most recent call last):
  File "/tmp/ce3dd3033f677732642d", line 11, in <module>
    I_N_P_U_T = (list(dict(locals())[list(locals())[4]]))
TypeError: 'NoneType' object is not iterable
Segmentation fault (core dumped)
Error in sys.excepthook:
Traceback (most recent call last):
  File "/usr/lib/python2.7/dist-packages/apport_python_hook.py", line 54, in apport_excepthook
    if not enabled():
TypeError: 'NoneType' object is not callable

Original exception was:
Traceback (most recent call last):
  File "/tmp/6e6d27d440889ab55581", line 11, in <module>
    I_N_P_U_T = (list(dict(locals())[list(locals())[5]]))
TypeError: 'NoneType' object is not iterable
Segmentation fault (core dumped)
Error in sys.excepthook:
Traceback (most recent call last):
  File "/usr/lib/python2.7/dist-packages/apport_python_hook.py", line 54, in apport_excepthook
    if not enabled():
TypeError: 'NoneType' object is not callable

Original exception was:
Traceback (most recent call last):
  File "/tmp/a30b7a5cfd8d78c1ad82", line 11, in <module>
    I_N_P_U_T = (list(dict(locals())[list(locals())[6]]))
TypeError: 'NoneType' object is not iterable
Segmentation fault (core dumped)
Error in sys.excepthook:
Traceback (most recent call last):
  File "/usr/lib/python2.7/dist-packages/apport_python_hook.py", line 54, in apport_excepthook
    if not enabled():
TypeError: 'NoneType' object is not callable

Original exception was:
Traceback (most recent call last):
  File "/tmp/9c5e611fe5013941f7d8", line 11, in <module>
    I_N_P_U_T = (list(dict(locals())[list(locals())[7]]))
TypeError: 'NoneType' object is not iterable
Segmentation fault (core dumped)
Segmentation fault (core dumped)
Segmentation fault (core dumped)
  File "/tmp/9eceef12a2bd6452e27a", line 11
    I_N_P_U_T = ((1337)classbases[0]subclasses()[40])
                                ^
SyntaxError: invalid syntax
  File "/tmp/81484f1cba8284a75d1b", line 11
    I_N_P_U_T = (open(flagr)read())
                               ^
SyntaxError: invalid syntax
  File "/tmp/7ee7c71bfeded925af79", line 11
    I_N_P_U_T = (open(flagr)read())
                               ^
SyntaxError: invalid syntax
  File "/tmp/8fb6b651e2d385436b0b", line 11
    I_N_P_U_T = (open(flagr)read())
                               ^
SyntaxError: invalid syntax
  File "/tmp/58f30ba99d275d35afb9", line 11
    I_N_P_U_T = (open(flagr)read())
                               ^
SyntaxError: invalid syntax
Segmentation fault (core dumped)
  File "/tmp/a4c66a94bb80867d75b0", line 11
    I_N_P_U_T = (open(2527252e252fflag2527252c2527r2527)rea)
                                                      ^
SyntaxError: invalid syntax
Segmentation fault (core dumped)
Segmentation fault (core dumped)
Error in sys.excepthook:
Traceback (most recent call last):
  File "/usr/lib/python2.7/dist-packages/apport_python_hook.py", line 54, in apport_excepthook
    if not enabled():
TypeError: 'NoneType' object is not callable

Original exception was:
Traceback (most recent call last):
  File "/tmp/25dcc0d449f293345c33", line 11, in <module>
    I_N_P_U_T = (reg0x3004)
NameError: name 'reg0x3004' is not defined
Segmentation fault (core dumped)
Segmentation fault (core dumped)
  File "/tmp/d05f469cd7b1677dbaed", line 11
    I_N_P_U_T = (open272e2fflag272c27r27)read())
                                            ^
SyntaxError: invalid syntax
Error in sys.excepthook:
Traceback (most recent call last):
  File "/usr/lib/python2.7/dist-packages/apport_python_hook.py", line 54, in apport_excepthook
    if not enabled():
TypeError: 'NoneType' object is not callable

Original exception was:
Traceback (most recent call last):
  File "/tmp/eabc1947ae61f3d62e9a", line 11, in <module>
    I_N_P_U_T = (asas)
NameError: name 'asas' is not defined
Segmentation fault (core dumped)
Segmentation fault (core dumped)
Segmentation fault (core dumped)
Segmentation fault (core dumped)
Segmentation fault (core dumped)
Segmentation fault (core dumped)
Error in sys.excepthook:
Traceback (most recent call last):
  File "/usr/lib/python2.7/dist-packages/apport_python_hook.py", line 54, in apport_excepthook
    if not enabled():
TypeError: 'NoneType' object is not callable

Original exception was:
Traceback (most recent call last):
  File "/tmp/2884bbe1661cb37ee3b2", line 11, in <module>
    I_N_P_U_T = (flag)
NameError: name 'flag' is not defined
Segmentation fault (core dumped)
Segmentation fault (core dumped)
Segmentation fault (core dumped)
Error in sys.excepthook:
Traceback (most recent call last):
  File "/usr/lib/python2.7/dist-packages/apport_python_hook.py", line 54, in apport_excepthook
Error in sys.excepthook:
Traceback (most recent call last):
  File "/usr/lib/python2.7/dist-packages/apport_python_hook.py", line 54, in apport_excepthook
    if not enabled():
TypeError: 'NoneType' object is not callable

Original exception was:
Traceback (most recent call last):
  File "/tmp/9f05d9fc67df512de83b", line 11, in <module>
    I_N_P_U_T = (omeustomnjectedeaderinjectedbywvs)
NameError: name 'omeustomnjectedeaderinjectedbywvs' is not defined
    if not enabled():
TypeError: 'NoneType' object is not callable

Original exception was:
Traceback (most recent call last):
  File "/tmp/fa8ac0a0424bfe1795ea", line 11, in <module>
    I_N_P_U_T = (responsewrite(90517009522036))
NameError: name 'responsewrite' is not defined
Error in sys.excepthook:
Traceback (most recent call last):
  File "/usr/lib/python2.7/dist-packages/apport_python_hook.py", line 54, in apport_excepthook
    if not enabled():
TypeError: 'NoneType' object is not callable

Original exception was:
Traceback (most recent call last):
  File "/tmp/2b7be21f50875f75276e", line 11, in <module>
    I_N_P_U_T = (catetcpasswd)
NameError: name 'catetcpasswd' is not defined
Error in sys.excepthook:
Traceback (most recent call last):
  File "/usr/lib/python2.7/dist-packages/apport_python_hook.py", line 54, in apport_excepthook
    if not enabled():
TypeError: 'NoneType' object is not callable

Original exception was:
Traceback (most recent call last):
  File "/tmp/077d4d52f4d8794a74c9", line 11, in <module>
    I_N_P_U_T = (etcpasswd)
NameError: name 'etcpasswd' is not defined
Segmentation fault (core dumped)
Segmentation fault (core dumped)
Segmentation fault (core dumped)
Segmentation fault (core dumped)
Segmentation fault (core dumped)
Segmentation fault (core dumped)
Segmentation fault (core dumped)
Error in sys.excepthook:
Traceback (most recent call last):
  File "/usr/lib/python2.7/dist-packages/apport_python_hook.py", line 54, in apport_excepthook
    if not enabled():
TypeError: 'NoneType' object is not callable

Original exception was:
Traceback (most recent call last):
  File "/tmp/f06d3d7ff020b25a0fd9", line 11, in <module>
    I_N_P_U_T = (omeustomnjectedeaderinjectedbywvs)
NameError: name 'omeustomnjectedeaderinjectedbywvs' is not defined
Error in sys.excepthook:
Traceback (most recent call last):
  File "/usr/lib/python2.7/dist-packages/apport_python_hook.py", line 54, in apport_excepthook
    if not enabled():
TypeError: 'NoneType' object is not callable

Original exception was:
Traceback (most recent call last):
  File "/tmp/35952477c2c2e2ac4532", line 11, in <module>
    I_N_P_U_T = (responsewrite(90517009522036))
NameError: name 'responsewrite' is not defined
Error in sys.excepthook:
Traceback (most recent call last):
  File "/usr/lib/python2.7/dist-packages/apport_python_hook.py", line 54, in apport_excepthook
    if not enabled():
TypeError: 'NoneType' object is not callable

Original exception was:
Traceback (most recent call last):
  File "/tmp/f169f19cfed6a15f763b", line 11, in <module>
    I_N_P_U_T = (catetcpasswd)
NameError: name 'catetcpasswd' is not defined
Segmentation fault (core dumped)
Segmentation fault (core dumped)
Segmentation fault (core dumped)
Segmentation fault (core dumped)
Error in sys.excepthook:
Traceback (most recent call last):
  File "/usr/lib/python2.7/dist-packages/apport_python_hook.py", line 54, in apport_excepthook
    if not enabled():
TypeError: 'NoneType' object is not callable

Original exception was:
Traceback (most recent call last):
  File "/tmp/a175c915d559239411fa", line 11, in <module>
    I_N_P_U_T = (httpsomeinexistentwebsiteacusomeinexistentfilewith)
NameError: name 'httpsomeinexistentwebsiteacusomeinexistentfilewith' is not defined
Segmentation fault (core dumped)
Segmentation fault (core dumped)
Error in sys.excepthook:
Traceback (most recent call last):
  File "/usr/lib/python2.7/dist-packages/apport_python_hook.py", line 54, in apport_excepthook
    if not enabled():
TypeError: 'NoneType' object is not callable

Original exception was:
Traceback (most recent call last):
  File "/tmp/09683c9c928d59ff7040", line 11, in <module>
    I_N_P_U_T = (responsewrite(90517009522036))
NameError: name 'responsewrite' is not defined
Error in sys.excepthook:
Traceback (most recent call last):
  File "/usr/lib/python2.7/dist-packages/apport_python_hook.py", line 54, in apport_excepthook
    if not enabled():
TypeError: 'NoneType' object is not callable

Original exception was:
Traceback (most recent call last):
  File "/tmp/5cf9e8dd587e7d99e940", line 11, in <module>
    I_N_P_U_T = (omeustomnjectedeaderinjectedbywvs)
NameError: name 'omeustomnjectedeaderinjectedbywvs' is not defined
Segmentation fault (core dumped)
Segmentation fault (core dumped)
Error in sys.excepthook:
Traceback (most recent call last):
  File "/usr/lib/python2.7/dist-packages/apport_python_hook.py", line 54, in apport_excepthook
    if not enabled():
TypeError: 'NoneType' object is not callable

Original exception was:
Traceback (most recent call last):
  File "/tmp/6d2f1a168095506f2002", line 11, in <module>
    I_N_P_U_T = (catetcpasswd)
NameError: name 'catetcpasswd' is not defined
Segmentation fault (core dumped)
Segmentation fault (core dumped)
  File "/tmp/33fcebe7dc993d9cd343", line 11
    I_N_P_U_T = (2222222222etc2passwd00jpg)
                           ^
SyntaxError: invalid token
Error in sys.excepthook:
Traceback (most recent call last):
  File "/usr/lib/python2.7/dist-packages/apport_python_hook.py", line 54, in apport_excepthook
    if not enabled():
TypeError: 'NoneType' object is not callable

Original exception was:
Traceback (most recent call last):
  File "/tmp/4b73c1f6f944b28cf9db", line 11, in <module>
    I_N_P_U_T = (httptestaspvulnwebcomtxsshtml00jpg)
NameError: name 'httptestaspvulnwebcomtxsshtml00jpg' is not defined
Error in sys.excepthook:
Traceback (most recent call last):
  File "/usr/lib/python2.7/dist-packages/apport_python_hook.py", line 54, in apport_excepthook
    if not enabled():
TypeError: 'NoneType' object is not callable

Original exception was:
Traceback (most recent call last):
  File "/tmp/d86852927e604567f09a", line 11, in <module>
    I_N_P_U_T = (catetcpasswd)
NameError: name 'catetcpasswd' is not defined
Segmentation fault (core dumped)
  File "/tmp/5b58dabd5cf81fa4f81b", line 11
    I_N_P_U_T = (94102n943550v952474)
                                   ^
SyntaxError: invalid syntax
Segmentation fault (core dumped)
Segmentation fault (core dumped)
  File "/tmp/232b9f9884f9cc3502ce", line 11
    I_N_P_U_T = (1or4141)
                       ^
SyntaxError: invalid syntax
Error in sys.excepthook:
Traceback (most recent call last):
  File "/usr/lib/python2.7/dist-packages/apport_python_hook.py", line 54, in apport_excepthook
    if not enabled():
TypeError: 'NoneType' object is not callable

Original exception was:
Traceback (most recent call last):
  File "/tmp/454392136e59d7c3c98a", line 11, in <module>
    I_N_P_U_T = (h)
NameError: name 'h' is not defined
Error in sys.excepthook:
Traceback (most recent call last):
  File "/usr/lib/python2.7/dist-packages/apport_python_hook.py", line 54, in apport_excepthook
    if not enabled():
TypeError: 'NoneType' object is not callable

Original exception was:
Traceback (most recent call last):
  File "/tmp/3ca3ecda694ad882dd0a", line 11, in <module>
    I_N_P_U_T = (etcpasswdjpg)
NameError: name 'etcpasswdjpg' is not defined
Segmentation fault (core dumped)
Segmentation fault (core dumped)
Error in sys.excepthook:
Traceback (most recent call last):
  File "/usr/lib/python2.7/dist-packages/apport_python_hook.py", line 54, in apport_excepthook
    if not enabled():
TypeError: 'NoneType' object is not callable

Original exception was:
Traceback (most recent call last):
  File "/tmp/478b4d7bfe72a1411ea7", line 11, in <module>
    I_N_P_U_T = (catetcpasswd)
NameError: name 'catetcpasswd' is not defined
  File "/tmp/2141df506e2bfcdcf396", line 11
    I_N_P_U_T = (1someinexistentfilewithlongname00jpg)
                                                    ^
SyntaxError: invalid syntax
Segmentation fault (core dumped)
Segmentation fault (core dumped)
  File "/tmp/d7e1c6a7ad551ed1f1c5", line 11
    I_N_P_U_T = ())
                  ^
SyntaxError: invalid syntax
Segmentation fault (core dumped)
  File "/tmp/44197fb48bb6ee7b61f0", line 11
    I_N_P_U_T = (print(md5(acunetixwvssecuritytest)))
                     ^
SyntaxError: invalid syntax
Error in sys.excepthook:
Traceback (most recent call last):
  File "/usr/lib/python2.7/dist-packages/apport_python_hook.py", line 54, in apport_excepthook
    if not enabled():
TypeError: 'NoneType' object is not callable

Original exception was:
Traceback (most recent call last):
  File "/tmp/b59c36dd44d702038055", line 11, in <module>
    I_N_P_U_T = (i4vi4vi4vi4vi4vi4vi4vi4vi4vi4vj3hc33uc5n)
NameError: name 'i4vi4vi4vi4vi4vi4vi4vi4vi4vi4vj3hc33uc5n' is not defined
Segmentation fault (core dumped)
Error in sys.excepthook:
Traceback (most recent call last):
  File "/usr/lib/python2.7/dist-packages/apport_python_hook.py", line 54, in apport_excepthook
    if not enabled():
TypeError: 'NoneType' object is not callable

Original exception was:
Traceback (most recent call last):
  File "/tmp/a6580eac85456f3886f8", line 11, in <module>
    I_N_P_U_T = (httptestaspvulnwebcomtfittxt00jpg)
NameError: name 'httptestaspvulnwebcomtfittxt00jpg' is not defined
Segmentation fault (core dumped)
Error in sys.excepthook:
Traceback (most recent call last):
  File "/usr/lib/python2.7/dist-packages/apport_python_hook.py", line 54, in apport_excepthook
    if not enabled():
TypeError: 'NoneType' object is not callable

Original exception was:
Traceback (most recent call last):
  File "/tmp/35b9536743cddc5b44a7", line 11, in <module>
    I_N_P_U_T = (catetcpasswd)
NameError: name 'catetcpasswd' is not defined
Error in sys.excepthook:
Traceback (most recent call last):
  File "/usr/lib/python2.7/dist-packages/apport_python_hook.py", line 54, in apport_excepthook
    if not enabled():
TypeError: 'NoneType' object is not callable

Original exception was:
Traceback (most recent call last):
  File "/tmp/9feed5fc3e07fcf87793", line 11, in <module>
    I_N_P_U_T = (acunetixwvsinvalidfilename)
NameError: name 'acunetixwvsinvalidfilename' is not defined
Segmentation fault (core dumped)
Segmentation fault (core dumped)
Segmentation fault (core dumped)
Segmentation fault (core dumped)
Segmentation fault (core dumped)
Error in sys.excepthook:
Traceback (most recent call last):
  File "/usr/lib/python2.7/dist-packages/apport_python_hook.py", line 54, in apport_excepthook
    if not enabled():
TypeError: 'NoneType' object is not callable

Original exception was:
Traceback (most recent call last):
  File "/tmp/075238133f5b6f852ce9", line 11, in <module>
    I_N_P_U_T = (ld)
NameError: name 'ld' is not defined
Error in sys.excepthook:
Traceback (most recent call last):
  File "/usr/lib/python2.7/dist-packages/apport_python_hook.py", line 54, in apport_excepthook
    if not enabled():
TypeError: 'NoneType' object is not callable

Original exception was:
Traceback (most recent call last):
  File "/tmp/236b90a849ede42eee53", line 11, in <module>
    I_N_P_U_T = (go)
NameError: name 'go' is not defined
Error in sys.excepthook:
Traceback (most recent call last):
  File "/usr/lib/python2.7/dist-packages/apport_python_hook.py", line 54, in apport_excepthook
    if not enabled():
TypeError: 'NoneType' object is not callable

Original exception was:
Traceback (most recent call last):
  File "/tmp/4ad7f67d525468436a91", line 11, in <module>
    I_N_P_U_T = (wwwacunetixtst)
NameError: name 'wwwacunetixtst' is not defined
  File "/tmp/2cdae833257543b85167", line 11
    I_N_P_U_T = ()))))))))))))))))))))))))))))))))))))))))))))))))))
                  ^
SyntaxError: invalid syntax
Segmentation fault (core dumped)
Segmentation fault (core dumped)
  File "/tmp/7dae988f3fc160fa6e0f", line 11
    I_N_P_U_T = (1or410)
                      ^
SyntaxError: invalid syntax
Segmentation fault (core dumped)
Segmentation fault (core dumped)
Error in sys.excepthook:
Traceback (most recent call last):
  File "/usr/lib/python2.7/dist-packages/apport_python_hook.py", line 54, in apport_excepthook
    if not enabled():
TypeError: 'NoneType' object is not callable

Original exception was:
Traceback (most recent call last):
  File "/tmp/b4aea36f8b66bb5a82b2", line 11, in <module>
    I_N_P_U_T = (go)
NameError: name 'go' is not defined
  File "/tmp/cdfb317391db096c57fb", line 12
    if I_N_P_U_T == list(F_L_A_G): print I_N_P_U_T
                                 ^
SyntaxError: invalid syntax
Error in sys.excepthook:
Traceback (most recent call last):
  File "/usr/lib/python2.7/dist-packages/apport_python_hook.py", line 54, in apport_excepthook
    if not enabled():
TypeError: 'NoneType' object is not callable

Original exception was:
Traceback (most recent call last):
  File "/tmp/13baffca0bb0079ef6cf", line 11, in <module>
    I_N_P_U_T = (ld)
NameError: name 'ld' is not defined
Segmentation fault (core dumped)
  File "/tmp/71805e47dd37ed72fca0", line 11
    I_N_P_U_T = (print(md5(acunetixwvssecuritytest))a)
                     ^
  File "/tmp/5569f1000c165d9084b9", line 11
    I_N_P_U_T = (2222222222etc2passwd00jpg)
                           ^
SyntaxError: invalid token
SyntaxError: invalid syntax
Segmentation fault (core dumped)
Segmentation fault (core dumped)
Error in sys.excepthook:
Traceback (most recent call last):
  File "/usr/lib/python2.7/dist-packages/apport_python_hook.py", line 54, in apport_excepthook
    if not enabled():
TypeError: 'NoneType' object is not callable

Original exception was:
Traceback (most recent call last):
  File "/tmp/6b804c8618b5e52ee12d", line 11, in <module>
    I_N_P_U_T = (go)
NameError: name 'go' is not defined
Segmentation fault (core dumped)
Error in sys.excepthook:
Traceback (most recent call last):
  File "/usr/lib/python2.7/dist-packages/apport_python_hook.py", line 54, in apport_excepthook
    if not enabled():
TypeError: 'NoneType' object is not callable

Original exception was:
Traceback (most recent call last):
  File "/tmp/c372a02c06fe34f9ef85", line 11, in <module>
    I_N_P_U_T = (catetcpasswd)
NameError: name 'catetcpasswd' is not defined
  File "/tmp/6701e39b38d27e985bf6", line 11
    I_N_P_U_T = ()])
                  ^
SyntaxError: invalid syntax
Error in sys.excepthook:
Traceback (most recent call last):
  File "/usr/lib/python2.7/dist-packages/apport_python_hook.py", line 54, in apport_excepthook
    if not enabled():
TypeError: 'NoneType' object is not callable

Original exception was:
Traceback (most recent call last):
  File "/tmp/dcafc71871c5c19bb3b7", line 11, in <module>
    I_N_P_U_T = (etcpasswdjpg)
NameError: name 'etcpasswdjpg' is not defined
Segmentation fault (core dumped)
Segmentation fault (core dumped)
Segmentation fault (core dumped)
  File "/tmp/9f36a5bab15f73972339", line 11
    I_N_P_U_T = (xmlversion10encodingutf8acunetix[acunetixenthttpte)
                                                                   ^
SyntaxError: invalid syntax
  File "/tmp/8d4c998cd32e4dba0c6d", line 11
    I_N_P_U_T = (1xa7)
                    ^
SyntaxError: invalid syntax
Error in sys.excepthook:
Traceback (most recent call last):
  File "/usr/lib/python2.7/dist-packages/apport_python_hook.py", line 54, in apport_excepthook
  File "/tmp/0582254412c8563b03ae", line 11
    I_N_P_U_T = (1or41392)
                        ^
SyntaxError: invalid syntax
    if not enabled():
TypeError: 'NoneType' object is not callable

Original exception was:
Traceback (most recent call last):
  File "/tmp/787e7e7e2d975b332988", line 11, in <module>
    I_N_P_U_T = (catetcpasswd)
NameError: name 'catetcpasswd' is not defined
Error in sys.excepthook:
Traceback (most recent call last):
  File "/usr/lib/python2.7/dist-packages/apport_python_hook.py", line 54, in apport_excepthook
    if not enabled():
TypeError: 'NoneType' object is not callable

Original exception was:
Traceback (most recent call last):
  File "/tmp/6fbbea88a0d6ba2392bd", line 11, in <module>
    I_N_P_U_T = (etcpasswd)
NameError: name 'etcpasswd' is not defined
Segmentation fault (core dumped)
Segmentation fault (core dumped)
  File "/tmp/acdd0b10c20ce9bee0d5", line 11
    I_N_P_U_T = (()(())))
                        ^
SyntaxError: invalid syntax
Error in sys.excepthook:
Traceback (most recent call last):
  File "/usr/lib/python2.7/dist-packages/apport_python_hook.py", line 54, in apport_excepthook
    if not enabled():
TypeError: 'NoneType' object is not callable

Original exception was:
Traceback (most recent call last):
  File "/tmp/c46e4f00d50dfe27d781", line 11, in <module>
    I_N_P_U_T = (fa2)
NameError: name 'fa2' is not defined
  File "/tmp/24dad185f8da9c65fe44", line 11
    I_N_P_U_T = (print(md5(acunetixwvssecuritytest))a)
                     ^
SyntaxError: invalid syntax
Segmentation fault (core dumped)
Error in sys.excepthook:
Traceback (most recent call last):
  File "/usr/lib/python2.7/dist-packages/apport_python_hook.py", line 54, in apport_excepthook
    if not enabled():
TypeError: 'NoneType' object is not callable

Original exception was:
Traceback (most recent call last):
  File "/tmp/338df182c07c8d6bf46a", line 11, in <module>
    I_N_P_U_T = (catetcpasswd)
NameError: name 'catetcpasswd' is not defined
Error in sys.excepthook:
Traceback (most recent call last):
  File "/usr/lib/python2.7/dist-packages/apport_python_hook.py", line 54, in apport_excepthook
    if not enabled():
TypeError: 'NoneType' object is not callable

Original exception was:
Traceback (most recent call last):
  File "/tmp/03e30542e0c3bb37f385", line 11, in <module>
    I_N_P_U_T = (etcpasswd)
NameError: name 'etcpasswd' is not defined
Segmentation fault (core dumped)
  File "/tmp/d074d9aae2e5264296ca", line 11
    I_N_P_U_T = (()1citprompt(970240)cit)
                   ^
SyntaxError: invalid syntax
Segmentation fault (core dumped)
Error in sys.excepthook:
Traceback (most recent call last):
  File "/usr/lib/python2.7/dist-packages/apport_python_hook.py", line 54, in apport_excepthook
    if not enabled():
TypeError: 'NoneType' object is not callable

Original exception was:
Traceback (most recent call last):
  File "/tmp/e140d5ba722cbee3233e", line 11, in <module>
    I_N_P_U_T = (y)
NameError: name 'y' is not defined
Error in sys.excepthook:
Traceback (most recent call last):
  File "/usr/lib/python2.7/dist-packages/apport_python_hook.py", line 54, in apport_excepthook
    if not enabled():
TypeError: 'NoneType' object is not callable

Original exception was:
Traceback (most recent call last):
  File "/tmp/1c286729059634077eef", line 11, in <module>
    I_N_P_U_T = (etcpasswd)
NameError: name 'etcpasswd' is not defined
Segmentation fault (core dumped)
Error in sys.excepthook:
Traceback (most recent call last):
  File "/usr/lib/python2.7/dist-packages/apport_python_hook.py", line 54, in apport_excepthook
    if not enabled():
TypeError: 'NoneType' object is not callable

Original exception was:
Traceback (most recent call last):
  File "/tmp/73a653673a8a9984cbd3", line 11, in <module>
    I_N_P_U_T = (catetcpasswd)
NameError: name 'catetcpasswd' is not defined
Segmentation fault (core dumped)
Error in sys.excepthook:
Traceback (most recent call last):
  File "/usr/lib/python2.7/dist-packages/apport_python_hook.py", line 54, in apport_excepthook
    if not enabled():
TypeError: 'NoneType' object is not callable

Original exception was:
Traceback (most recent call last):
  File "/tmp/3f142f39cf6a6686d1a5", line 11, in <module>
    I_N_P_U_T = (wk3)
NameError: name 'wk3' is not defined
Segmentation fault (core dumped)
  File "/tmp/1327dc88a68794b47d8e", line 11
    I_N_P_U_T = (1or105105)
                         ^
SyntaxError: invalid syntax
Segmentation fault (core dumped)
Error in sys.excepthook:
Traceback (most recent call last):
  File "/usr/lib/python2.7/dist-packages/apport_python_hook.py", line 54, in apport_excepthook
    if not enabled():
TypeError: 'NoneType' object is not callable

Original exception was:
Traceback (most recent call last):
  File "/tmp/891300c2ebecc07cf08d", line 11, in <module>
    I_N_P_U_T = (etcpasswd)
NameError: name 'etcpasswd' is not defined
Segmentation fault (core dumped)
Segmentation fault (core dumped)
  File "/tmp/6dce20be04005cd3d140", line 11
    I_N_P_U_T = (print(md5(acunetixwvssecuritytest)))
                     ^
SyntaxError: invalid syntax
Segmentation fault (core dumped)
Segmentation fault (core dumped)
Error in sys.excepthook:
Traceback (most recent call last):
  File "/usr/lib/python2.7/dist-packages/apport_python_hook.py", line 54, in apport_excepthook
    if not enabled():
TypeError: 'NoneType' object is not callable

Original exception was:
Traceback (most recent call last):
  File "/tmp/84bf4fe63bb620c3e669", line 11, in <module>
    I_N_P_U_T = (etcpasswd)
NameError: name 'etcpasswd' is not defined
Segmentation fault (core dumped)
Segmentation fault (core dumped)
  File "/tmp/f4ac7f1a38cd0be2a5b1", line 11
    I_N_P_U_T = (1or1050)
                       ^
SyntaxError: invalid syntax
Error in sys.excepthook:
Traceback (most recent call last):
  File "/usr/lib/python2.7/dist-packages/apport_python_hook.py", line 54, in apport_excepthook
    if not enabled():
TypeError: 'NoneType' object is not callable

Original exception was:
Traceback (most recent call last):
  File "/tmp/589c5a60485c961dd704", line 11, in <module>
    I_N_P_U_T = (invalidetcpasswd)
NameError: name 'invalidetcpasswd' is not defined
Segmentation fault (core dumped)
Segmentation fault (core dumped)
  File "/tmp/55b4f1c97a52483c4c3b", line 11
    I_N_P_U_T = (print(md5(acunetixwvssecuritytest)))
                     ^
SyntaxError: invalid syntax
Error in sys.excepthook:
Traceback (most recent call last):
  File "/usr/lib/python2.7/dist-packages/apport_python_hook.py", line 54, in apport_excepthook
    if not enabled():
TypeError: 'NoneType' object is not callable

Original exception was:
Traceback (most recent call last):
  File "/tmp/c97ef22815114405faa0", line 11, in <module>
    I_N_P_U_T = (fileetcpasswd)
NameError: name 'fileetcpasswd' is not defined
Segmentation fault (core dumped)
Segmentation fault (core dumped)
Error in sys.excepthook:
Traceback (most recent call last):
  File "/usr/lib/python2.7/dist-packages/apport_python_hook.py", line 54, in apport_excepthook
    if not enabled():
TypeError: 'NoneType' object is not callable

Original exception was:
Traceback (most recent call last):
  File "/tmp/dd365dae992ec098086b", line 11, in <module>
    I_N_P_U_T = (etcpasswd)
NameError: name 'etcpasswd' is not defined
  File "/tmp/7c88b1ead543777b6308", line 11
    I_N_P_U_T = (1or1051032)
                          ^
SyntaxError: invalid syntax
Segmentation fault (core dumped)
Segmentation fault (core dumped)
Error in sys.excepthook:
Traceback (most recent call last):
  File "/usr/lib/python2.7/dist-packages/apport_python_hook.py", line 54, in apport_excepthook
    if not enabled():
TypeError: 'NoneType' object is not callable

Original exception was:
Traceback (most recent call last):
  File "/tmp/08801e5acf1264585717", line 11, in <module>
    I_N_P_U_T = (windowswinini)
NameError: name 'windowswinini' is not defined
Segmentation fault (core dumped)
Segmentation fault (core dumped)
Error in sys.excepthook:
Traceback (most recent call last):
  File "/usr/lib/python2.7/dist-packages/apport_python_hook.py", line 54, in apport_excepthook
    if not enabled():
TypeError: 'NoneType' object is not callable

Original exception was:
Traceback (most recent call last):
  File "/tmp/19fc130265a18deabb21", line 11, in <module>
    I_N_P_U_T = (bootini)
NameError: name 'bootini' is not defined
Segmentation fault (core dumped)
  File "/tmp/8f7bd903f9f17701862d", line 11
    I_N_P_U_T = (1or106106)
                         ^
SyntaxError: invalid syntax
Error in sys.excepthook:
Traceback (most recent call last):
  File "/usr/lib/python2.7/dist-packages/apport_python_hook.py", line 54, in apport_excepthook
    if not enabled():
TypeError: 'NoneType' object is not callable

Original exception was:
Traceback (most recent call last):
  File "/tmp/1f78a509a2b5c79cf7b6", line 11, in <module>
    I_N_P_U_T = (windowswininijpg)
NameError: name 'windowswininijpg' is not defined
Segmentation fault (core dumped)
Error in sys.excepthook:
Traceback (most recent call last):
  File "/usr/lib/python2.7/dist-packages/apport_python_hook.py", line 54, in apport_excepthook
    if not enabled():
TypeError: 'NoneType' object is not callable

Original exception was:
Traceback (most recent call last):
  File "/tmp/1626ac3a7d1b26ac82c2", line 11, in <module>
    I_N_P_U_T = (windowswinini)
NameError: name 'windowswinini' is not defined
Segmentation fault (core dumped)
  File "/tmp/b5f150635440f2b7ff7a", line 11
    I_N_P_U_T = (1or1060)
                       ^
SyntaxError: invalid syntax
Error in sys.excepthook:
Traceback (most recent call last):
  File "/usr/lib/python2.7/dist-packages/apport_python_hook.py", line 54, in apport_excepthook
    if not enabled():
TypeError: 'NoneType' object is not callable

Original exception was:
Traceback (most recent call last):
  File "/tmp/87403799c7969102e84e", line 11, in <module>
    I_N_P_U_T = (windowswinini)
NameError: name 'windowswinini' is not defined
Segmentation fault (core dumped)
Error in sys.excepthook:
Traceback (most recent call last):
  File "/usr/lib/python2.7/dist-packages/apport_python_hook.py", line 54, in apport_excepthook
    if not enabled():
TypeError: 'NoneType' object is not callable

Original exception was:
Traceback (most recent call last):
  File "/tmp/29d1af7beff74874a70d", line 11, in <module>
    I_N_P_U_T = (windowswinini)
NameError: name 'windowswinini' is not defined
Segmentation fault (core dumped)
Error in sys.excepthook:
Traceback (most recent call last):
  File "/usr/lib/python2.7/dist-packages/apport_python_hook.py", line 54, in apport_excepthook
    if not enabled():
TypeError: 'NoneType' object is not callable

Original exception was:
Traceback (most recent call last):
  File "/tmp/b59c7992961168551827", line 11, in <module>
    I_N_P_U_T = (windowswinini)
NameError: name 'windowswinini' is not defined
Segmentation fault (core dumped)
  File "/tmp/1eb7691a78b473a138ec", line 11
    I_N_P_U_T = (1or1061042)
                          ^
SyntaxError: invalid syntax
Error in sys.excepthook:
Traceback (most recent call last):
  File "/usr/lib/python2.7/dist-packages/apport_python_hook.py", line 54, in apport_excepthook
    if not enabled():
TypeError: 'NoneType' object is not callable

Original exception was:
Traceback (most recent call last):
  File "/tmp/903afd9d2bcf3d7c1e63", line 11, in <module>
    I_N_P_U_T = (windowswinini)
NameError: name 'windowswinini' is not defined
Segmentation fault (core dumped)
Segmentation fault (core dumped)
Error in sys.excepthook:
Traceback (most recent call last):
  File "/usr/lib/python2.7/dist-packages/apport_python_hook.py", line 54, in apport_excepthook
    if not enabled():
TypeError: 'NoneType' object is not callable

Original exception was:
Traceback (most recent call last):
  File "/tmp/efe785b38cd81a01a7f6", line 11, in <module>
    I_N_P_U_T = (windowswinini)
NameError: name 'windowswinini' is not defined
Segmentation fault (core dumped)
Segmentation fault (core dumped)
  File "/tmp/ae964c06976ad9c71533", line 11
    I_N_P_U_T = (94102andsleep(4))
                             ^
SyntaxError: invalid syntax
Segmentation fault (core dumped)
Error in sys.excepthook:
Traceback (most recent call last):
  File "/usr/lib/python2.7/dist-packages/apport_python_hook.py", line 54, in apport_excepthook
    if not enabled():
TypeError: 'NoneType' object is not callable

Original exception was:
Traceback (most recent call last):
  File "/tmp/0e74259abcf6abf8d207", line 11, in <module>
    I_N_P_U_T = (unexistingwindowswinini)
NameError: name 'unexistingwindowswinini' is not defined
Segmentation fault (core dumped)
Segmentation fault (core dumped)
Segmentation fault (core dumped)
  File "/tmp/9080e139fdd3509bf17f", line 11
    I_N_P_U_T = (94102or(sleep(4)1)limit1)
                                 ^
SyntaxError: invalid syntax
Segmentation fault (core dumped)
Segmentation fault (core dumped)
  File "/tmp/3ba1042f11b03dc314ce", line 11
    I_N_P_U_T = (94102andsleep(4))
                             ^
SyntaxError: invalid syntax
Segmentation fault (core dumped)
Segmentation fault (core dumped)
  File "/tmp/8b53cba7ab86d666afe3", line 11
    I_N_P_U_T = (94102and(sleep(4)1)limit1)
                                  ^
SyntaxError: invalid syntax
Segmentation fault (core dumped)
Segmentation fault (core dumped)
Segmentation fault (core dumped)
  File "/tmp/eef056f52af39d33f900", line 11
    I_N_P_U_T = (94102andsleep(4))
                             ^
SyntaxError: invalid syntax
Segmentation fault (core dumped)
Segmentation fault (core dumped)
  File "/tmp/7be470ffbfb7aefafae6", line 11
    I_N_P_U_T = (94102or(sleep(4)1)limit1)
                                 ^
SyntaxError: invalid syntax
Segmentation fault (core dumped)
Segmentation fault (core dumped)
Segmentation fault (core dumped)
  File "/tmp/03c742d2a36f208eb832", line 11
    I_N_P_U_T = (94102or(sleep(4)1)limit1)
                                 ^
SyntaxError: invalid syntax
Segmentation fault (core dumped)
Segmentation fault (core dumped)
  File "/tmp/f2f2e0807ba1f2a8a357", line 11
    I_N_P_U_T = (94102sleep(4))
                          ^
SyntaxError: invalid syntax
Segmentation fault (core dumped)
Segmentation fault (core dumped)
Segmentation fault (core dumped)
  File "/tmp/f0d168b0b63a41b2d566", line 11
    I_N_P_U_T = (94102sleep(4))
                          ^
SyntaxError: invalid syntax
Segmentation fault (core dumped)
Segmentation fault (core dumped)
Segmentation fault (core dumped)
  File "/tmp/fe8c1b11cf0711c0e193", line 11
    I_N_P_U_T = (94102selectpgsleep(4))
                                  ^
SyntaxError: invalid syntax
Segmentation fault (core dumped)
Segmentation fault (core dumped)
  File "/tmp/8625082811c9db62abf7", line 11
    I_N_P_U_T = (94102selectpgsleep(4))
                                  ^
SyntaxError: invalid syntax
Segmentation fault (core dumped)
  File "/tmp/fa3f3585adec5e84c6e0", line 11
    I_N_P_U_T = (94102waitfordelay004)
                                    ^
SyntaxError: invalid syntax
  File "/tmp/542a82f75cd46f7bff51", line 11
    I_N_P_U_T = (94102waitfordelay004)
                                    ^
SyntaxError: invalid syntax
  File "/tmp/23b4957b3e16d26c4ff8", line 11
    I_N_P_U_T = (94102waitfordelay004)
                                    ^
SyntaxError: invalid syntax
  File "/tmp/f97ac481b2ba00dbdae4", line 11
    I_N_P_U_T = (1acu7w2wvbrj)
                            ^
SyntaxError: invalid syntax
Error in sys.excepthook:
Traceback (most recent call last):
  File "/usr/lib/python2.7/dist-packages/apport_python_hook.py", line 54, in apport_excepthook
    if not enabled():
TypeError: 'NoneType' object is not callable

Original exception was:
Traceback (most recent call last):
  File "/tmp/afded279e4bccf50963f", line 11, in <module>
    I_N_P_U_T = (abcdef)
NameError: name 'abcdef' is not defined
Segmentation fault (core dumped)
Error in sys.excepthook:
Traceback (most recent call last):
  File "/usr/lib/python2.7/dist-packages/apport_python_hook.py", line 54, in apport_excepthook
    if not enabled():
TypeError: 'NoneType' object is not callable

Original exception was:
Traceback (most recent call last):
  File "/tmp/e3a41077426b1a90cee0", line 11, in <module>
    I_N_P_U_T = (efwefdwe)
NameError: name 'efwefdwe' is not defined
Segmentation fault (core dumped)
Error in sys.excepthook:
Traceback (most recent call last):
  File "/usr/lib/python2.7/dist-packages/apport_python_hook.py", line 54, in apport_excepthook
    if not enabled():
TypeError: 'NoneType' object is not callable

Original exception was:
Traceback (most recent call last):
  File "/tmp/a24fb7dc8fe94b07de86", line 11, in <module>
    I_N_P_U_T = (ghijk)
NameError: name 'ghijk' is not defined
Segmentation fault (core dumped)
Error in sys.excepthook:
Traceback (most recent call last):
  File "/usr/lib/python2.7/dist-packages/apport_python_hook.py", line 54, in apport_excepthook
    if not enabled():
TypeError: 'NoneType' object is not callable

Original exception was:
Traceback (most recent call last):
  File "/tmp/1a383145925d9a71466f", line 11, in <module>
    I_N_P_U_T = (dwewf)
NameError: name 'dwewf' is not defined
Segmentation fault (core dumped)
Segmentation fault (core dumped)
Error in sys.excepthook:
Traceback (most recent call last):
  File "/usr/lib/python2.7/dist-packages/apport_python_hook.py", line 54, in apport_excepthook
    if not enabled():
TypeError: 'NoneType' object is not callable

Original exception was:
Traceback (most recent call last):
  File "/tmp/bcbf6d8ac8ade255d1f5", line 11, in <module>
    I_N_P_U_T = (prison)
NameError: name 'prison' is not defined
Segmentation fault (core dumped)
Error in sys.excepthook:
Traceback (most recent call last):
  File "/usr/lib/python2.7/dist-packages/apport_python_hook.py", line 54, in apport_excepthook
    if not enabled():
TypeError: 'NoneType' object is not callable

Original exception was:
Traceback (most recent call last):
  File "/tmp/dc0b6729b27831afbaf9", line 11, in <module>
    I_N_P_U_T = ()()
TypeError: 'tuple' object is not callable
Segmentation fault (core dumped)
Error in sys.excepthook:
Traceback (most recent call last):
  File "/usr/lib/python2.7/dist-packages/apport_python_hook.py", line 54, in apport_excepthook
    if not enabled():
TypeError: 'NoneType' object is not callable

Original exception was:
Traceback (most recent call last):
  File "/tmp/4bd37924a254f16b3707", line 11, in <module>
    I_N_P_U_T = (abc)
NameError: name 'abc' is not defined
Segmentation fault (core dumped)
  File "/tmp/b4838b59f3ba8d777677", line 11
    I_N_P_U_T = (list(vars()[list(vars())[len(list(vars()))1]]))
                                                           ^
SyntaxError: invalid syntax
  File "/tmp/1ee825234901314d110a", line 12
    if I_N_P_U_T == list(F_L_A_G): print I_N_P_U_T
                                 ^
SyntaxError: invalid syntax
Segmentation fault (core dumped)
Error in sys.excepthook:
Traceback (most recent call last):
  File "/usr/lib/python2.7/dist-packages/apport_python_hook.py", line 54, in apport_excepthook
    if not enabled():
TypeError: 'NoneType' object is not callable

Original exception was:
Traceback (most recent call last):
  File "/tmp/a303743fe281cafab651", line 11, in <module>
    I_N_P_U_T = (flag)
NameError: name 'flag' is not defined
Segmentation fault (core dumped)
Segmentation fault (core dumped)
Segmentation fault (core dumped)
Segmentation fault (core dumped)
Error in sys.excepthook:
Traceback (most recent call last):
  File "/usr/lib/python2.7/dist-packages/apport_python_hook.py", line 54, in apport_excepthook
    if not enabled():
TypeError: 'NoneType' object is not callable

Original exception was:
Traceback (most recent call last):
  File "/tmp/18fb89c35a0df490ef13", line 11, in <module>
    I_N_P_U_T = (a)
NameError: name 'a' is not defined
Segmentation fault (core dumped)
Segmentation fault (core dumped)
Segmentation fault (core dumped)
Segmentation fault (core dumped)
Segmentation fault (core dumped)
  File "/tmp/7ca04dcfc14dbe413f08", line 11
    I_N_P_U_T = (()classbases[0]subclasses())
                            ^
SyntaxError: invalid syntax
  File "/tmp/ef0b62c6e12ec5ff72f4", line 11
    I_N_P_U_T = (open(flagr)read())
                               ^
SyntaxError: invalid syntax
  File "/tmp/d13488a57e7a1a0f3eed", line 11
    I_N_P_U_T = (print(hex(123)))
                     ^
SyntaxError: invalid syntax
Error in sys.excepthook:
Traceback (most recent call last):
  File "/usr/lib/python2.7/dist-packages/apport_python_hook.py", line 54, in apport_excepthook
    if not enabled():
TypeError: 'NoneType' object is not callable

Original exception was:
Traceback (most recent call last):
  File "/tmp/e48bfd08ecbedf39b1c8", line 11, in <module>
    I_N_P_U_T = (input())
TypeError: 'NoneType' object is not callable
Segmentation fault (core dumped)
Error in sys.excepthook:
Traceback (most recent call last):
  File "/usr/lib/python2.7/dist-packages/apport_python_hook.py", line 54, in apport_excepthook
    if not enabled():
TypeError: 'NoneType' object is not callable

Original exception was:
Traceback (most recent call last):
  File "/tmp/525832f8a46c1df6729b", line 11, in <module>
    I_N_P_U_T = (zx23)
NameError: name 'zx23' is not defined
Segmentation fault (core dumped)
Segmentation fault (core dumped)
Segmentation fault (core dumped)
Error in sys.excepthook:
Traceback (most recent call last):
  File "/usr/lib/python2.7/dist-packages/apport_python_hook.py", line 54, in apport_excepthook
    if not enabled():
TypeError: 'NoneType' object is not callable

Original exception was:
Traceback (most recent call last):
  File "/tmp/a603092903ddce02c448", line 11, in <module>
    I_N_P_U_T = (open(flagr))
NameError: name 'flagr' is not defined
Segmentation fault (core dumped)
Error in sys.excepthook:
Traceback (most recent call last):
  File "/usr/lib/python2.7/dist-packages/apport_python_hook.py", line 54, in apport_excepthook
    if not enabled():
TypeError: 'NoneType' object is not callable

Original exception was:
Traceback (most recent call last):
  File "/tmp/8c9c8088b7a63b009a2e", line 11, in <module>
    I_N_P_U_T = (open(flagr))
NameError: name 'flagr' is not defined
Segmentation fault (core dumped)
  File "/tmp/f99fde7ba2afd532cd37", line 11
    I_N_P_U_T = (print(eval))
                     ^
SyntaxError: invalid syntax
Error in sys.excepthook:
Traceback (most recent call last):
  File "/usr/lib/python2.7/dist-packages/apport_python_hook.py", line 54, in apport_excepthook
    if not enabled():
TypeError: 'NoneType' object is not callable

Original exception was:
Traceback (most recent call last):
  File "/tmp/5e59c678d447963d03c3", line 11, in <module>
    I_N_P_U_T = (abcd1234)
NameError: name 'abcd1234' is not defined
Segmentation fault (core dumped)
Error in sys.excepthook:
Traceback (most recent call last):
  File "/usr/lib/python2.7/dist-packages/apport_python_hook.py", line 54, in apport_excepthook
    if not enabled():
TypeError: 'NoneType' object is not callable

Original exception was:
Traceback (most recent call last):
  File "/tmp/d1201d29af1f656d391b", line 11, in <module>
    I_N_P_U_T = (abcd1234)
NameError: name 'abcd1234' is not defined
Segmentation fault (core dumped)
Error in sys.excepthook:
Traceback (most recent call last):
  File "/usr/lib/python2.7/dist-packages/apport_python_hook.py", line 54, in apport_excepthook
    if not enabled():
TypeError: 'NoneType' object is not callable

Original exception was:
Traceback (most recent call last):
  File "/tmp/4a39a7a356c2beb3047b", line 11, in <module>
    I_N_P_U_T = (ord(13))
TypeError: ord() expected string of length 1, but int found
Segmentation fault (core dumped)
Segmentation fault (core dumped)
Segmentation fault (core dumped)
Segmentation fault (core dumped)
Segmentation fault (core dumped)
Error in sys.excepthook:
Traceback (most recent call last):
  File "/usr/lib/python2.7/dist-packages/apport_python_hook.py", line 54, in apport_excepthook
    if not enabled():
TypeError: 'NoneType' object is not callable

Original exception was:
Traceback (most recent call last):
  File "/tmp/7452faf421b75d9893c8", line 11, in <module>
    I_N_P_U_T = (flag)
NameError: name 'flag' is not defined
Segmentation fault (core dumped)
Segmentation fault (core dumped)
Error in sys.excepthook:
Traceback (most recent call last):
  File "/usr/lib/python2.7/dist-packages/apport_python_hook.py", line 54, in apport_excepthook
    if not enabled():
TypeError: 'NoneType' object is not callable

Original exception was:
Traceback (most recent call last):
  File "/tmp/12b814386696648f27a7", line 11, in <module>
    I_N_P_U_T = (av)
NameError: name 'av' is not defined
Segmentation fault (core dumped)
Error in sys.excepthook:
Traceback (most recent call last):
  File "/usr/lib/python2.7/dist-packages/apport_python_hook.py", line 54, in apport_excepthook
    if not enabled():
TypeError: 'NoneType' object is not callable

Original exception was:
Traceback (most recent call last):
  File "/tmp/49ccd42d187932829fd1", line 11, in <module>
    I_N_P_U_T = (av)
NameError: name 'av' is not defined
Segmentation fault (core dumped)
Error in sys.excepthook:
Traceback (most recent call last):
  File "/usr/lib/python2.7/dist-packages/apport_python_hook.py", line 54, in apport_excepthook
    if not enabled():
TypeError: 'NoneType' object is not callable

Original exception was:
Traceback (most recent call last):
  File "/tmp/3a7633e4e17eebc380f9", line 11, in <module>
    I_N_P_U_T = (len(4))
TypeError: object of type 'int' has no len()
Segmentation fault (core dumped)
Segmentation fault (core dumped)
Error in sys.excepthook:
Traceback (most recent call last):
  File "/usr/lib/python2.7/dist-packages/apport_python_hook.py", line 54, in apport_excepthook
    if not enabled():
TypeError: 'NoneType' object is not callable

Original exception was:
Traceback (most recent call last):
  File "/tmp/eea9051683f0bccfe215", line 11, in <module>
    I_N_P_U_T = (etcpasswd)
NameError: name 'etcpasswd' is not defined
Segmentation fault (core dumped)
Error in sys.excepthook:
Traceback (most recent call last):
  File "/usr/lib/python2.7/dist-packages/apport_python_hook.py", line 54, in apport_excepthook
    if not enabled():
TypeError: 'NoneType' object is not callable

Original exception was:
Traceback (most recent call last):
  File "/tmp/451ba9ae9ab24c42fdac", line 11, in <module>
    I_N_P_U_T = (indowssystemini)
NameError: name 'indowssystemini' is not defined
Segmentation fault (core dumped)
Error in sys.excepthook:
Traceback (most recent call last):
  File "/usr/lib/python2.7/dist-packages/apport_python_hook.py", line 54, in apport_excepthook
    if not enabled():
TypeError: 'NoneType' object is not callable

Original exception was:
Traceback (most recent call last):
  File "/tmp/0cee8f5161c6caed81b5", line 11, in <module>
    I_N_P_U_T = (webxml)
NameError: name 'webxml' is not defined
Segmentation fault (core dumped)
Error in sys.excepthook:
Traceback (most recent call last):
  File "/usr/lib/python2.7/dist-packages/apport_python_hook.py", line 54, in apport_excepthook
    if not enabled():
TypeError: 'NoneType' object is not callable

Original exception was:
Traceback (most recent call last):
  File "/tmp/a06eec25f3241ea75b4b", line 11, in <module>
    I_N_P_U_T = (etcpasswd)
NameError: name 'etcpasswd' is not defined
Segmentation fault (core dumped)
Error in sys.excepthook:
Traceback (most recent call last):
  File "/usr/lib/python2.7/dist-packages/apport_python_hook.py", line 54, in apport_excepthook
    if not enabled():
TypeError: 'NoneType' object is not callable

Original exception was:
Traceback (most recent call last):
  File "/tmp/0502cdbeb89cca65a541", line 11, in <module>
    I_N_P_U_T = (indowssystemini)
NameError: name 'indowssystemini' is not defined
Segmentation fault (core dumped)
Error in sys.excepthook:
Traceback (most recent call last):
  File "/usr/lib/python2.7/dist-packages/apport_python_hook.py", line 54, in apport_excepthook
    if not enabled():
TypeError: 'NoneType' object is not callable

Original exception was:
Traceback (most recent call last):
  File "/tmp/45d0e39a71730038ec66", line 11, in <module>
    I_N_P_U_T = (webxml)
NameError: name 'webxml' is not defined
Segmentation fault (core dumped)
Error in sys.excepthook:
Traceback (most recent call last):
  File "/usr/lib/python2.7/dist-packages/apport_python_hook.py", line 54, in apport_excepthook
    if not enabled():
TypeError: 'NoneType' object is not callable

Original exception was:
Traceback (most recent call last):
  File "/tmp/91555a17bb8ec48e9518", line 11, in <module>
    I_N_P_U_T = (etcpasswd)
NameError: name 'etcpasswd' is not defined
Segmentation fault (core dumped)
Error in sys.excepthook:
Traceback (most recent call last):
  File "/usr/lib/python2.7/dist-packages/apport_python_hook.py", line 54, in apport_excepthook
    if not enabled():
TypeError: 'NoneType' object is not callable

Original exception was:
Traceback (most recent call last):
  File "/tmp/9bac19402df2ca7d3b6e", line 11, in <module>
    I_N_P_U_T = (indowssystemini)
NameError: name 'indowssystemini' is not defined
Segmentation fault (core dumped)
Error in sys.excepthook:
Traceback (most recent call last):
  File "/usr/lib/python2.7/dist-packages/apport_python_hook.py", line 54, in apport_excepthook
    if not enabled():
TypeError: 'NoneType' object is not callable

Original exception was:
Traceback (most recent call last):
  File "/tmp/9f3ce90fc6536926d194", line 11, in <module>
    I_N_P_U_T = (webxml)
NameError: name 'webxml' is not defined
Segmentation fault (core dumped)
Error in sys.excepthook:
Traceback (most recent call last):
  File "/usr/lib/python2.7/dist-packages/apport_python_hook.py", line 54, in apport_excepthook
    if not enabled():
TypeError: 'NoneType' object is not callable

Original exception was:
Traceback (most recent call last):
  File "/tmp/237c55c61229c8f1127b", line 11, in <module>
    I_N_P_U_T = (etcpasswd)
NameError: name 'etcpasswd' is not defined
Segmentation fault (core dumped)
Error in sys.excepthook:
Traceback (most recent call last):
  File "/usr/lib/python2.7/dist-packages/apport_python_hook.py", line 54, in apport_excepthook
    if not enabled():
TypeError: 'NoneType' object is not callable

Original exception was:
Traceback (most recent call last):
  File "/tmp/e4de0c7a6da1bbfedc74", line 11, in <module>
    I_N_P_U_T = (indowssystemini)
NameError: name 'indowssystemini' is not defined
Segmentation fault (core dumped)
Error in sys.excepthook:
Traceback (most recent call last):
  File "/usr/lib/python2.7/dist-packages/apport_python_hook.py", line 54, in apport_excepthook
    if not enabled():
TypeError: 'NoneType' object is not callable

Original exception was:
Traceback (most recent call last):
  File "/tmp/c2fec13a7282c4ee5a1a", line 11, in <module>
    I_N_P_U_T = (webxml)
NameError: name 'webxml' is not defined
Segmentation fault (core dumped)
Error in sys.excepthook:
Traceback (most recent call last):
  File "/usr/lib/python2.7/dist-packages/apport_python_hook.py", line 54, in apport_excepthook
    if not enabled():
TypeError: 'NoneType' object is not callable

Original exception was:
Traceback (most recent call last):
  File "/tmp/a94a66156eba291bca87", line 11, in <module>
    I_N_P_U_T = (thishouldnotexistandhopefullyitwillnot)
NameError: name 'thishouldnotexistandhopefullyitwillnot' is not defined
Segmentation fault (core dumped)
Error in sys.excepthook:
Traceback (most recent call last):
  File "/usr/lib/python2.7/dist-packages/apport_python_hook.py", line 54, in apport_excepthook
    if not enabled():
TypeError: 'NoneType' object is not callable

Original exception was:
Traceback (most recent call last):
  File "/tmp/d6de4109be78c1b34fd6", line 11, in <module>
    I_N_P_U_T = (httpwwwgooglecom)
NameError: name 'httpwwwgooglecom' is not defined
Segmentation fault (core dumped)
Error in sys.excepthook:
Traceback (most recent call last):
  File "/usr/lib/python2.7/dist-packages/apport_python_hook.py", line 54, in apport_excepthook
    if not enabled():
TypeError: 'NoneType' object is not callable

Original exception was:
Traceback (most recent call last):
  File "/tmp/9002410ffb5c3425bf98", line 11, in <module>
    I_N_P_U_T = (httpwwwgooglecom80)
NameError: name 'httpwwwgooglecom80' is not defined
Segmentation fault (core dumped)
Error in sys.excepthook:
Traceback (most recent call last):
  File "/usr/lib/python2.7/dist-packages/apport_python_hook.py", line 54, in apport_excepthook
    if not enabled():
TypeError: 'NoneType' object is not callable

Original exception was:
Traceback (most recent call last):
  File "/tmp/ceb0a9c93d6cb2fda484", line 11, in <module>
    I_N_P_U_T = (httpwwwgooglecom)
NameError: name 'httpwwwgooglecom' is not defined
Segmentation fault (core dumped)
Error in sys.excepthook:
Traceback (most recent call last):
  File "/usr/lib/python2.7/dist-packages/apport_python_hook.py", line 54, in apport_excepthook
    if not enabled():
TypeError: 'NoneType' object is not callable

Original exception was:
Traceback (most recent call last):
  File "/tmp/9487153ac5889a353ffa", line 11, in <module>
    I_N_P_U_T = (httpwwwgooglecomsearchq20)
NameError: name 'httpwwwgooglecomsearchq20' is not defined
Segmentation fault (core dumped)
Error in sys.excepthook:
Traceback (most recent call last):
  File "/usr/lib/python2.7/dist-packages/apport_python_hook.py", line 54, in apport_excepthook
    if not enabled():
TypeError: 'NoneType' object is not callable

Original exception was:
Traceback (most recent call last):
  File "/tmp/6b60cc26c684471cece6", line 11, in <module>
    I_N_P_U_T = (httpwwwgooglecom80searchq20)
NameError: name 'httpwwwgooglecom80searchq20' is not defined
Segmentation fault (core dumped)
Error in sys.excepthook:
Traceback (most recent call last):
  File "/usr/lib/python2.7/dist-packages/apport_python_hook.py", line 54, in apport_excepthook
    if not enabled():
TypeError: 'NoneType' object is not callable

Original exception was:
Traceback (most recent call last):
  File "/tmp/8cb2054a3c3feec6a01f", line 11, in <module>
    I_N_P_U_T = (wwwgooglecom)
NameError: name 'wwwgooglecom' is not defined
Segmentation fault (core dumped)
Segmentation fault (core dumped)
Error in sys.excepthook:
Traceback (most recent call last):
  File "/usr/lib/python2.7/dist-packages/apport_python_hook.py", line 54, in apport_excepthook
    if not enabled():
TypeError: 'NoneType' object is not callable

Original exception was:
Traceback (most recent call last):
  File "/tmp/40263db4f04ce49217ae", line 11, in <module>
    I_N_P_U_T = (wwwgooglecom80)
NameError: name 'wwwgooglecom80' is not defined
Segmentation fault (core dumped)
Error in sys.excepthook:
Traceback (most recent call last):
  File "/usr/lib/python2.7/dist-packages/apport_python_hook.py", line 54, in apport_excepthook
    if not enabled():
TypeError: 'NoneType' object is not callable

Original exception was:
Traceback (most recent call last):
  File "/tmp/64156bed7c19c76147ba", line 11, in <module>
    I_N_P_U_T = (wwwgooglecom)
NameError: name 'wwwgooglecom' is not defined
Segmentation fault (core dumped)
Error in sys.excepthook:
Traceback (most recent call last):
  File "/usr/lib/python2.7/dist-packages/apport_python_hook.py", line 54, in apport_excepthook
    if not enabled():
TypeError: 'NoneType' object is not callable

Original exception was:
Traceback (most recent call last):
  File "/tmp/6703f66b13a19fab6f5b", line 11, in <module>
    I_N_P_U_T = (wwwgooglecomsearchq20)
NameError: name 'wwwgooglecomsearchq20' is not defined
Segmentation fault (core dumped)
Error in sys.excepthook:
Traceback (most recent call last):
  File "/usr/lib/python2.7/dist-packages/apport_python_hook.py", line 54, in apport_excepthook
    if not enabled():
TypeError: 'NoneType' object is not callable

Original exception was:
Traceback (most recent call last):
  File "/tmp/a921e6edcfd156f69543", line 11, in <module>
    I_N_P_U_T = (wwwgooglecom80searchq20)
NameError: name 'wwwgooglecom80searchq20' is not defined
Segmentation fault (core dumped)
Error in sys.excepthook:
Traceback (most recent call last):
  File "/usr/lib/python2.7/dist-packages/apport_python_hook.py", line 54, in apport_excepthook
    if not enabled():
TypeError: 'NoneType' object is not callable

Original exception was:
Traceback (most recent call last):
  File "/tmp/29e290bd61c9a6253bb8", line 11, in <module>
    I_N_P_U_T = (httpwwwowasporg)
NameError: name 'httpwwwowasporg' is not defined
Segmentation fault (core dumped)
Error in sys.excepthook:
Traceback (most recent call last):
  File "/usr/lib/python2.7/dist-packages/apport_python_hook.py", line 54, in apport_excepthook
    if not enabled():
TypeError: 'NoneType' object is not callable

Original exception was:
Traceback (most recent call last):
  File "/tmp/87b1aff21be4265d0546", line 11, in <module>
    I_N_P_U_T = (cmdls)
NameError: name 'cmdls' is not defined
Segmentation fault (core dumped)
Error in sys.excepthook:
Traceback (most recent call last):
  File "/usr/lib/python2.7/dist-packages/apport_python_hook.py", line 54, in apport_excepthook
    if not enabled():
TypeError: 'NoneType' object is not callable

Original exception was:
Traceback (most recent call last):
  File "/tmp/9b843e3cfd0169895633", line 11, in <module>
    I_N_P_U_T = (cmdls)
NameError: name 'cmdls' is not defined
Segmentation fault (core dumped)
Error in sys.excepthook:
Traceback (most recent call last):
  File "/usr/lib/python2.7/dist-packages/apport_python_hook.py", line 54, in apport_excepthook
    if not enabled():
TypeError: 'NoneType' object is not callable

Original exception was:
Traceback (most recent call last):
  File "/tmp/56bc614d353147529f5a", line 11, in <module>
    I_N_P_U_T = (cmddir)
NameError: name 'cmddir' is not defined
Segmentation fault (core dumped)
Error in sys.excepthook:
Traceback (most recent call last):
  File "/usr/lib/python2.7/dist-packages/apport_python_hook.py", line 54, in apport_excepthook
    if not enabled():
TypeError: 'NoneType' object is not callable

Original exception was:
Traceback (most recent call last):
  File "/tmp/5a462547691ba547368d", line 11, in <module>
    I_N_P_U_T = (cmddir)
NameError: name 'cmddir' is not defined
Segmentation fault (core dumped)
  File "/tmp/d9fc2125d648da0c9faa", line 11
    I_N_P_U_T = (045pz4p)
                       ^
SyntaxError: invalid syntax
Error in sys.excepthook:
Traceback (most recent call last):
  File "/usr/lib/python2.7/dist-packages/apport_python_hook.py", line 54, in apport_excepthook
    if not enabled():
TypeError: 'NoneType' object is not callable

Original exception was:
Traceback (most recent call last):
  File "/tmp/b9622d504a4bab359c24", line 11, in <module>
    I_N_P_U_T = (code045pz4p)
NameError: name 'code045pz4p' is not defined
Segmentation fault (core dumped)
  File "/tmp/d5f79c275b5ddb8c02e2", line 11
    I_N_P_U_T = (scriptalert(1)script)
                                    ^
SyntaxError: invalid syntax
Segmentation fault (core dumped)
Segmentation fault (core dumped)
  File "/tmp/bfaa3695013d4c774526", line 11
    I_N_P_U_T = ())
                  ^
SyntaxError: invalid syntax
  File "/tmp/21b289e6a49dda045ad6", line 12
    if I_N_P_U_T == list(F_L_A_G): print I_N_P_U_T
                                 ^
SyntaxError: invalid syntax
Segmentation fault (core dumped)
Error in sys.excepthook:
Traceback (most recent call last):
  File "/usr/lib/python2.7/dist-packages/apport_python_hook.py", line 54, in apport_excepthook
    if not enabled():
TypeError: 'NoneType' object is not callable

Original exception was:
Traceback (most recent call last):
  File "/tmp/58308a3496297431eb69", line 11, in <module>
    I_N_P_U_T = (select)
NameError: name 'select' is not defined
Segmentation fault (core dumped)
Error in sys.excepthook:
Traceback (most recent call last):
  File "/usr/lib/python2.7/dist-packages/apport_python_hook.py", line 54, in apport_excepthook
    if not enabled():
TypeError: 'NoneType' object is not callable

Original exception was:
Traceback (most recent call last):
  File "/tmp/cd5c217317f99668a6bd", line 11, in <module>
    I_N_P_U_T = (select)
NameError: name 'select' is not defined
Segmentation fault (core dumped)
Error in sys.excepthook:
Traceback (most recent call last):
  File "/usr/lib/python2.7/dist-packages/apport_python_hook.py", line 54, in apport_excepthook
    if not enabled():
TypeError: 'NoneType' object is not callable

Original exception was:
Traceback (most recent call last):
  File "/tmp/ab058231c1ad4e4486d0", line 11, in <module>
    I_N_P_U_T = (select)
NameError: name 'select' is not defined
Segmentation fault (core dumped)
  File "/tmp/8ea05be44e59757ac671", line 11
    I_N_P_U_T = ()select)
                       ^
SyntaxError: invalid syntax
  File "/tmp/0d4cf4f02609ef46e4d6", line 11
    I_N_P_U_T = ()select)
                       ^
SyntaxError: invalid syntax
Segmentation fault (core dumped)
Error in sys.excepthook:
Traceback (most recent call last):
  File "/usr/lib/python2.7/dist-packages/apport_python_hook.py", line 54, in apport_excepthook
    if not enabled():
TypeError: 'NoneType' object is not callable

Original exception was:
Traceback (most recent call last):
  File "/tmp/6830a2e3cb8cbeb8c515", line 11, in <module>
    I_N_P_U_T = (etcookieamper389512797813793138)
NameError: name 'etcookieamper389512797813793138' is not defined
Segmentation fault (core dumped)
Error in sys.excepthook:
Traceback (most recent call last):
  File "/usr/lib/python2.7/dist-packages/apport_python_hook.py", line 54, in apport_excepthook
    if not enabled():
TypeError: 'NoneType' object is not callable

Original exception was:
Traceback (most recent call last):
  File "/tmp/05741b2c9c413f35d127", line 11, in <module>
    I_N_P_U_T = (anyetcookieamper389512797813793138)
NameError: name 'anyetcookieamper389512797813793138' is not defined
Segmentation fault (core dumped)
Error in sys.excepthook:
Traceback (most recent call last):
  File "/usr/lib/python2.7/dist-packages/apport_python_hook.py", line 54, in apport_excepthook
    if not enabled():
TypeError: 'NoneType' object is not callable

Original exception was:
Traceback (most recent call last):
  File "/tmp/88f18bcb7b8bed79597f", line 11, in <module>
    I_N_P_U_T = (anyetcookieamper389512797813793138)
NameError: name 'anyetcookieamper389512797813793138' is not defined
Segmentation fault (core dumped)
Error in sys.excepthook:
Traceback (most recent call last):
  File "/usr/lib/python2.7/dist-packages/apport_python_hook.py", line 54, in apport_excepthook
    if not enabled():
TypeError: 'NoneType' object is not callable

Original exception was:
Traceback (most recent call last):
  File "/tmp/e851861d8f58e146bccf", line 11, in <module>
    I_N_P_U_T = (anyetcookieamper389512797813793138)
NameError: name 'anyetcookieamper389512797813793138' is not defined
Segmentation fault (core dumped)
Error in sys.excepthook:
Traceback (most recent call last):
  File "/usr/lib/python2.7/dist-packages/apport_python_hook.py", line 54, in apport_excepthook
    if not enabled():
TypeError: 'NoneType' object is not callable

Original exception was:
Traceback (most recent call last):
  File "/tmp/42abe03f8181e48f42a0", line 11, in <module>
    I_N_P_U_T = (anyetcookieamper389512797813793138)
NameError: name 'anyetcookieamper389512797813793138' is not defined
Segmentation fault (core dumped)
Error in sys.excepthook:
Traceback (most recent call last):
  File "/usr/lib/python2.7/dist-packages/apport_python_hook.py", line 54, in apport_excepthook
    if not enabled():
TypeError: 'NoneType' object is not callable

Original exception was:
Traceback (most recent call last):
  File "/tmp/83e0879400447a3d0d61", line 11, in <module>
    I_N_P_U_T = (anyetcookieamper389512797813793138)
NameError: name 'anyetcookieamper389512797813793138' is not defined
Segmentation fault (core dumped)
Error in sys.excepthook:
Traceback (most recent call last):
  File "/usr/lib/python2.7/dist-packages/apport_python_hook.py", line 54, in apport_excepthook
    if not enabled():
TypeError: 'NoneType' object is not callable

Original exception was:
Traceback (most recent call last):
  File "/tmp/ba36a5034e37edf3d737", line 11, in <module>
    I_N_P_U_T = (anyetcookieamper389512797813793138)
NameError: name 'anyetcookieamper389512797813793138' is not defined
Segmentation fault (core dumped)
Segmentation fault (core dumped)
Segmentation fault (core dumped)
Segmentation fault (core dumped)
Segmentation fault (core dumped)
Segmentation fault (core dumped)
Segmentation fault (core dumped)
Segmentation fault (core dumped)
Segmentation fault (core dumped)
Segmentation fault (core dumped)
Error in sys.excepthook:
Traceback (most recent call last):
  File "/usr/lib/python2.7/dist-packages/apport_python_hook.py", line 54, in apport_excepthook
    if not enabled():
TypeError: 'NoneType' object is not callable

Original exception was:
Traceback (most recent call last):
  File "/tmp/f523064c86b22d6c473a", line 11, in <module>
    I_N_P_U_T = (a)
NameError: name 'a' is not defined
Segmentation fault (core dumped)
Error in sys.excepthook:
Traceback (most recent call last):
  File "/usr/lib/python2.7/dist-packages/apport_python_hook.py", line 54, in apport_excepthook
    if not enabled():
TypeError: 'NoneType' object is not callable

Original exception was:
Traceback (most recent call last):
  File "/tmp/9c981e301b1b7d880350", line 11, in <module>
    I_N_P_U_T = (acodetoto)
NameError: name 'acodetoto' is not defined
Segmentation fault (core dumped)
Segmentation fault (core dumped)
Error in sys.excepthook:
Traceback (most recent call last):
  File "/usr/lib/python2.7/dist-packages/apport_python_hook.py", line 54, in apport_excepthook
    if not enabled():
TypeError: 'NoneType' object is not callable

Original exception was:
Traceback (most recent call last):
  File "/tmp/6941e9c92a91d183337d", line 11, in <module>
    I_N_P_U_T = (x45)
NameError: name 'x45' is not defined
Segmentation fault (core dumped)
Segmentation fault (core dumped)
Error in sys.excepthook:
Traceback (most recent call last):
  File "/usr/lib/python2.7/dist-packages/apport_python_hook.py", line 54, in apport_excepthook
    if not enabled():
TypeError: 'NoneType' object is not callable

Original exception was:
Traceback (most recent call last):
  File "/tmp/7bc531de3b4b20e4a8c7", line 11, in <module>
    I_N_P_U_T = (argv[0])
NameError: name 'argv' is not defined
Segmentation fault (core dumped)
Error in sys.excepthook:
Traceback (most recent call last):
  File "/usr/lib/python2.7/dist-packages/apport_python_hook.py", line 54, in apport_excepthook
    if not enabled():
TypeError: 'NoneType' object is not callable

Original exception was:
Traceback (most recent call last):
  File "/tmp/003a15d003416d21a598", line 11, in <module>
    I_N_P_U_T = (argv[1])
NameError: name 'argv' is not defined
Segmentation fault (core dumped)
Error in sys.excepthook:
Traceback (most recent call last):
  File "/usr/lib/python2.7/dist-packages/apport_python_hook.py", line 54, in apport_excepthook
    if not enabled():
TypeError: 'NoneType' object is not callable

Original exception was:
Traceback (most recent call last):
  File "/tmp/a39b7ce47e0d881188e9", line 11, in <module>
    I_N_P_U_T = (input())
TypeError: 'NoneType' object is not callable
Segmentation fault (core dumped)
Error in sys.excepthook:
Traceback (most recent call last):
  File "/usr/lib/python2.7/dist-packages/apport_python_hook.py", line 54, in apport_excepthook
    if not enabled():
TypeError: 'NoneType' object is not callable

Original exception was:
Traceback (most recent call last):
  File "/tmp/808609796b56645d43a5", line 11, in <module>
    I_N_P_U_T = (rawinput())
NameError: name 'rawinput' is not defined
Segmentation fault (core dumped)
Segmentation fault (core dumped)
Segmentation fault (core dumped)
Segmentation fault (core dumped)
Segmentation fault (core dumped)
Error in sys.excepthook:
Traceback (most recent call last):
  File "/usr/lib/python2.7/dist-packages/apport_python_hook.py", line 54, in apport_excepthook
    if not enabled():
TypeError: 'NoneType' object is not callable

Original exception was:
Traceback (most recent call last):
  File "/tmp/4a7763fd4d6468b428e1", line 11, in <module>
    I_N_P_U_T = (list(abc))
NameError: name 'abc' is not defined
Segmentation fault (core dumped)
  File "/tmp/71ae5d039d9ffd88eb8e", line 11
    I_N_P_U_T = (open(flagr)read())
                               ^
SyntaxError: invalid syntax
  File "/tmp/129a004c04dc6c9e3705", line 11
    I_N_P_U_T = (open(flagr)read())
                               ^
SyntaxError: invalid syntax
Error in sys.excepthook:
Traceback (most recent call last):
  File "/usr/lib/python2.7/dist-packages/apport_python_hook.py", line 54, in apport_excepthook
    if not enabled():
TypeError: 'NoneType' object is not callable

Original exception was:
Traceback (most recent call last):
  File "/tmp/8a2abf56e319ab406357", line 11, in <module>
    I_N_P_U_T = (flag)
NameError: name 'flag' is not defined
Segmentation fault (core dumped)
Segmentation fault (core dumped)
Error in sys.excepthook:
Traceback (most recent call last):
  File "/usr/lib/python2.7/dist-packages/apport_python_hook.py", line 54, in apport_excepthook
    if not enabled():
TypeError: 'NoneType' object is not callable

Original exception was:
Traceback (most recent call last):
  File "/tmp/439812a65a417965f5b2", line 11, in <module>
    I_N_P_U_T = (flag)
NameError: name 'flag' is not defined
Segmentation fault (core dumped)
Error in sys.excepthook:
Traceback (most recent call last):
  File "/usr/lib/python2.7/dist-packages/apport_python_hook.py", line 54, in apport_excepthook
    if not enabled():
TypeError: 'NoneType' object is not callable

Original exception was:
Traceback (most recent call last):
  File "/tmp/5d7b0ce144874d8dbae0", line 11, in <module>
    I_N_P_U_T = (xyzbc)
NameError: name 'xyzbc' is not defined
Segmentation fault (core dumped)
Segmentation fault (core dumped)
Error in sys.excepthook:
Traceback (most recent call last):
  File "/usr/lib/python2.7/dist-packages/apport_python_hook.py", line 54, in apport_excepthook
    if not enabled():
TypeError: 'NoneType' object is not callable

Original exception was:
Traceback (most recent call last):
  File "/tmp/042b5cf74dbdc349e964", line 11, in <module>
    I_N_P_U_T = (eval())
TypeError: 'NoneType' object is not callable
Segmentation fault (core dumped)
Segmentation fault (core dumped)
Error in sys.excepthook:
Traceback (most recent call last):
  File "/usr/lib/python2.7/dist-packages/apport_python_hook.py", line 54, in apport_excepthook
    if not enabled():
TypeError: 'NoneType' object is not callable

Original exception was:
Traceback (most recent call last):
  File "/tmp/d49b4961054148025538", line 11, in <module>
    I_N_P_U_T = (open())
TypeError: Required argument 'name' (pos 1) not found
Segmentation fault (core dumped)
Error in sys.excepthook:
Traceback (most recent call last):
  File "/usr/lib/python2.7/dist-packages/apport_python_hook.py", line 54, in apport_excepthook
    if not enabled():
TypeError: 'NoneType' object is not callable

Original exception was:
Traceback (most recent call last):
  File "/tmp/f6b1d9d58c6bf6a6b0ca", line 11, in <module>
    I_N_P_U_T = (read())
NameError: name 'read' is not defined
Segmentation fault (core dumped)
Segmentation fault (core dumped)
Error in sys.excepthook:
Traceback (most recent call last):
  File "/usr/lib/python2.7/dist-packages/apport_python_hook.py", line 54, in apport_excepthook
    if not enabled():
TypeError: 'NoneType' object is not callable

Original exception was:
Traceback (most recent call last):
  File "/tmp/f1986d83ba43ac35adba", line 11, in <module>
    I_N_P_U_T = (read())
NameError: name 'read' is not defined
Segmentation fault (core dumped)
Error in sys.excepthook:
Traceback (most recent call last):
  File "/usr/lib/python2.7/dist-packages/apport_python_hook.py", line 54, in apport_excepthook
    if not enabled():
TypeError: 'NoneType' object is not callable

Original exception was:
Traceback (most recent call last):
  File "/tmp/48b7cba6b6df1aa81411", line 11, in <module>
    I_N_P_U_T = (none)
NameError: name 'none' is not defined
Segmentation fault (core dumped)
Error in sys.excepthook:
Traceback (most recent call last):
  File "/usr/lib/python2.7/dist-packages/apport_python_hook.py", line 54, in apport_excepthook
    if not enabled():
TypeError: 'NoneType' object is not callable

Original exception was:
Traceback (most recent call last):
  File "/tmp/c1fe5e6e03dd75b850b3", line 11, in <module>
    I_N_P_U_T = (read())
NameError: name 'read' is not defined
Segmentation fault (core dumped)
Segmentation fault (core dumped)
Segmentation fault (core dumped)
Error in sys.excepthook:
Traceback (most recent call last):
  File "/usr/lib/python2.7/dist-packages/apport_python_hook.py", line 54, in apport_excepthook
    if not enabled():
TypeError: 'NoneType' object is not callable

Original exception was:
Traceback (most recent call last):
  File "/tmp/f32f3bded8dd7fd7a103", line 11, in <module>
    I_N_P_U_T = ((l))
NameError: name 'l' is not defined
Segmentation fault (core dumped)
Error in sys.excepthook:
Traceback (most recent call last):
  File "/usr/lib/python2.7/dist-packages/apport_python_hook.py", line 54, in apport_excepthook
    if not enabled():
TypeError: 'NoneType' object is not callable

Original exception was:
Traceback (most recent call last):
  File "/tmp/dee0a5e18c6723f4a36b", line 11, in <module>
    I_N_P_U_T = ((ab))
NameError: name 'ab' is not defined
Segmentation fault (core dumped)
Error in sys.excepthook:
Traceback (most recent call last):
  File "/usr/lib/python2.7/dist-packages/apport_python_hook.py", line 54, in apport_excepthook
    if not enabled():
TypeError: 'NoneType' object is not callable

Original exception was:
Traceback (most recent call last):
  File "/tmp/ce1663edc8e7e450a1a7", line 11, in <module>
    I_N_P_U_T = ((fab))
NameError: name 'fab' is not defined
Segmentation fault (core dumped)
Error in sys.excepthook:
Traceback (most recent call last):
  File "/usr/lib/python2.7/dist-packages/apport_python_hook.py", line 54, in apport_excepthook
    if not enabled():
TypeError: 'NoneType' object is not callable

Original exception was:
Traceback (most recent call last):
  File "/tmp/700fc9d36e18caf89b41", line 11, in <module>
    I_N_P_U_T = ((flab))
NameError: name 'flab' is not defined
Segmentation fault (core dumped)
Error in sys.excepthook:
Traceback (most recent call last):
  File "/usr/lib/python2.7/dist-packages/apport_python_hook.py", line 54, in apport_excepthook
    if not enabled():
TypeError: 'NoneType' object is not callable

Original exception was:
Traceback (most recent call last):
  File "/tmp/cf37cf9ef714680e99c2", line 11, in <module>
    I_N_P_U_T = ((flaflaggb))
NameError: name 'flaflaggb' is not defined
Segmentation fault (core dumped)
Error in sys.excepthook:
Traceback (most recent call last):
  File "/usr/lib/python2.7/dist-packages/apport_python_hook.py", line 54, in apport_excepthook
    if not enabled():
TypeError: 'NoneType' object is not callable

Original exception was:
Traceback (most recent call last):
  File "/tmp/ee9e62e360872bb2c129", line 11, in <module>
    I_N_P_U_T = ((flaggb))
NameError: name 'flaggb' is not defined
Segmentation fault (core dumped)
  File "/tmp/e56ca671ca3ac36d0b12", line 12
    if I_N_P_U_T == list(F_L_A_G): print I_N_P_U_T
                                 ^
SyntaxError: invalid syntax
Error in sys.excepthook:
Traceback (most recent call last):
  File "/usr/lib/python2.7/dist-packages/apport_python_hook.py", line 54, in apport_excepthook
    if not enabled():
TypeError: 'NoneType' object is not callable

Original exception was:
Traceback (most recent call last):
  File "/tmp/19292d47c1942e5e29ef", line 11, in <module>
    I_N_P_U_T = ((flag))
NameError: name 'flag' is not defined
Segmentation fault (core dumped)
Segmentation fault (core dumped)
Segmentation fault (core dumped)
Segmentation fault (core dumped)
Error in sys.excepthook:
Traceback (most recent call last):
  File "/usr/lib/python2.7/dist-packages/apport_python_hook.py", line 54, in apport_excepthook
    if not enabled():
TypeError: 'NoneType' object is not callable

Original exception was:
Traceback (most recent call last):
  File "/tmp/4d470ce59041b3cd568c", line 11, in <module>
    I_N_P_U_T = ((xxx))
NameError: name 'xxx' is not defined
Segmentation fault (core dumped)
Segmentation fault (core dumped)
Segmentation fault (core dumped)
Error in sys.excepthook:
Traceback (most recent call last):
  File "/usr/lib/python2.7/dist-packages/apport_python_hook.py", line 54, in apport_excepthook
    if not enabled():
TypeError: 'NoneType' object is not callable

Original exception was:
Traceback (most recent call last):
  File "/tmp/e0bdc44ec10bc32ae174", line 11, in <module>
    I_N_P_U_T = (eval(chr(65)))
TypeError: 'NoneType' object is not callable
Segmentation fault (core dumped)
Segmentation fault (core dumped)
Segmentation fault (core dumped)
Segmentation fault (core dumped)
Segmentation fault (core dumped)
Error in sys.excepthook:
Traceback (most recent call last):
  File "/usr/lib/python2.7/dist-packages/apport_python_hook.py", line 54, in apport_excepthook
    if not enabled():
TypeError: 'NoneType' object is not callable

Original exception was:
Traceback (most recent call last):
  File "/tmp/3a87da792c718ab33f53", line 11, in <module>
    I_N_P_U_T = (abcdddf)
NameError: name 'abcdddf' is not defined
Segmentation fault (core dumped)
Error in sys.excepthook:
Traceback (most recent call last):
  File "/usr/lib/python2.7/dist-packages/apport_python_hook.py", line 54, in apport_excepthook
    if not enabled():
TypeError: 'NoneType' object is not callable

Original exception was:
Traceback (most recent call last):
  File "/tmp/58d590cc2cde299627b2", line 11, in <module>
    I_N_P_U_T = (thisisaflag)
NameError: name 'thisisaflag' is not defined
Segmentation fault (core dumped)
Error in sys.excepthook:
Traceback (most recent call last):
  File "/usr/lib/python2.7/dist-packages/apport_python_hook.py", line 54, in apport_excepthook
    if not enabled():
TypeError: 'NoneType' object is not callable

Original exception was:
Traceback (most recent call last):
  File "/tmp/6ae92617dd5c8df5be5a", line 11, in <module>
    I_N_P_U_T = (ab)
NameError: name 'ab' is not defined
Segmentation fault (core dumped)
Error in sys.excepthook:
Traceback (most recent call last):
  File "/usr/lib/python2.7/dist-packages/apport_python_hook.py", line 54, in apport_excepthook
    if not enabled():
TypeError: 'NoneType' object is not callable

Original exception was:
Traceback (most recent call last):
  File "/tmp/fe71969ae384249c0b4a", line 11, in <module>
    I_N_P_U_T = ([adfd]())
NameError: name 'adfd' is not defined
Segmentation fault (core dumped)
  File "/tmp/aae6f61ee10b3362ba64", line 11
    I_N_P_U_T = ([]az)
                    ^
SyntaxError: invalid syntax
Segmentation fault (core dumped)
Error in sys.excepthook:
Traceback (most recent call last):
  File "/usr/lib/python2.7/dist-packages/apport_python_hook.py", line 54, in apport_excepthook
    if not enabled():
TypeError: 'NoneType' object is not callable

Original exception was:
Traceback (most recent call last):
  File "/tmp/a90caebddc5f7075869c", line 11, in <module>
    I_N_P_U_T = (list(globals()[list(iter(globals()))[1]]))
TypeError: 'NoneType' object is not iterable
Segmentation fault (core dumped)
Error in sys.excepthook:
Traceback (most recent call last):
  File "/usr/lib/python2.7/dist-packages/apport_python_hook.py", line 54, in apport_excepthook
    if not enabled():
TypeError: 'NoneType' object is not callable

Original exception was:
Traceback (most recent call last):
  File "/tmp/0749fde9e5d8ab0340bf", line 11, in <module>
    I_N_P_U_T = (list(globals()[list(iter(globals()))[0]]))
TypeError: 'module' object is not iterable
Segmentation fault (core dumped)
Error in sys.excepthook:
Traceback (most recent call last):
  File "/usr/lib/python2.7/dist-packages/apport_python_hook.py", line 54, in apport_excepthook
    if not enabled():
TypeError: 'NoneType' object is not callable

Original exception was:
Traceback (most recent call last):
  File "/tmp/36d4b37b3ea5c1b0134d", line 11, in <module>
    I_N_P_U_T = (list(globals()[list(iter(globals()))[2]]))
TypeError: 'NoneType' object is not iterable
Segmentation fault (core dumped)
Segmentation fault (core dumped)
Error in sys.excepthook:
Traceback (most recent call last):
  File "/usr/lib/python2.7/dist-packages/apport_python_hook.py", line 54, in apport_excepthook
    if not enabled():
TypeError: 'NoneType' object is not callable

Original exception was:
Traceback (most recent call last):
  File "/tmp/49c8b1f833149f17a99a", line 11, in <module>
    I_N_P_U_T = (abc)
NameError: name 'abc' is not defined
Segmentation fault (core dumped)
Segmentation fault (core dumped)
Error in sys.excepthook:
Traceback (most recent call last):
  File "/usr/lib/python2.7/dist-packages/apport_python_hook.py", line 54, in apport_excepthook
    if not enabled():
TypeError: 'NoneType' object is not callable

Original exception was:
Traceback (most recent call last):
  File "/tmp/48d99a0934e42e2c3e0f", line 11, in <module>
    I_N_P_U_T = (list(globals()[list(iter(globals()))[1]]))
TypeError: 'NoneType' object is not iterable
Segmentation fault (core dumped)
Segmentation fault (core dumped)
Error in sys.excepthook:
Traceback (most recent call last):
  File "/usr/lib/python2.7/dist-packages/apport_python_hook.py", line 54, in apport_excepthook
    if not enabled():
TypeError: 'NoneType' object is not callable

Original exception was:
Traceback (most recent call last):
  File "/tmp/8b04ce1ceb96d664715b", line 11, in <module>
    I_N_P_U_T = (list(globals()[list(iter(globals()))[6]]))
TypeError: 'NoneType' object is not iterable
Segmentation fault (core dumped)
Error in sys.excepthook:
Traceback (most recent call last):
  File "/usr/lib/python2.7/dist-packages/apport_python_hook.py", line 54, in apport_excepthook
    if not enabled():
TypeError: 'NoneType' object is not callable

Original exception was:
Traceback (most recent call last):
  File "/tmp/04d19062a3d3fb289408", line 11, in <module>
    I_N_P_U_T = (list(globals()[list(iter(globals()))[7]]))
TypeError: 'NoneType' object is not iterable
Segmentation fault (core dumped)
Segmentation fault (core dumped)
Segmentation fault (core dumped)
Segmentation fault (core dumped)
Segmentation fault (core dumped)
Segmentation fault (core dumped)
Error in sys.excepthook:
Traceback (most recent call last):
  File "/usr/lib/python2.7/dist-packages/apport_python_hook.py", line 54, in apport_excepthook
    if not enabled():
TypeError: 'NoneType' object is not callable

Original exception was:
Traceback (most recent call last):
  File "/tmp/8aa2623e71fb3b8ca70c", line 11, in <module>
    I_N_P_U_T = (a102)
NameError: name 'a102' is not defined
Segmentation fault (core dumped)
Error in sys.excepthook:
Traceback (most recent call last):
  File "/usr/lib/python2.7/dist-packages/apport_python_hook.py", line 54, in apport_excepthook
    if not enabled():
TypeError: 'NoneType' object is not callable

Original exception was:
Traceback (most recent call last):
  File "/tmp/186eb0e479a3067f2fa4", line 11, in <module>
    I_N_P_U_T = (a102)
NameError: name 'a102' is not defined
Segmentation fault (core dumped)
Segmentation fault (core dumped)
Segmentation fault (core dumped)
Error in sys.excepthook:
Traceback (most recent call last):
  File "/usr/lib/python2.7/dist-packages/apport_python_hook.py", line 54, in apport_excepthook
    if not enabled():
TypeError: 'NoneType' object is not callable

Original exception was:
Traceback (most recent call last):
  File "/tmp/4c530140ab98090d5dae", line 11, in <module>
    I_N_P_U_T = (exec12)
NameError: name 'exec12' is not defined
Segmentation fault (core dumped)
Segmentation fault (core dumped)
Error in sys.excepthook:
Traceback (most recent call last):
  File "/usr/lib/python2.7/dist-packages/apport_python_hook.py", line 54, in apport_excepthook
    if not enabled():
TypeError: 'NoneType' object is not callable

Original exception was:
Traceback (most recent call last):
  File "/tmp/bd54c8bed283a0f348e1", line 11, in <module>
    I_N_P_U_T = (execxrange(255))
NameError: name 'execxrange' is not defined
Segmentation fault (core dumped)
Segmentation fault (core dumped)
Error in sys.excepthook:
Traceback (most recent call last):
  File "/usr/lib/python2.7/dist-packages/apport_python_hook.py", line 54, in apport_excepthook
    if not enabled():
TypeError: 'NoneType' object is not callable

Original exception was:
Traceback (most recent call last):
  File "/tmp/a5bc047dff5780d93b06", line 11, in <module>
    I_N_P_U_T = (admin)
NameError: name 'admin' is not defined
Segmentation fault (core dumped)
  File "/tmp/2d3aa1363855f95edb60", line 11
    I_N_P_U_T = (globals()[])
                           ^
SyntaxError: invalid syntax
  File "/tmp/a99d2c13b65b65b63fcd", line 11
    I_N_P_U_T = (3)list())
                      ^
SyntaxError: invalid syntax
  File "/tmp/d836c5b4a96a12d9fd8f", line 11
    I_N_P_U_T = (3)list())
                      ^
SyntaxError: invalid syntax
Error in sys.excepthook:
Traceback (most recent call last):
  File "/usr/lib/python2.7/dist-packages/apport_python_hook.py", line 54, in apport_excepthook
    if not enabled():
TypeError: 'NoneType' object is not callable

Original exception was:
Traceback (most recent call last):
  File "/tmp/c9aca9094b3968f69e00", line 11, in <module>
    I_N_P_U_T = (rfrfr)
NameError: name 'rfrfr' is not defined
Segmentation fault (core dumped)
  File "/tmp/1decc0291ba699873cf0", line 11
    I_N_P_U_T = (list(globals()[]))
                                ^
SyntaxError: invalid syntax
Segmentation fault (core dumped)
Error in sys.excepthook:
Traceback (most recent call last):
  File "/usr/lib/python2.7/dist-packages/apport_python_hook.py", line 54, in apport_excepthook
    if not enabled():
TypeError: 'NoneType' object is not callable

Original exception was:
Traceback (most recent call last):
  File "/tmp/cfd20c72f3377005ed55", line 11, in <module>
    I_N_P_U_T = (locals()[0])
KeyError: 0
Segmentation fault (core dumped)
  File "/tmp/b418c9a6587686fcee42", line 11
    I_N_P_U_T = (exec(locals()[0]))
                    ^
SyntaxError: invalid syntax
  File "/tmp/3125037f74218673434c", line 11
    I_N_P_U_T = (3)list())
                      ^
SyntaxError: invalid syntax
  File "/tmp/ee4372dfd17f867b6df0", line 11
    I_N_P_U_T = (list(globals()[]))
                                ^
SyntaxError: invalid syntax
Error in sys.excepthook:
Traceback (most recent call last):
  File "/usr/lib/python2.7/dist-packages/apport_python_hook.py", line 54, in apport_excepthook
    if not enabled():
TypeError: 'NoneType' object is not callable

Original exception was:
Traceback (most recent call last):
  File "/tmp/1b150ae7ef45dbc3f07d", line 11, in <module>
    I_N_P_U_T = (locals()[0])
KeyError: 0
Segmentation fault (core dumped)
Error in sys.excepthook:
Traceback (most recent call last):
  File "/usr/lib/python2.7/dist-packages/apport_python_hook.py", line 54, in apport_excepthook
    if not enabled():
TypeError: 'NoneType' object is not callable

Original exception was:
Traceback (most recent call last):
  File "/tmp/1b249524da1984ef6297", line 11, in <module>
    I_N_P_U_T = (rfrfr)
NameError: name 'rfrfr' is not defined
Segmentation fault (core dumped)
Segmentation fault (core dumped)
  File "/tmp/c1d0de62700c6af538d3", line 11
    I_N_P_U_T = (3)list())
                      ^
SyntaxError: invalid syntax
Segmentation fault (core dumped)
Error in sys.excepthook:
Traceback (most recent call last):
  File "/usr/lib/python2.7/dist-packages/apport_python_hook.py", line 54, in apport_excepthook
    if not enabled():
TypeError: 'NoneType' object is not callable

Original exception was:
Traceback (most recent call last):
  File "/tmp/3ba9d5e93f94d96baf2d", line 11, in <module>
    I_N_P_U_T = (open(flagr))
NameError: name 'flagr' is not defined
Segmentation fault (core dumped)
Error in sys.excepthook:
Traceback (most recent call last):
  File "/usr/lib/python2.7/dist-packages/apport_python_hook.py", line 54, in apport_excepthook
    if not enabled():
TypeError: 'NoneType' object is not callable

Original exception was:
Traceback (most recent call last):
  File "/tmp/69d12a316c4def90256b", line 11, in <module>
    I_N_P_U_T = (open(flagr))
NameError: name 'flagr' is not defined
Segmentation fault (core dumped)
  File "/tmp/2f7bc8e8390f662adeec", line 11
    I_N_P_U_T = (list(globals()[globals()keys()[4]]))
                                            ^
SyntaxError: invalid syntax
  File "/tmp/3083e4dd72f3dc42cebf", line 11
    I_N_P_U_T = (list(globals()[globals()keys()[8]]))
                                            ^
SyntaxError: invalid syntax
  File "/tmp/90ce91c99f9ef9a8aa2e", line 11
    I_N_P_U_T = (list(globals()[globals()keys()[8]]))
                                            ^
SyntaxError: invalid syntax
Error in sys.excepthook:
Traceback (most recent call last):
  File "/usr/lib/python2.7/dist-packages/apport_python_hook.py", line 54, in apport_excepthook
    if not enabled():
TypeError: 'NoneType' object is not callable

Original exception was:
Traceback (most recent call last):
  File "/tmp/b1eab16f1cde4f678d9e", line 11, in <module>
    I_N_P_U_T = (list(globals()[list(globals())[4]]))
TypeError: 'NoneType' object is not iterable
Segmentation fault (core dumped)
Segmentation fault (core dumped)
Segmentation fault (core dumped)
Error in sys.excepthook:
Traceback (most recent call last):
  File "/usr/lib/python2.7/dist-packages/apport_python_hook.py", line 54, in apport_excepthook
    if not enabled():
TypeError: 'NoneType' object is not callable

Original exception was:
Traceback (most recent call last):
  File "/tmp/824037dd0cea8b8fe385", line 11, in <module>
    I_N_P_U_T = (printlist())
NameError: name 'printlist' is not defined
Segmentation fault (core dumped)
  File "/tmp/6a12edd486e45eafcee0", line 11
    I_N_P_U_T = (3)list())
                      ^
SyntaxError: invalid syntax
Segmentation fault (core dumped)
Segmentation fault (core dumped)
Segmentation fault (core dumped)
Segmentation fault (core dumped)
Segmentation fault (core dumped)
Segmentation fault (core dumped)
Error in sys.excepthook:
Traceback (most recent call last):
  File "/usr/lib/python2.7/dist-packages/apport_python_hook.py", line 54, in apport_excepthook
    if not enabled():
TypeError: 'NoneType' object is not callable

Original exception was:
Traceback (most recent call last):
  File "/tmp/d572b5f74bd76915875b", line 11, in <module>
    I_N_P_U_T = (a)
NameError: name 'a' is not defined
Segmentation fault (core dumped)
  File "/tmp/2436f72e20869e05fdba", line 11
    I_N_P_U_T = (list(open(flagr)read()))
                                    ^
SyntaxError: invalid syntax
  File "/tmp/d6314046faf07236a9e3", line 11
    I_N_P_U_T = (list(open(flagr)read()))
                                    ^
SyntaxError: invalid syntax
  File "/tmp/9fe229dfe715adce163a", line 11
    I_N_P_U_T = (list(open(flagr)read()))
                                    ^
SyntaxError: invalid syntax
Segmentation fault (core dumped)
  File "/tmp/624fb44dfb08ca991880", line 11
    I_N_P_U_T = ()printok()
                        ^
SyntaxError: invalid syntax
  File "/tmp/b32ff33ae6f80a10df76", line 11
    I_N_P_U_T = ())
                  ^
SyntaxError: invalid syntax
Error in sys.excepthook:
Traceback (most recent call last):
  File "/usr/lib/python2.7/dist-packages/apport_python_hook.py", line 54, in apport_excepthook
    if not enabled():
TypeError: 'NoneType' object is not callable

Original exception was:
Traceback (most recent call last):
  File "/tmp/3a5d8988338da72ac3b7", line 11, in <module>
    I_N_P_U_T = (sada)
NameError: name 'sada' is not defined
Segmentation fault (core dumped)
Segmentation fault (core dumped)
Segmentation fault (core dumped)
Segmentation fault (core dumped)
Segmentation fault (core dumped)
Segmentation fault (core dumped)
Segmentation fault (core dumped)
Segmentation fault (core dumped)
Error in sys.excepthook:
Traceback (most recent call last):
  File "/usr/lib/python2.7/dist-packages/apport_python_hook.py", line 54, in apport_excepthook
    if not enabled():
TypeError: 'NoneType' object is not callable

Original exception was:
Traceback (most recent call last):
  File "/tmp/fb3095a16743e8a1d42a", line 11, in <module>
    I_N_P_U_T = (list(vars()[list(vars())[0]]))
TypeError: 'module' object is not iterable
Segmentation fault (core dumped)
Error in sys.excepthook:
Traceback (most recent call last):
  File "/usr/lib/python2.7/dist-packages/apport_python_hook.py", line 54, in apport_excepthook
    if not enabled():
TypeError: 'NoneType' object is not callable

Original exception was:
Traceback (most recent call last):
  File "/tmp/7a18245b54dafedfdbc0", line 11, in <module>
    I_N_P_U_T = (list(vars()[list(vars())[1]]))
TypeError: 'NoneType' object is not iterable
Segmentation fault (core dumped)
Error in sys.excepthook:
Traceback (most recent call last):
  File "/usr/lib/python2.7/dist-packages/apport_python_hook.py", line 54, in apport_excepthook
    if not enabled():
TypeError: 'NoneType' object is not callable

Original exception was:
Traceback (most recent call last):
  File "/tmp/69fe548fbceff581e196", line 11, in <module>
    I_N_P_U_T = (list(vars()[list(vars())[2]]))
TypeError: 'NoneType' object is not iterable
Segmentation fault (core dumped)
Error in sys.excepthook:
Traceback (most recent call last):
  File "/usr/lib/python2.7/dist-packages/apport_python_hook.py", line 54, in apport_excepthook
    if not enabled():
TypeError: 'NoneType' object is not callable

Original exception was:
Traceback (most recent call last):
  File "/tmp/07464918e0057835b9dc", line 11, in <module>
    I_N_P_U_T = (list(vars()[list(vars())[3]]))
TypeError: 'NoneType' object is not iterable
Segmentation fault (core dumped)
Error in sys.excepthook:
Traceback (most recent call last):
  File "/usr/lib/python2.7/dist-packages/apport_python_hook.py", line 54, in apport_excepthook
    if not enabled():
TypeError: 'NoneType' object is not callable

Original exception was:
Traceback (most recent call last):
  File "/tmp/92cb6d73925f0c61b7b0", line 11, in <module>
    I_N_P_U_T = (list(vars()[list(vars())[4]]))
TypeError: 'NoneType' object is not iterable
Segmentation fault (core dumped)
Error in sys.excepthook:
Traceback (most recent call last):
  File "/usr/lib/python2.7/dist-packages/apport_python_hook.py", line 54, in apport_excepthook
    if not enabled():
TypeError: 'NoneType' object is not callable

Original exception was:
Traceback (most recent call last):
  File "/tmp/1c36ff68c055a0fc68dd", line 11, in <module>
    I_N_P_U_T = (list(vars()[list(vars())[5]]))
TypeError: 'NoneType' object is not iterable
Segmentation fault (core dumped)
Error in sys.excepthook:
Traceback (most recent call last):
  File "/usr/lib/python2.7/dist-packages/apport_python_hook.py", line 54, in apport_excepthook
    if not enabled():
TypeError: 'NoneType' object is not callable

Original exception was:
Traceback (most recent call last):
  File "/tmp/0097f50dbcf0427d47bb", line 11, in <module>
    I_N_P_U_T = (list(vars()[list(vars())[6]]))
TypeError: 'NoneType' object is not iterable
Segmentation fault (core dumped)
Error in sys.excepthook:
Traceback (most recent call last):
  File "/usr/lib/python2.7/dist-packages/apport_python_hook.py", line 54, in apport_excepthook
    if not enabled():
TypeError: 'NoneType' object is not callable

Original exception was:
Traceback (most recent call last):
  File "/tmp/d354276a6c34314de9d2", line 11, in <module>
    I_N_P_U_T = (list(vars()[list(vars())[7]]))
TypeError: 'NoneType' object is not iterable
Segmentation fault (core dumped)
Segmentation fault (core dumped)
Error in sys.excepthook:
Traceback (most recent call last):
  File "/usr/lib/python2.7/dist-packages/apport_python_hook.py", line 54, in apport_excepthook
    if not enabled():
TypeError: 'NoneType' object is not callable

Original exception was:
Traceback (most recent call last):
  File "/tmp/574f64ea68022208250b", line 11, in <module>
    I_N_P_U_T = (ddd)
NameError: name 'ddd' is not defined
Segmentation fault (core dumped)
Error in sys.excepthook:
Traceback (most recent call last):
  File "/usr/lib/python2.7/dist-packages/apport_python_hook.py", line 54, in apport_excepthook
    if not enabled():
TypeError: 'NoneType' object is not callable

Original exception was:
Traceback (most recent call last):
  File "/tmp/29e758201e9e3e01d69c", line 11, in <module>
    I_N_P_U_T = (null)
NameError: name 'null' is not defined
Segmentation fault (core dumped)
Segmentation fault (core dumped)
Segmentation fault (core dumped)
Error in sys.excepthook:
Traceback (most recent call last):
  File "/usr/lib/python2.7/dist-packages/apport_python_hook.py", line 54, in apport_excepthook
    if not enabled():
TypeError: 'NoneType' object is not callable

Original exception was:
Traceback (most recent call last):
  File "/tmp/6004f5d0fce49e178d09", line 11, in <module>
    I_N_P_U_T = (key)
NameError: name 'key' is not defined
Segmentation fault (core dumped)
Error in sys.excepthook:
Traceback (most recent call last):
  File "/usr/lib/python2.7/dist-packages/apport_python_hook.py", line 54, in apport_excepthook
    if not enabled():
TypeError: 'NoneType' object is not callable

Original exception was:
Traceback (most recent call last):
  File "/tmp/fafa9339dfbb236443a3", line 11, in <module>
    I_N_P_U_T = (bet)
NameError: name 'bet' is not defined
Segmentation fault (core dumped)
  File "/tmp/0554cbc9fb7c6510bd2c", line 11
    I_N_P_U_T = (0392)
                    ^
SyntaxError: invalid token
Error in sys.excepthook:
Traceback (most recent call last):
  File "/usr/lib/python2.7/dist-packages/apport_python_hook.py", line 54, in apport_excepthook
    if not enabled():
TypeError: 'NoneType' object is not callable

Original exception was:
Traceback (most recent call last):
  File "/tmp/e1633e445a8cbfd7e018", line 11, in <module>
    I_N_P_U_T = (iiiiiiiiiiiiiiiiiiiiiiiiiiiiiiiiiiiiiiiiiiiiiiiiii)
NameError: name 'iiiiiiiiiiiiiiiiiiiiiiiiiiiiiiiiiiiiiiiiiiiiiiiiii' is not defined
Segmentation fault (core dumped)
Segmentation fault (core dumped)
Segmentation fault (core dumped)
Segmentation fault (core dumped)
Segmentation fault (core dumped)
Segmentation fault (core dumped)
Segmentation fault (core dumped)
Segmentation fault (core dumped)
Segmentation fault (core dumped)
Segmentation fault (core dumped)
Segmentation fault (core dumped)
Segmentation fault (core dumped)
Segmentation fault (core dumped)
Segmentation fault (core dumped)
Segmentation fault (core dumped)
Segmentation fault (core dumped)
Segmentation fault (core dumped)
Segmentation fault (core dumped)
Error in sys.excepthook:
Traceback (most recent call last):
  File "/usr/lib/python2.7/dist-packages/apport_python_hook.py", line 54, in apport_excepthook
    if not enabled():
TypeError: 'NoneType' object is not callable

Original exception was:
Traceback (most recent call last):
  File "/tmp/192766f5ca4924c3ffb3", line 11, in <module>
    I_N_P_U_T = (foriinrange(056))
NameError: name 'foriinrange' is not defined
Segmentation fault (core dumped)
Error in sys.excepthook:
Traceback (most recent call last):
  File "/usr/lib/python2.7/dist-packages/apport_python_hook.py", line 54, in apport_excepthook
    if not enabled():
TypeError: 'NoneType' object is not callable

Original exception was:
Traceback (most recent call last):
  File "/tmp/cf44b98d64094f2f2801", line 11, in <module>
    I_N_P_U_T = ([chr(53)for(vars()[list(vars())[0]])in[1]])
TypeError: 'NoneType' object is not callable
Segmentation fault (core dumped)
Segmentation fault (core dumped)
Segmentation fault (core dumped)
Segmentation fault (core dumped)
Segmentation fault (core dumped)
Segmentation fault (core dumped)
Segmentation fault (core dumped)
Segmentation fault (core dumped)
Segmentation fault (core dumped)
Segmentation fault (core dumped)
Segmentation fault (core dumped)
Segmentation fault (core dumped)
Segmentation fault (core dumped)
Segmentation fault (core dumped)
Error in sys.excepthook:
Traceback (most recent call last):
  File "/usr/lib/python2.7/dist-packages/apport_python_hook.py", line 54, in apport_excepthook
    if not enabled():
TypeError: 'NoneType' object is not callable

Original exception was:
Traceback (most recent call last):
  File "/tmp/8cb259e0c39a9b9e768b", line 11, in <module>
    I_N_P_U_T = (fadfsdf)
NameError: name 'fadfsdf' is not defined
Segmentation fault (core dumped)
Error in sys.excepthook:
Traceback (most recent call last):
  File "/usr/lib/python2.7/dist-packages/apport_python_hook.py", line 54, in apport_excepthook
    if not enabled():
TypeError: 'NoneType' object is not callable

Original exception was:
Traceback (most recent call last):
  File "/tmp/8ad1bc06edc96f3f86f7", line 11, in <module>
    I_N_P_U_T = (fadfs)
NameError: name 'fadfs' is not defined
Segmentation fault (core dumped)
Segmentation fault (core dumped)
Segmentation fault (core dumped)
Error in sys.excepthook:
Traceback (most recent call last):
  File "/usr/lib/python2.7/dist-packages/apport_python_hook.py", line 54, in apport_excepthook
    if not enabled():
TypeError: 'NoneType' object is not callable

Original exception was:
Traceback (most recent call last):
  File "/tmp/3994059ec7ef5d65a83e", line 11, in <module>
    I_N_P_U_T = (list(vars()[list(vars())[10]]))
IndexError: list index out of range
Segmentation fault (core dumped)
Segmentation fault (core dumped)
Segmentation fault (core dumped)
Segmentation fault (core dumped)
Segmentation fault (core dumped)
Segmentation fault (core dumped)
Segmentation fault (core dumped)
Segmentation fault (core dumped)
Segmentation fault (core dumped)
Segmentation fault (core dumped)
Segmentation fault (core dumped)
Segmentation fault (core dumped)
Segmentation fault (core dumped)
Segmentation fault (core dumped)
Segmentation fault (core dumped)
Segmentation fault (core dumped)
  File "/tmp/4f54de70c2e0a5df9df7", line 11
    I_N_P_U_T = (vars()[lisa))[1]])
                            ^
SyntaxError: invalid syntax
Error in sys.excepthook:
Traceback (most recent call last):
  File "/usr/lib/python2.7/dist-packages/apport_python_hook.py", line 54, in apport_excepthook
    if not enabled():
TypeError: 'NoneType' object is not callable

Original exception was:
Traceback (most recent call last):
  File "/tmp/3f4d40754ebae7401a9a", line 11, in <module>
    I_N_P_U_T = (hhhbhbhbh)
NameError: name 'hhhbhbhbh' is not defined
Segmentation fault (core dumped)
Error in sys.excepthook:
Traceback (most recent call last):
  File "/usr/lib/python2.7/dist-packages/apport_python_hook.py", line 54, in apport_excepthook
    if not enabled():
TypeError: 'NoneType' object is not callable

Original exception was:
Traceback (most recent call last):
  File "/tmp/61181daf9a0ee6287492", line 11, in <module>
    I_N_P_U_T = (i3890trdklfsiefuy3890rjisdgkjlskldg)
NameError: name 'i3890trdklfsiefuy3890rjisdgkjlskldg' is not defined
Segmentation fault (core dumped)
Segmentation fault (core dumped)
Segmentation fault (core dumped)
Segmentation fault (core dumped)
Segmentation fault (core dumped)
Error in sys.excepthook:
Traceback (most recent call last):
  File "/usr/lib/python2.7/dist-packages/apport_python_hook.py", line 54, in apport_excepthook
    if not enabled():
TypeError: 'NoneType' object is not callable

Original exception was:
Traceback (most recent call last):
  File "/tmp/a26e890540203a7c4318", line 11, in <module>
    I_N_P_U_T = ([0for(vars()[list(vars())[10]])in[48]])
IndexError: list index out of range
Segmentation fault (core dumped)
Error in sys.excepthook:
Traceback (most recent call last):
  File "/usr/lib/python2.7/dist-packages/apport_python_hook.py", line 54, in apport_excepthook
    if not enabled():
TypeError: 'NoneType' object is not callable

Original exception was:
Traceback (most recent call last):
  File "/tmp/a909a890b4e2e73bd103", line 11, in <module>
    I_N_P_U_T = ([chr(48)for(vars()[list(vars())[10]])in[48]])
IndexError: list index out of range
Segmentation fault (core dumped)
  File "/tmp/ad06d95eddde76c0cb78", line 11
    I_N_P_U_T = (1printvars)
                          ^
SyntaxError: invalid syntax
Error in sys.excepthook:
Traceback (most recent call last):
  File "/usr/lib/python2.7/dist-packages/apport_python_hook.py", line 54, in apport_excepthook
    if not enabled():
TypeError: 'NoneType' object is not callable

Original exception was:
Traceback (most recent call last):
  File "/tmp/0bbb62ac0f367b50ae93", line 11, in <module>
    I_N_P_U_T = (list(list(vars())[9]))
IndexError: list index out of range
Segmentation fault (core dumped)
Segmentation fault (core dumped)
Error in sys.excepthook:
Traceback (most recent call last):
  File "/usr/lib/python2.7/dist-packages/apport_python_hook.py", line 54, in apport_excepthook
    if not enabled():
TypeError: 'NoneType' object is not callable

Original exception was:
Traceback (most recent call last):
  File "/tmp/30adde5ba631caf2d551", line 11, in <module>
    I_N_P_U_T = (list(vars()[list(vars())[10]]))
IndexError: list index out of range
Segmentation fault (core dumped)
Segmentation fault (core dumped)
Segmentation fault (core dumped)
  File "/tmp/adddbad56da346a8c978", line 11
    I_N_P_U_T = ((list(vars()[list(vars())[8])))
                                             ^
SyntaxError: invalid syntax
Segmentation fault (core dumped)
Segmentation fault (core dumped)
Segmentation fault (core dumped)
Segmentation fault (core dumped)
Segmentation fault (core dumped)
Segmentation fault (core dumped)
Error in sys.excepthook:
Traceback (most recent call last):
  File "/usr/lib/python2.7/dist-packages/apport_python_hook.py", line 54, in apport_excepthook
    if not enabled():
TypeError: 'NoneType' object is not callable

Original exception was:
Traceback (most recent call last):
  File "/tmp/ff8b7f1a4293cc472082", line 11, in <module>
    I_N_P_U_T = (list(vars))
TypeError: 'builtin_function_or_method' object is not iterable
Segmentation fault (core dumped)
Segmentation fault (core dumped)
Segmentation fault (core dumped)
Error in sys.excepthook:
Traceback (most recent call last):
  File "/usr/lib/python2.7/dist-packages/apport_python_hook.py", line 54, in apport_excepthook
    if not enabled():
TypeError: 'NoneType' object is not callable

Original exception was:
Traceback (most recent call last):
  File "/tmp/7e31be9aa371a012a97f", line 11, in <module>
    I_N_P_U_T = (list(vars()[list(vars())[9]]))
IndexError: list index out of range
Segmentation fault (core dumped)
Segmentation fault (core dumped)
Segmentation fault (core dumped)
Segmentation fault (core dumped)
Segmentation fault (core dumped)
Segmentation fault (core dumped)
  File "/tmp/4cdfc029666dc64a754c", line 11
    I_N_P_U_T = (lag[0x3004ez)
                            ^
SyntaxError: invalid syntax
  File "/tmp/01dbcf0e9a84a09d7ad9", line 11
    I_N_P_U_T = (exec(printaaaaaa))
                    ^
SyntaxError: invalid syntax
Segmentation fault (core dumped)
Segmentation fault (core dumped)
